[2017-11-01 14:51:50] [INFO] CMD_NGINX
[2017-11-01 14:51:51] [INFO] CMD_NGINX
[2017-11-01 14:51:51] [INFO] CMD_NGINX
[2017-11-01 14:51:51] [INFO] CMD_NGINX
[2017-11-01 14:51:52] [INFO] CMD_NGINX
[2017-11-01 14:51:52] [INFO] CMD_NGINX
[2017-11-01 14:51:52] [INFO] CMD_NGINX
[2017-11-01 14:51:53] [INFO] CMD_NGINX
[2017-11-01 14:51:54] [INFO] CMD_NGINX
[2017-11-01 14:51:54] [INFO] CMD_NGINX
[2017-11-01 14:52:45] [INFO] CMD_TAR_SYSTEMINFO
[2017-11-01 14:53:14] [INFO] CMD_NGINX
[2017-11-01 14:54:02] [INFO] CMD_TAR_SYSTEMINFO
[2017-11-01 14:56:24] [INFO] CMD_TAR_SYSTEMINFO
[2017-11-01 14:57:00] [INFO] CMD_TAR_SYSTEMINFO
[2017-11-01 15:00:00] [INFO] CMD_NGINX
[2017-11-01 15:00:07] [INFO] CMD_NGINX
[2017-11-01 15:01:00] [INFO] CMD_TAR_SYSTEMINFO
[2017-11-01 15:02:39] [INFO] CMD_NGINX
[2017-11-01 15:02:51] [INFO] CMD_NGINX
[2017-11-01 15:03:50] [INFO] CMD_NGINX
[2017-11-01 15:04:15] [INFO] CMD_NGINX
[2017-11-01 15:04:22] [INFO] CMD_TAR_SYSTEMINFO
[2017-11-01 15:09:14] [INFO] CMD_NGINX
[2017-11-01 15:11:59] [INFO] CMD_NGINX
[2017-11-01 15:12:16] [INFO] CMD_NGINX
[2017-11-01 15:12:19] [INFO] CMD_NGINX
[2017-11-01 15:12:24] [INFO] CMD_NGINX
[2017-11-01 15:12:28] [INFO] CMD_NGINX
[2017-11-01 15:12:57] [INFO] CMD_NGINX
[2017-11-01 15:13:07] [INFO] CMD_NGINX
[2017-11-01 15:13:07] [INFO] CMD_NGINX
[2017-11-01 15:13:13] [INFO] CMD_NGINX
[2017-11-01 15:13:59] [INFO] CMD_NGINX
[2017-11-01 15:15:04] [INFO] CMD_NGINX
[2017-11-01 15:15:08] [INFO] CMD_NGINX
[2017-11-01 15:16:05] [INFO] CMD_NGINX
[2017-11-01 15:16:17] [INFO] CMD_NGINX
[2017-11-01 15:16:28] [INFO] CMD_NGINX
[2017-11-01 15:16:30] [INFO] CMD_NGINX
[2017-11-01 15:16:37] [INFO] CMD_NGINX
[2017-11-01 15:18:37] [INFO] CMD_NGINX
[2017-11-01 15:20:14] [INFO] CMD_NGINX
[2017-11-01 15:20:27] [INFO] CMD_NGINX
[2017-11-01 15:22:34] [INFO] CMD_NGINX
[2017-11-01 15:22:53] [INFO] CMD_NGINX
[2017-11-01 15:23:11] [INFO] CMD_NGINX
[2017-11-01 15:23:22] [INFO] CMD_NGINX
[2017-11-01 15:23:43] [INFO] CMD_NGINX
[2017-11-01 15:24:28] [INFO] CMD_NGINX
[2017-11-01 15:24:39] [INFO] CMD_NGINX
[2017-11-01 15:24:46] [INFO] CMD_NGINX
[2017-11-01 15:24:51] [INFO] CMD_NGINX
[2017-11-01 15:24:59] [INFO] CMD_NGINX
[2017-11-01 15:25:00] [INFO] CMD_NGINX
[2017-11-01 15:25:14] [INFO] CMD_NGINX
[2017-11-01 15:25:15] [INFO] CMD_NGINX
[2017-11-01 15:25:22] [INFO] CMD_NGINX
[2017-11-01 15:25:28] [INFO] CMD_NGINX
[2017-11-01 15:25:35] [INFO] CMD_NGINX
[2017-11-01 15:28:37] [INFO] CMD_NGINX
[2017-11-01 15:30:53] [INFO] CMD_NGINX
[2017-11-01 15:32:31] [INFO] CMD_NGINX
[2017-11-01 15:32:55] [INFO] CMD_NGINX
[2017-11-01 15:33:42] [INFO] CMD_NGINX
[2017-11-01 15:36:50] [INFO] CMD_NGINX
[2017-11-01 15:36:59] [INFO] CMD_NGINX
[2017-11-01 15:37:09] [INFO] CMD_NGINX
[2017-11-01 15:37:47] [INFO] CMD_NGINX
[2017-11-01 15:38:02] [INFO] CMD_NGINX
[2017-11-01 15:38:35] [INFO] CMD_NGINX
[2017-11-01 15:39:06] [INFO] CMD_NGINX
[2017-11-01 15:39:32] [INFO] CMD_NGINX
[2017-11-01 15:39:46] [INFO] CMD_NGINX
[2017-11-01 15:40:03] [INFO] CMD_NGINX
[2017-11-01 15:40:42] [INFO] CMD_NGINX
[2017-11-01 15:41:09] [INFO] CMD_NGINX
[2017-11-01 15:41:12] [INFO] CMD_NGINX
[2017-11-01 15:41:31] [INFO] CMD_NGINX
[2017-11-01 15:42:14] [INFO] CMD_NGINX
[2017-11-01 15:42:38] [INFO] CMD_NGINX
[2017-11-01 15:42:45] [INFO] CMD_NGINX
[2017-11-01 15:43:02] [INFO] CMD_NGINX
[2017-11-01 15:43:44] [INFO] CMD_NGINX
[2017-11-01 15:45:59] [INFO] CMD_NGINX
[2017-11-01 15:46:32] [INFO] CMD_NGINX
[2017-11-01 15:46:46] [INFO] CMD_NGINX
[2017-11-01 15:46:56] [INFO] CMD_NGINX
[2017-11-01 15:47:42] [INFO] CMD_NGINX
[2017-11-01 15:49:38] [INFO] CMD_NGINX
[2017-11-01 15:53:09] [INFO] CMD_NGINX
[2017-11-01 15:57:09] [INFO] CMD_NGINX
[2017-11-01 15:57:09] [INFO] CMD_NGINX
[2017-11-01 15:57:10] [INFO] CMD_NGINX
[2017-11-01 15:57:10] [INFO] CMD_NGINX
[2017-11-01 15:57:10] [INFO] CMD_NGINX
[2017-11-01 15:57:49] [INFO] CMD_NGINX
[2017-11-01 16:00:00] [INFO] CMD_NGINX
[2017-11-01 16:00:11] [INFO] CMD_NGINX
[2017-11-01 16:00:29] [INFO] CMD_NGINX
[2017-11-01 16:00:38] [INFO] CMD_NGINX
[2017-11-01 16:00:40] [INFO] CMD_NGINX
[2017-11-01 16:00:49] [INFO] CMD_NGINX
[2017-11-01 16:00:53] [INFO] CMD_NGINX
[2017-11-01 16:00:57] [INFO] CMD_NGINX
[2017-11-01 16:01:06] [INFO] CMD_NGINX
[2017-11-01 16:01:13] [INFO] CMD_NGINX
[2017-11-01 16:01:24] [INFO] CMD_NGINX
[2017-11-01 16:01:31] [INFO] CMD_NGINX
[2017-11-01 16:01:38] [INFO] CMD_NGINX
[2017-11-01 16:01:45] [INFO] CMD_NGINX
[2017-11-01 16:01:53] [INFO] CMD_NGINX
[2017-11-01 16:02:01] [INFO] CMD_NGINX
[2017-11-01 16:02:10] [INFO] CMD_NGINX
[2017-11-01 16:02:18] [INFO] CMD_NGINX
[2017-11-01 16:02:31] [INFO] CMD_NGINX
[2017-11-01 16:08:20] [INFO] CMD_NGINX
[2017-11-01 16:08:34] [INFO] CMD_NGINX
[2017-11-01 16:09:12] [INFO] CMD_NGINX
[2017-11-01 16:09:13] [INFO] CMD_NGINX
[2017-11-01 16:09:17] [INFO] CMD_NGINX
[2017-11-01 16:11:18] [INFO] CMD_NGINX
[2017-11-01 16:11:51] [INFO] CMD_NGINX
[2017-11-01 16:12:51] [INFO] CMD_NGINX
[2017-11-01 16:14:05] [INFO] CMD_NGINX
[2017-11-01 16:15:18] [INFO] CMD_NGINX
[2017-11-01 16:18:38] [INFO] CMD_NGINX
[2017-11-01 16:20:20] [INFO] CMD_NGINX
[2017-11-01 16:20:23] [INFO] CMD_NGINX
[2017-11-01 16:20:25] [INFO] CMD_NGINX
[2017-11-01 16:22:36] [INFO] CMD_NGINX
[2017-11-01 16:27:35] [INFO] CMD_NGINX
[2017-11-01 16:29:01] [INFO] CMD_NGINX
[2017-11-01 16:30:48] [INFO] CMD_NGINX
[2017-11-01 16:38:26] [INFO] CMD_NGINX
[2017-11-01 16:39:25] [INFO] CMD_NGINX
[2017-11-01 16:40:11] [INFO] CMD_NGINX
[2017-11-01 16:41:05] [INFO] CMD_NGINX
[2017-11-01 17:08:08] [INFO] CMD_TAR_SYSTEMINFO
[2017-11-01 17:25:02] [INFO] CMD_NGINX
[2017-11-01 18:57:47] [INFO] CMD_NGINX
[2017-11-01 18:58:43] [INFO] CMD_NGINX
[2017-11-01 18:59:29] [INFO] CMD_NGINX
[2017-11-01 19:07:57] [INFO] CMD_NGINX
[2017-11-01 19:08:00] [INFO] CMD_NGINX
[2017-11-01 19:08:10] [INFO] CMD_NGINX
[2017-11-01 19:20:45] [INFO] CMD_NGINX
[2017-11-01 19:20:59] [INFO] CMD_NGINX
[2017-11-02 08:39:32] [INFO] CMD_NGINX
[2017-11-02 08:39:46] [INFO] CMD_NGINX
[2017-11-02 08:42:36] [INFO] CMD_NGINX
[2017-11-02 08:47:57] [INFO] CMD_NGINX
[2017-11-02 08:51:54] [INFO] CMD_NGINX
[2017-11-02 08:51:54] [INFO] CMD_PORT
[2017-11-02 08:51:59] [INFO] CMD_NGINX
[2017-11-02 08:51:59] [INFO] CMD_PORT
[2017-11-02 08:52:03] [INFO] CMD_NGINX
[2017-11-02 08:52:03] [INFO] CMD_PORT
[2017-11-02 08:52:08] [INFO] CMD_NGINX
[2017-11-02 08:52:22] [INFO] CMD_NGINX
[2017-11-02 08:53:28] [INFO] CMD_NGINX
[2017-11-02 08:53:32] [INFO] CMD_NGINX
[2017-11-02 08:53:39] [INFO] CMD_NGINX
[2017-11-02 08:54:15] [INFO] CMD_NGINX
[2017-11-02 08:54:18] [INFO] CMD_NGINX
[2017-11-02 08:54:21] [INFO] CMD_NGINX
[2017-11-02 08:54:54] [INFO] CMD_NGINX
[2017-11-02 08:55:38] [INFO] CMD_NGINX
[2017-11-02 08:55:50] [INFO] CMD_NGINX
[2017-11-02 08:56:40] [INFO] CMD_NGINX
[2017-11-02 08:57:07] [INFO] CMD_NGINX
[2017-11-02 08:57:36] [INFO] CMD_NGINX
[2017-11-02 08:57:48] [INFO] CMD_NGINX
[2017-11-02 08:58:11] [INFO] CMD_NGINX
[2017-11-02 08:58:19] [INFO] CMD_NGINX
[2017-11-02 08:58:47] [INFO] CMD_NGINX
[2017-11-02 08:59:01] [INFO] CMD_NGINX
[2017-11-02 08:59:05] [INFO] CMD_NGINX
[2017-11-02 08:59:25] [INFO] CMD_NGINX
[2017-11-02 09:00:03] [INFO] CMD_NGINX
[2017-11-02 09:00:45] [INFO] CMD_NGINX
[2017-11-02 09:01:22] [INFO] CMD_NGINX
[2017-11-02 09:01:31] [INFO] CMD_NGINX
[2017-11-02 09:01:41] [INFO] CMD_NGINX
[2017-11-02 09:02:02] [INFO] CMD_NGINX
[2017-11-02 09:03:29] [INFO] CMD_NGINX
[2017-11-02 09:03:37] [INFO] CMD_NGINX
[2017-11-02 09:03:54] [INFO] CMD_NGINX
[2017-11-02 09:14:11] [INFO] CMD_NGINX
[2017-11-02 09:14:24] [INFO] CMD_NGINX
[2017-11-02 09:14:34] [INFO] CMD_NGINX
[2017-11-02 09:14:37] [INFO] CMD_NGINX
[2017-11-02 09:14:40] [INFO] CMD_NGINX
[2017-11-02 09:14:45] [INFO] CMD_TAR_SYSTEMINFO
[2017-11-02 09:14:53] [INFO] CMD_NGINX
[2017-11-02 09:14:56] [INFO] CMD_NGINX
[2017-11-02 09:14:59] [INFO] CMD_NGINX
[2017-11-02 09:15:03] [INFO] CMD_NGINX
[2017-11-02 09:15:07] [INFO] CMD_NGINX
[2017-11-02 09:15:11] [INFO] CMD_NGINX
[2017-11-02 09:15:13] [INFO] CMD_NGINX
[2017-11-02 09:15:20] [INFO] CMD_NGINX
[2017-11-02 09:15:23] [INFO] CMD_NGINX
[2017-11-02 09:15:36] [INFO] CMD_NGINX
[2017-11-02 09:15:44] [INFO] CMD_NGINX
[2017-11-02 09:15:47] [INFO] CMD_NGINX
[2017-11-02 09:16:34] [INFO] CMD_NGINX
[2017-11-02 09:16:39] [INFO] CMD_NGINX
[2017-11-02 09:17:14] [INFO] CMD_NGINX
[2017-11-02 09:22:14] [INFO] CMD_NGINX
[2017-11-02 09:22:22] [INFO] CMD_NGINX
[2017-11-02 09:22:39] [INFO] CMD_NGINX
[2017-11-02 09:22:59] [INFO] CMD_NGINX
[2017-11-02 09:23:06] [INFO] CMD_NGINX
[2017-11-02 09:23:17] [INFO] CMD_NGINX
[2017-11-02 09:23:24] [INFO] CMD_NGINX
[2017-11-02 09:23:45] [INFO] CMD_NGINX
[2017-11-02 09:24:01] [INFO] CMD_NGINX
[2017-11-02 09:24:10] [INFO] CMD_NGINX
[2017-11-02 09:24:16] [INFO] CMD_NGINX
[2017-11-02 09:24:20] [INFO] CMD_NGINX
[2017-11-02 09:24:24] [INFO] CMD_NGINX
[2017-11-02 09:24:35] [INFO] CMD_NGINX
[2017-11-02 09:24:44] [INFO] CMD_NGINX
[2017-11-02 09:27:43] [INFO] CMD_NGINX
[2017-11-02 09:27:46] [INFO] CMD_NGINX
[2017-11-02 09:28:12] [INFO] CMD_NGINX
[2017-11-02 09:28:26] [INFO] CMD_NGINX
[2017-11-02 09:37:42] [INFO] CMD_NGINX
[2017-11-02 09:38:30] [INFO] CMD_NGINX
[2017-11-02 10:36:12] [INFO] CMD_NGINX
[2017-11-02 10:38:03] [INFO] CMD_NGINX
[2017-11-02 10:38:33] [INFO] CMD_NGINX
[2017-11-02 10:50:44] [INFO] CMD_NGINX
[2017-11-02 10:52:51] [INFO] CMD_NGINX
[2017-11-02 10:56:21] [INFO] CMD_NGINX
[2017-11-02 10:56:26] [INFO] CMD_NGINX
[2017-11-02 10:56:31] [INFO] CMD_NGINX
[2017-11-02 10:56:43] [INFO] CMD_NGINX
[2017-11-02 10:56:49] [INFO] CMD_NGINX
[2017-11-02 10:56:59] [INFO] CMD_NGINX
[2017-11-02 10:57:05] [INFO] CMD_NGINX
[2017-11-02 10:57:09] [INFO] CMD_NGINX
[2017-11-02 10:57:14] [INFO] CMD_NGINX
[2017-11-02 10:58:29] [INFO] CMD_NGINX
[2017-11-02 10:58:42] [INFO] CMD_NGINX
[2017-11-02 11:14:17] [INFO] CMD_TAR_SYSTEMINFO
[2017-11-02 11:35:18] [INFO] CMD_TAR_SYSTEMINFO
[2017-11-02 11:36:29] [INFO] CMD_TAR_SYSTEMINFO
[2017-11-02 11:36:34] [INFO] CMD_TAR_SYSTEMINFO
[2017-11-02 11:42:50] [INFO] CMD_TAR_SYSTEMINFO
[2017-11-02 11:43:11] [INFO] CMD_TAR_SYSTEMINFO
[2017-11-02 11:46:44] [INFO] CMD_TAR_SYSTEMINFO
[2017-11-02 11:50:39] [INFO] CMD_NGINX
[2017-11-02 11:51:48] [INFO] CMD_NGINX
[2017-11-02 11:52:45] [INFO] CMD_NGINX
[2017-11-02 11:57:03] [INFO] CMD_NGINX
[2017-11-02 13:50:55] [INFO] CMD_NGINX
[2017-11-02 13:51:33] [INFO] CMD_NGINX
[2017-11-02 13:52:10] [INFO] CMD_NGINX
[2017-11-02 13:52:24] [INFO] CMD_NGINX
[2017-11-02 13:53:00] [INFO] CMD_NGINX
[2017-11-02 13:53:47] [INFO] CMD_NGINX
[2017-11-02 13:53:55] [INFO] CMD_NGINX
[2017-11-02 13:53:55] [INFO] CMD_NGINX
[2017-11-02 13:54:00] [INFO] CMD_NGINX
[2017-11-02 13:56:25] [INFO] CMD_NGINX
[2017-11-02 13:58:01] [INFO] CMD_NGINX
[2017-11-02 13:58:55] [INFO] CMD_NGINX
[2017-11-02 13:59:36] [INFO] CMD_NGINX
[2017-11-02 13:59:38] [INFO] CMD_NGINX
[2017-11-02 13:59:39] [INFO] CMD_NGINX
[2017-11-02 13:59:46] [INFO] CMD_NGINX
[2017-11-02 13:59:47] [INFO] CMD_NGINX
[2017-11-02 13:59:48] [INFO] CMD_NGINX
[2017-11-02 14:01:18] [INFO] CMD_NGINX
[2017-11-02 14:16:28] [INFO] CMD_NGINX
[2017-11-02 14:17:46] [INFO] CMD_NGINX
[2017-11-02 14:18:05] [INFO] CMD_NGINX
[2017-11-02 14:18:08] [INFO] CMD_NGINX
[2017-11-02 14:18:10] [INFO] CMD_NGINX
[2017-11-02 14:18:11] [INFO] CMD_NGINX
[2017-11-02 14:18:39] [INFO] CMD_NGINX
[2017-11-02 14:51:23] [INFO] CMD_NGINX
[2017-11-02 14:53:03] [INFO] CMD_NGINX
[2017-11-02 16:14:20] [INFO] CMD_NGINX
[2017-11-02 16:44:37] [INFO] CMD_UPDATERULE|/cache/rules.dat
[2017-11-02 16:44:43] [INFO] CMD_UPDATERULE|/cache/rules.dat
[2017-11-02 16:45:51] [INFO] CMD_UPDATERULE|/cache/rules.dat
[2017-11-02 16:46:26] [INFO] CMD_UPDATERULE|/cache/rules.dat
[2017-11-02 16:53:02] [INFO] CMD_UPDATERULE|/cache/rules.dat
[2017-11-02 16:54:25] [INFO] CMD_UPDATERULE|/cache/rules.dat
[2017-11-02 16:54:55] [INFO] CMD_UPDATERULE|/cache/rules.dat
[2017-11-02 18:03:33] [INFO] CMD_NGINX
[2017-11-02 18:04:11] [INFO] CMD_NGINX
[2017-11-02 18:05:19] [INFO] CMD_NGINX
[2017-11-02 18:05:53] [INFO] CMD_NGINX
[2017-11-02 18:07:02] [INFO] CMD_NGINX
[2017-11-02 18:08:04] [INFO] CMD_NGINX
[2017-11-02 18:08:33] [INFO] CMD_NGINX
[2017-11-02 18:12:22] [INFO] CMD_NGINX
[2017-11-02 18:13:51] [INFO] CMD_NGINX
[2017-11-02 18:14:43] [INFO] CMD_NGINX
[2017-11-02 18:14:48] [INFO] CMD_NGINX
[2017-11-02 19:07:24] [INFO] CMD_NGINX
[2017-11-02 19:09:30] [INFO] CMD_NGINX
[2017-11-02 19:11:25] [INFO] CMD_NGINX
[2017-11-02 19:14:58] [INFO] CMD_NGINX
[2017-11-02 19:17:38] [INFO] CMD_NGINX
[2017-11-02 19:21:51] [INFO] CMD_NGINX
[2017-11-02 19:26:32] [INFO] CMD_NGINX
[2017-11-02 19:27:08] [INFO] CMD_NGINX
[2017-11-02 19:27:15] [INFO] CMD_NGINX
[2017-11-03 08:44:11] [INFO] CMD_NGINX
[2017-11-03 08:44:12] [INFO] CMD_NGINX
[2017-11-03 08:44:14] [INFO] CMD_NGINX
[2017-11-03 08:44:15] [INFO] CMD_NGINX
[2017-11-03 08:44:15] [INFO] CMD_NGINX
[2017-11-03 08:44:17] [INFO] CMD_NGINX
[2017-11-03 09:53:34] [INFO] CMD_NGINX
[2017-11-03 09:53:36] [INFO] CMD_NGINX
[2017-11-03 09:53:38] [INFO] CMD_NGINX
[2017-11-03 09:53:41] [INFO] CMD_NGINX
[2017-11-03 09:53:53] [INFO] CMD_NGINX
[2017-11-03 09:54:04] [INFO] CMD_NGINX
[2017-11-03 10:26:45] [INFO] CMD_NGINX
[2017-11-03 10:27:06] [INFO] CMD_NGINX
[2017-11-03 10:27:15] [INFO] CMD_NGINX
[2017-11-03 10:27:27] [INFO] CMD_NGINX
[2017-11-03 11:46:21] [INFO] CMD_NGINX
[2017-11-03 11:47:07] [INFO] CMD_NGINX
[2017-11-03 13:53:22] [INFO] CMD_NGINX
[2017-11-03 13:53:57] [INFO] CMD_NGINX
[2017-11-03 13:54:19] [INFO] CMD_NGINX
[2017-11-03 13:54:33] [INFO] CMD_NGINX
[2017-11-03 13:55:58] [INFO] CMD_NGINX
[2017-11-03 13:57:31] [INFO] CMD_NGINX
[2017-11-03 13:58:33] [INFO] CMD_NGINX
[2017-11-03 13:59:04] [INFO] CMD_NGINX
[2017-11-03 14:00:10] [INFO] CMD_NGINX
[2017-11-03 14:00:32] [INFO] CMD_NGINX
[2017-11-03 14:01:17] [INFO] CMD_NGINX
[2017-11-03 14:04:08] [INFO] CMD_NGINX
[2017-11-03 14:04:27] [INFO] CMD_NGINX
[2017-11-03 14:04:32] [INFO] CMD_NGINX
[2017-11-03 14:06:44] [INFO] CMD_NGINX
[2017-11-03 14:06:51] [INFO] CMD_NGINX
[2017-11-03 14:06:56] [INFO] CMD_NGINX
[2017-11-03 14:07:00] [INFO] CMD_NGINX
[2017-11-03 14:07:08] [INFO] CMD_NGINX
[2017-11-03 14:07:17] [INFO] CMD_NGINX
[2017-11-03 14:11:29] [INFO] CMD_NGINX
[2017-11-03 14:16:53] [INFO] CMD_NGINX
[2017-11-03 14:17:05] [INFO] CMD_NGINX
[2017-11-03 14:18:14] [INFO] CMD_NGINX
[2017-11-03 14:22:09] [INFO] CMD_NGINX
[2017-11-03 14:26:03] [INFO] CMD_NGINX
[2017-11-03 14:26:07] [INFO] CMD_NGINX
[2017-11-03 14:26:10] [INFO] CMD_NGINX
[2017-11-03 14:27:55] [INFO] CMD_NGINX
[2017-11-03 14:28:50] [INFO] CMD_NGINX
[2017-11-03 14:28:57] [INFO] CMD_NGINX
[2017-11-03 14:29:14] [INFO] CMD_NGINX
[2017-11-03 14:31:30] [INFO] CMD_NGINX
[2017-11-03 14:31:35] [INFO] CMD_NGINX
[2017-11-03 14:33:47] [INFO] CMD_NGINX
[2017-11-03 14:34:14] [INFO] CMD_NGINX
[2017-11-03 14:34:40] [INFO] CMD_NGINX
[2017-11-03 14:36:19] [INFO] CMD_NGINX
[2017-11-03 14:39:15] [INFO] CMD_NGINX
[2017-11-03 14:41:27] [INFO] CMD_NGINX
[2017-11-03 14:41:30] [INFO] CMD_NGINX
[2017-11-03 14:41:36] [INFO] CMD_NGINX
[2017-11-03 14:41:47] [INFO] CMD_NGINX
[2017-11-03 14:41:55] [INFO] CMD_NGINX
[2017-11-03 14:42:00] [INFO] CMD_NGINX
[2017-11-03 14:42:29] [INFO] CMD_NGINX
[2017-11-03 14:44:25] [INFO] CMD_NGINX
[2017-11-03 14:44:30] [INFO] CMD_NGINX
[2017-11-03 14:44:34] [INFO] CMD_NGINX
[2017-11-03 14:45:13] [INFO] CMD_NGINX
[2017-11-03 14:45:36] [INFO] CMD_NGINX
[2017-11-03 14:47:55] [INFO] CMD_NGINX
[2017-11-03 14:48:32] [INFO] CMD_NGINX
[2017-11-03 15:04:35] [INFO] CMD_NGINX
[2017-11-03 15:04:38] [INFO] CMD_NGINX
[2017-11-03 16:31:36] [INFO] CMD_DDOS
[2017-11-03 16:33:13] [INFO] CMD_DDOS
[2017-11-03 17:12:18] [INFO] CMD_DDOS
[2017-11-03 17:18:46] [INFO] CMD_DDOS
[2017-11-03 17:26:36] [INFO] CMD_DDOS
[2017-11-03 17:26:39] [INFO] CMD_DDOS
[2017-11-04 09:05:24] [INFO] CMD_NGINX
[2017-11-04 09:32:13] [INFO] CMD_NGINX
[2017-11-04 09:32:43] [INFO] CMD_NGINX
[2017-11-04 09:39:59] [INFO] CMD_NGINX
[2017-11-04 09:40:25] [INFO] CMD_NGINX
[2017-11-04 09:56:52] [INFO] CMD_NGINX
[2017-11-04 10:00:20] [INFO] CMD_NGINX
[2017-11-04 10:01:09] [INFO] CMD_NGINX
[2017-11-04 10:02:34] [INFO] CMD_NGINX
[2017-11-04 14:29:29] [INFO] CMD_NGINX
[2017-11-04 14:31:55] [INFO] CMD_NGINX
[2017-11-04 14:33:10] [INFO] CMD_NGINX
[2017-11-04 15:09:15] [INFO] CMD_WEBOUTRULE
[2017-11-04 15:09:24] [INFO] CMD_WEBOUTRULE
[2017-11-04 15:10:00] [INFO] CMD_WEBOUTRULE
[2017-11-04 15:28:48] [INFO] CMD_WEBOUTRULE
[2017-11-04 15:34:15] [INFO] CMD_WEBOUTRULE
[2017-11-04 15:34:42] [INFO] CMD_WEBOUTRULE
[2017-11-04 15:35:24] [INFO] CMD_WEBOUTRULE
[2017-11-04 15:35:53] [INFO] CMD_WEBOUTRULE
[2017-11-04 15:36:57] [INFO] CMD_WEBOUTRULE
[2017-11-04 15:37:35] [INFO] CMD_WEBOUTRULE
[2017-11-04 15:38:13] [INFO] CMD_WEBOUTRULE
[2017-11-04 15:38:25] [INFO] CMD_WEBOUTRULE
[2017-11-04 15:38:45] [INFO] CMD_WEBOUTRULE
[2017-11-04 16:25:45] [INFO] CMD_NGINX
[2017-11-04 16:28:20] [INFO] CMD_NGINX
[2017-11-04 16:30:05] [INFO] CMD_NGINX
[2017-11-04 16:53:13] [INFO] CMD_WEBOUTRULE
[2017-11-04 16:53:26] [INFO] CMD_WEBOUTRULE
[2017-11-04 16:53:29] [INFO] CMD_WEBOUTRULE
[2017-11-04 16:54:12] [INFO] CMD_WEBOUTRULE
[2017-11-04 16:54:51] [INFO] CMD_WEBOUTRULE
[2017-11-04 16:55:28] [INFO] CMD_WEBOUTRULE
[2017-11-04 16:58:16] [INFO] CMD_WEBOUTRULE
[2017-11-04 16:58:40] [INFO] CMD_WEBOUTRULE
[2017-11-04 17:01:19] [INFO] CMD_NGINX
[2017-11-04 17:01:35] [INFO] CMD_WEBOUTRULE
[2017-11-04 17:01:46] [INFO] CMD_NGINX
[2017-11-04 17:02:03] [INFO] CMD_WEBOUTRULE
[2017-11-04 17:05:10] [INFO] CMD_NGINX
[2017-11-04 17:26:26] [INFO] CMD_NGINX
[2017-11-04 17:26:31] [INFO] CMD_NGINX
[2017-11-04 17:26:38] [INFO] CMD_NGINX
[2017-11-04 17:26:42] [INFO] CMD_NGINX
[2017-11-04 17:26:46] [INFO] CMD_NGINX
[2017-11-04 17:28:42] [INFO] CMD_NGINX
[2017-11-04 17:28:58] [INFO] CMD_NGINX
[2017-11-04 17:29:02] [INFO] CMD_NGINX
[2017-11-04 18:32:30] [INFO] CMD_NGINX
[2017-11-04 18:33:19] [INFO] CMD_NGINX
[2017-11-05 17:20:17] [INFO] CMD_DDOS
[2017-11-05 17:30:42] [INFO] CMD_DDOS
[2017-11-05 17:44:05] [INFO] CMD_DDOS
[2017-11-05 17:51:22] [INFO] CMD_DDOS
[2017-11-05 17:53:59] [INFO] CMD_DDOS
[2017-11-05 17:54:15] [INFO] CMD_DDOS
[2017-11-05 18:07:53] [INFO] CMD_DDOS
[2017-11-06 09:01:24] [INFO] CMD_NGINX
[2017-11-06 09:37:02] [INFO] CMD_DDOS
[2017-11-06 09:37:05] [INFO] CMD_DDOS
[2017-11-06 09:39:51] [INFO] CMD_NGINX
[2017-11-06 09:41:59] [INFO] CMD_NGINX
[2017-11-06 09:42:44] [INFO] CMD_NGINX
[2017-11-06 09:44:33] [INFO] CMD_NGINX
[2017-11-06 09:47:08] [INFO] CMD_DDOS
[2017-11-06 09:50:20] [INFO] CMD_NGINX
[2017-11-06 11:35:58] [INFO] CMD_DDOS
[2017-11-06 11:36:01] [INFO] CMD_DDOS
[2017-11-06 11:36:03] [INFO] CMD_DDOS
[2017-11-06 11:36:30] [INFO] CMD_NGINX
[2017-11-06 11:36:53] [INFO] CMD_NGINX
[2017-11-06 11:38:22] [INFO] CMD_DDOS
[2017-11-06 11:38:44] [INFO] CMD_DDOS
[2017-11-06 11:38:51] [INFO] CMD_NGINX
[2017-11-06 11:40:00] [INFO] CMD_DDOS
[2017-11-06 11:40:42] [INFO] CMD_NGINX
[2017-11-06 11:41:55] [INFO] CMD_DDOS
[2017-11-06 11:42:10] [INFO] CMD_NGINX
[2017-11-06 11:45:43] [INFO] CMD_NGINX
[2017-11-06 11:45:49] [INFO] CMD_NGINX
[2017-11-06 11:47:49] [INFO] CMD_NGINX
[2017-11-06 11:47:51] [INFO] CMD_NGINX
[2017-11-06 11:58:13] [INFO] CMD_NGINX
[2017-11-06 11:58:24] [INFO] CMD_NGINX
[2017-11-06 12:10:31] [INFO] CMD_NGINX
[2017-11-06 12:10:33] [INFO] CMD_NGINX
[2017-11-06 12:20:11] [INFO] CMD_NGINX
[2017-11-06 13:53:15] [INFO] CMD_NGINX
[2017-11-06 13:53:19] [INFO] CMD_NGINX
[2017-11-06 13:53:31] [INFO] CMD_NGINX
[2017-11-06 14:08:18] [INFO] CMD_NGINX
[2017-11-06 14:11:09] [INFO] CMD_NGINX
[2017-11-06 14:12:22] [INFO] CMD_NGINX
[2017-11-06 14:12:23] [INFO] CMD_NGINX
[2017-11-06 14:12:25] [INFO] CMD_NGINX
[2017-11-06 14:12:30] [INFO] CMD_NGINX
[2017-11-06 14:12:42] [INFO] CMD_NGINX
[2017-11-06 14:12:51] [INFO] CMD_NGINX
[2017-11-06 14:12:59] [INFO] CMD_NGINX
[2017-11-06 14:14:13] [INFO] CMD_NGINX
[2017-11-06 14:20:18] [INFO] CMD_NGINX
[2017-11-06 14:27:06] [INFO] CMD_NGINX
[2017-11-06 14:27:16] [INFO] CMD_NGINX
[2017-11-06 14:27:30] [INFO] CMD_NGINX
[2017-11-06 14:27:51] [INFO] CMD_NGINX
[2017-11-06 14:27:56] [INFO] CMD_NGINX
[2017-11-06 14:29:39] [INFO] CMD_NGINX
[2017-11-06 14:30:07] [INFO] CMD_NGINX
[2017-11-06 14:32:10] [INFO] CMD_NGINX
[2017-11-06 14:32:38] [INFO] CMD_NGINX
[2017-11-06 14:35:47] [INFO] CMD_NGINX
[2017-11-06 14:39:31] [INFO] CMD_NGINX
[2017-11-06 14:39:41] [INFO] CMD_NGINX
[2017-11-06 14:39:59] [INFO] CMD_NGINX
[2017-11-06 14:55:26] [INFO] CMD_NGINX
[2017-11-06 14:55:53] [INFO] CMD_NGINX
[2017-11-06 14:56:09] [INFO] CMD_NGINX
[2017-11-06 14:56:34] [INFO] CMD_NGINX
[2017-11-06 15:03:01] [INFO] CMD_NGINX
[2017-11-06 15:10:57] [INFO] CMD_NGINX
[2017-11-06 15:14:01] [INFO] CMD_NGINX
[2017-11-06 15:17:46] [INFO] CMD_NGINX
[2017-11-06 15:18:21] [INFO] CMD_NGINX
[2017-11-06 15:18:46] [INFO] CMD_NGINX
[2017-11-06 15:19:04] [INFO] CMD_NGINX
[2017-11-06 15:19:16] [INFO] CMD_NGINX
[2017-11-06 15:19:22] [INFO] CMD_NGINX
[2017-11-06 15:19:32] [INFO] CMD_NGINX
[2017-11-06 15:19:47] [INFO] CMD_NGINX
[2017-11-06 15:34:25] [INFO] CMD_NGINX
[2017-11-06 15:43:14] [INFO] CMD_NGINX
[2017-11-06 15:44:23] [INFO] CMD_NGINX
[2017-11-06 15:44:41] [INFO] CMD_NGINX
[2017-11-06 15:48:37] [INFO] CMD_NGINX
[2017-11-06 15:48:51] [INFO] CMD_NGINX
[2017-11-06 15:49:38] [INFO] CMD_NGINX
[2017-11-06 15:49:42] [INFO] CMD_NGINX
[2017-11-06 15:50:27] [INFO] CMD_NGINX
[2017-11-06 15:50:47] [INFO] CMD_NGINX
[2017-11-06 15:51:16] [INFO] CMD_NGINX
[2017-11-06 15:52:47] [INFO] CMD_NGINX
[2017-11-06 15:55:10] [INFO] CMD_NGINX
[2017-11-06 16:01:04] [INFO] CMD_NGINX
[2017-11-06 16:01:08] [INFO] CMD_NGINX
[2017-11-06 16:17:55] [INFO] CMD_NGINX
[2017-11-06 16:18:18] [INFO] CMD_NGINX
[2017-11-06 16:18:22] [INFO] CMD_NGINX
[2017-11-06 16:21:33] [INFO] CMD_NGINX
[2017-11-06 16:23:18] [INFO] CMD_NGINX
[2017-11-06 16:25:51] [INFO] CMD_NGINX
[2017-11-06 16:36:18] [INFO] CMD_NGINX
[2017-11-06 17:02:57] [INFO] CMD_NGINX
[2017-11-06 17:05:01] [INFO] CMD_NGINX
[2017-11-06 17:27:31] [INFO] CMD_NGINX
[2017-11-06 17:27:32] [INFO] CMD_NGINX
[2017-11-06 17:27:32] [INFO] CMD_NGINX
[2017-11-06 17:27:33] [INFO] CMD_NGINX
[2017-11-06 18:09:41] [INFO] CMD_NGINX
[2017-11-06 19:11:11] [INFO] CMD_NGINX
[2017-11-06 19:15:55] [INFO] CMD_NGINX
[2017-11-06 19:16:13] [INFO] CMD_NGINX
[2017-11-06 20:39:16] [INFO] CMD_NGINX
[2017-11-06 20:48:47] [INFO] CMD_NGINX
[2017-11-06 20:52:16] [INFO] CMD_NGINX
[2017-11-06 20:53:09] [INFO] CMD_NGINX
[2017-11-06 20:55:12] [INFO] CMD_NGINX
[2017-11-06 20:55:40] [INFO] CMD_NGINX
[2017-11-06 20:57:42] [INFO] CMD_NGINX
[2017-11-06 20:58:11] [INFO] CMD_NGINX
[2017-11-06 21:01:58] [INFO] CMD_GEN_ERRORPAGE|
[2017-11-06 21:04:39] [INFO] CMD_NGINX
[2017-11-07 08:26:31] [INFO] CMD_NGINX
[2017-11-07 08:28:54] [INFO] CMD_NGINX
[2017-11-07 08:36:36] [INFO] CMD_GEN_ERRORPAGE|
[2017-11-07 08:47:11] [INFO] CMD_NGINX
[2017-11-07 08:47:25] [INFO] CMD_NGINX
[2017-11-07 08:47:39] [INFO] CMD_NGINX
[2017-11-07 09:07:56] [INFO] CMD_NGINX
[2017-11-07 09:08:51] [INFO] CMD_NGINX
[2017-11-07 09:20:42] [INFO] CMD_NGINX
[2017-11-07 09:22:31] [INFO] CMD_NGINX
[2017-11-07 09:23:52] [INFO] CMD_NGINX
[2017-11-07 09:24:51] [INFO] CMD_NGINX
[2017-11-07 09:25:25] [INFO] CMD_UCARP|1|1|1|1
[2017-11-07 09:25:31] [INFO] CMD_UCARP|1|1|1|1
[2017-11-07 09:25:38] [INFO] CMD_UCARP|1|1|1|1
[2017-11-07 09:25:42] [INFO] CMD_UCARP|1|1|1|1
[2017-11-07 09:26:00] [INFO] CMD_UCARP|1|1|1|1
[2017-11-07 09:26:01] [INFO] CMD_NGINX
[2017-11-07 09:26:04] [INFO] CMD_UCARP|1|1|1|1
[2017-11-07 09:28:11] [INFO] CMD_UCARP|1|1|1|1
[2017-11-07 09:28:14] [INFO] CMD_UCARP|1|1|1|1
[2017-11-07 09:30:07] [INFO] CMD_NGINX
[2017-11-07 09:30:26] [INFO] CMD_NGINX
[2017-11-07 09:30:35] [INFO] CMD_UCARP|1|1|1|1
[2017-11-07 09:30:40] [INFO] CMD_UCARP|1|1|1|1
[2017-11-07 09:31:36] [INFO] CMD_NGINX
[2017-11-07 09:32:03] [INFO] CMD_NGINX
[2017-11-07 09:33:19] [INFO] CMD_NGINX
[2017-11-07 09:35:46] [INFO] CMD_NGINX
[2017-11-07 09:37:10] [INFO] CMD_NGINX
[2017-11-07 09:42:08] [INFO] CMD_NGINX
[2017-11-07 09:42:19] [INFO] CMD_NGINX
[2017-11-07 09:44:04] [INFO] CMD_NGINX
[2017-11-07 09:58:29] [INFO] CMD_UPDATECERT|../cache/
[2017-11-07 10:00:24] [INFO] CMD_NGINX
[2017-11-07 10:00:28] [INFO] CMD_NGINX
[2017-11-07 10:01:02] [INFO] CMD_NGINX
[2017-11-07 10:14:00] [INFO] CMD_UPDATECERT|../cache/
[2017-11-07 10:19:43] [INFO] CMD_UPDATECERT|../cache/
[2017-11-07 10:20:52] [INFO] CMD_UPDATECERT|../cache/
[2017-11-07 10:21:37] [INFO] CMD_UPDATECERT|../cache/
[2017-11-07 10:22:14] [INFO] CMD_UPDATECERT|../cache/
[2017-11-07 10:37:59] [INFO] CMD_NGINX
[2017-11-07 10:42:57] [INFO] CMD_NGINX
[2017-11-07 10:47:52] [INFO] CMD_NGINX
[2017-11-07 10:50:57] [INFO] CMD_NGINX
[2017-11-07 10:51:32] [INFO] CMD_NGINX
[2017-11-07 10:51:34] [INFO] CMD_NGINX
[2017-11-07 10:51:39] [INFO] CMD_NGINX
[2017-11-07 10:51:41] [INFO] CMD_NGINX
[2017-11-07 10:52:41] [INFO] CMD_NGINX
[2017-11-07 10:53:56] [INFO] CMD_NGINX
[2017-11-07 10:56:49] [INFO] CMD_NGINX
[2017-11-07 10:57:40] [INFO] CMD_NGINX
[2017-11-07 10:58:34] [INFO] CMD_NGINX
[2017-11-07 10:58:51] [INFO] CMD_NGINX
[2017-11-07 10:59:06] [INFO] CMD_NGINX
[2017-11-07 11:10:25] [INFO] CMD_NGINX
[2017-11-07 11:10:53] [INFO] CMD_NGINX
[2017-11-07 11:10:57] [INFO] CMD_NGINX
[2017-11-07 11:12:00] [INFO] CMD_NGINX
[2017-11-07 11:48:04] [INFO] CMD_BYPASS
[2017-11-07 11:49:12] [INFO] CMD_BYPASS
[2017-11-07 11:50:14] [INFO] CMD_BYPASS
[2017-11-07 11:51:33] [INFO] CMD_BYPASS
[2017-11-07 11:52:40] [INFO] CMD_BYPASS
[2017-11-07 11:53:56] [INFO] CMD_BYPASS
[2017-11-08 08:24:53] [INFO] CMD_NGINX
[2017-11-08 08:29:11] [INFO] CMD_NGINX
[2017-11-08 08:30:36] [INFO] CMD_NGINX
[2017-11-08 08:31:17] [INFO] CMD_NGINX
[2017-11-08 08:40:39] [INFO] CMD_NGINX
[2017-11-08 08:45:02] [INFO] CMD_NGINX
[2017-11-08 08:46:03] [INFO] CMD_UCARP|1|1|1|1
[2017-11-08 09:30:22] [INFO] CMD_NGINX
[2017-11-08 09:30:26] [INFO] CMD_NGINX
[2017-11-08 09:30:36] [INFO] CMD_NGINX
[2017-11-08 09:44:50] [INFO] CMD_NGINX
[2017-11-08 09:49:04] [INFO] CMD_NGINX
[2017-11-08 09:49:05] [INFO] CMD_NGINX
[2017-11-08 09:49:06] [INFO] CMD_NGINX
[2017-11-08 09:49:07] [INFO] CMD_NGINX
[2017-11-08 09:49:07] [INFO] CMD_NGINX
[2017-11-08 09:49:08] [INFO] CMD_NGINX
[2017-11-08 09:49:09] [INFO] CMD_NGINX
[2017-11-08 09:49:10] [INFO] CMD_NGINX
[2017-11-08 09:49:10] [INFO] CMD_NGINX
[2017-11-08 09:49:11] [INFO] CMD_NGINX
[2017-11-08 09:49:47] [INFO] CMD_NGINX
[2017-11-08 09:53:10] [INFO] CMD_NGINX
[2017-11-08 10:03:22] [INFO] CMD_SITESCAN|{$v}|0
[2017-11-08 10:43:09] [INFO] CMD_NGINX
[2017-11-08 11:00:03] [INFO] CMD_B&W
[2017-11-08 11:01:59] [INFO] CMD_B&W
[2017-11-08 17:45:18] [INFO] CMD_NGINX
[2017-11-08 17:48:48] [INFO] CMD_NGINX
[2017-11-08 17:49:10] [INFO] CMD_NGINX
[2017-11-08 17:49:16] [INFO] CMD_NGINX
[2017-11-09 08:59:55] [INFO] CMD_NGINX
[2017-11-09 08:59:55] [INFO] CMD_PORT
[2017-11-09 09:00:32] [INFO] CMD_UCARP|1|1|1|1
[2017-11-09 09:04:51] [INFO] CMD_NGINX
[2017-11-09 09:04:54] [INFO] CMD_NGINX
[2017-11-09 09:07:39] [INFO] CMD_NGINX
[2017-11-09 09:09:14] [INFO] CMD_NGINX
[2017-11-09 09:24:16] [INFO] CMD_NGINX
[2017-11-09 09:24:54] [INFO] CMD_NGINX
[2017-11-09 10:00:34] [INFO] CMD_WEBOUTRULE
[2017-11-09 10:01:40] [INFO] CMD_WEBOUTRULE
[2017-11-09 10:03:35] [INFO] CMD_WEBOUTRULE
[2017-11-09 10:03:36] [INFO] CMD_WEBOUTRULE
[2017-11-09 10:03:38] [INFO] CMD_WEBOUTRULE
[2017-11-09 10:06:27] [INFO] CMD_WEBOUTRULE
[2017-11-09 10:06:36] [INFO] CMD_WEBOUTRULE
[2017-11-09 10:07:18] [INFO] CMD_WEBOUTRULE
[2017-11-09 10:07:21] [INFO] CMD_WEBOUTRULE
[2017-11-09 10:50:38] [INFO] CMD_SITESCAN|{$id}|{$status}
[2017-11-09 10:53:40] [INFO] CMD_SITESCAN|{$id}|{$status}
[2017-11-09 10:53:43] [INFO] CMD_SITESCAN|{$id}|{$status}
[2017-11-09 10:53:47] [INFO] CMD_SITESCAN|{$id}|{$status}
[2017-11-09 10:53:50] [INFO] CMD_SITESCAN|{$id}|{$status}
[2017-11-09 10:54:17] [INFO] CMD_SITESCAN|{$id}|{$status}
[2017-11-09 10:54:26] [INFO] CMD_SITESCAN|{$id}|{$status}
[2017-11-09 10:54:36] [INFO] CMD_SITESCAN|{$id}|{$status}
[2017-11-09 10:56:36] [INFO] CMD_SITESCAN|{$id}|{$status}
[2017-11-09 10:56:39] [INFO] CMD_SITESCAN|{$id}|{$status}
[2017-11-09 10:56:46] [INFO] CMD_SITESCAN|{$id}|{$status}
[2017-11-09 10:56:48] [INFO] CMD_SITESCAN|{$id}|{$status}
[2017-11-09 11:01:08] [INFO] CMD_SITESCAN|{$id}|{$status}
[2017-11-09 11:01:10] [INFO] CMD_SITESCAN|{$id}|{$status}
[2017-11-09 11:01:46] [INFO] CMD_SITESCAN|{$id}|{$status}
[2017-11-09 11:01:48] [INFO] CMD_SITESCAN|{$id}|{$status}
[2017-11-09 11:01:50] [INFO] CMD_SITESCAN|{$id}|{$status}
[2017-11-09 11:01:52] [INFO] CMD_SITESCAN|{$id}|{$status}
[2017-11-09 11:01:54] [INFO] CMD_SITESCAN|{$id}|{$status}
[2017-11-09 11:11:52] [INFO] CMD_SITESCAN|{$id}|{$status}
[2017-11-09 11:11:57] [INFO] CMD_SITESCAN|{$id}|{$status}
[2017-11-09 11:11:59] [INFO] CMD_SITESCAN|{$id}|{$status}
[2017-11-09 11:12:04] [INFO] CMD_SITESCAN|{$id}|{$status}
[2017-11-09 11:12:07] [INFO] CMD_SITESCAN|{$id}|{$status}
[2017-11-09 11:16:50] [INFO] CMD_SITESCAN|{$id}|{$status}
[2017-11-09 11:16:55] [INFO] CMD_SITESCAN|{$id}|{$status}
[2017-11-09 11:16:58] [INFO] CMD_SITESCAN|{$id}|{$status}
[2017-11-09 11:17:04] [INFO] CMD_SITESCAN|{$id}|{$status}
[2017-11-09 11:17:06] [INFO] CMD_SITESCAN|{$id}|{$status}
[2017-11-09 11:17:51] [INFO] CMD_SITESCAN|{$id}|{$status}
[2017-11-09 11:18:06] [INFO] CMD_SITESCAN|{$id}|{$status}
[2017-11-09 11:18:13] [INFO] CMD_SITESCAN|{$id}|{$status}
[2017-11-09 11:18:21] [INFO] CMD_SITESCAN|{$id}|{$status}
[2017-11-09 11:25:53] [INFO] CMD_SITESCAN|{$id}|{$status}
[2017-11-09 11:26:00] [INFO] CMD_SITESCAN|{$id}|{$status}
[2017-11-09 11:26:11] [INFO] CMD_SITESCAN|{$id}|{$status}
[2017-11-09 11:26:16] [INFO] CMD_SITESCAN|{$id}|{$status}
[2017-11-09 11:26:23] [INFO] CMD_SITESCAN|{$id}|{$status}
[2017-11-09 11:26:35] [INFO] CMD_SITESCAN|{$id}|{$status}
[2017-11-09 11:26:40] [INFO] CMD_SITESCAN|{$id}|{$status}
[2017-11-09 11:26:43] [INFO] CMD_SITESCAN|{$id}|{$status}
[2017-11-09 11:26:53] [INFO] CMD_SITESCAN|{$id}|{$status}
[2017-11-09 11:26:54] [INFO] CMD_SITESCAN|{$id}|{$status}
[2017-11-09 11:26:56] [INFO] CMD_SITESCAN|{$id}|{$status}
[2017-11-09 11:26:57] [INFO] CMD_SITESCAN|{$id}|{$status}
[2017-11-09 11:26:58] [INFO] CMD_SITESCAN|{$id}|{$status}
[2017-11-09 11:26:59] [INFO] CMD_SITESCAN|{$id}|{$status}
[2017-11-09 11:27:00] [INFO] CMD_SITESCAN|{$id}|{$status}
[2017-11-09 11:27:02] [INFO] CMD_SITESCAN|{$id}|{$status}
[2017-11-09 11:46:54] [INFO] CMD_SITESCAN|{$id}|{$status}
[2017-11-09 11:46:55] [INFO] CMD_SITESCAN|{$id}|{$status}
[2017-11-09 11:46:57] [INFO] CMD_SITESCAN|{$id}|{$status}
[2017-11-09 11:46:59] [INFO] CMD_SITESCAN|{$id}|{$status}
[2017-11-09 11:47:01] [INFO] CMD_SITESCAN|{$id}|{$status}
[2017-11-09 11:47:03] [INFO] CMD_SITESCAN|{$id}|{$status}
[2017-11-09 11:47:05] [INFO] CMD_SITESCAN|{$id}|{$status}
[2017-11-09 11:47:07] [INFO] CMD_SITESCAN|{$id}|{$status}
[2017-11-09 11:47:09] [INFO] CMD_SITESCAN|{$id}|{$status}
[2017-11-09 11:47:11] [INFO] CMD_SITESCAN|{$id}|{$status}
[2017-11-09 11:47:13] [INFO] CMD_SITESCAN|{$id}|{$status}
[2017-11-09 11:47:16] [INFO] CMD_SITESCAN|{$id}|{$status}
[2017-11-09 11:47:19] [INFO] CMD_SITESCAN|{$id}|{$status}
[2017-11-09 11:47:22] [INFO] CMD_SITESCAN|{$id}|{$status}
[2017-11-09 11:47:24] [INFO] CMD_SITESCAN|{$id}|{$status}
[2017-11-09 11:47:28] [INFO] CMD_SITESCAN|{$id}|{$status}
[2017-11-09 11:47:30] [INFO] CMD_SITESCAN|{$id}|{$status}
[2017-11-09 11:47:34] [INFO] CMD_SITESCAN|{$id}|{$status}
[2017-11-09 11:47:36] [INFO] CMD_SITESCAN|{$id}|{$status}
[2017-11-09 11:48:59] [INFO] CMD_SITESCAN|{$id}|{$status}
[2017-11-09 11:49:02] [INFO] CMD_SITESCAN|{$id}|{$status}
[2017-11-09 11:49:07] [INFO] CMD_SITESCAN|{$id}|{$status}
[2017-11-09 11:49:13] [INFO] CMD_SITESCAN|{$id}|{$status}
[2017-11-09 11:49:17] [INFO] CMD_SITESCAN|{$id}|{$status}
[2017-11-09 11:49:20] [INFO] CMD_SITESCAN|{$id}|{$status}
[2017-11-09 11:49:39] [INFO] CMD_SITESCAN|{$id}|{$status}
[2017-11-09 11:57:00] [INFO] CMD_SITESCAN|{$id}|{$status}
[2017-11-09 11:57:03] [INFO] CMD_SITESCAN|{$id}|{$status}
[2017-11-09 11:57:05] [INFO] CMD_SITESCAN|{$id}|{$status}
[2017-11-09 11:57:07] [INFO] CMD_SITESCAN|{$id}|{$status}
[2017-11-09 11:57:14] [INFO] CMD_SITESCAN|{$id}|{$status}
[2017-11-09 11:57:30] [INFO] CMD_SITESCAN|{$id}|{$status}
[2017-11-09 11:57:37] [INFO] CMD_SITESCAN|{$id}|{$status}
[2017-11-09 11:57:46] [INFO] CMD_SITESCAN|{$id}|{$status}
[2017-11-09 11:58:20] [INFO] CMD_SITESCAN|{$id}|{$status}
[2017-11-09 11:58:24] [INFO] CMD_SITESCAN|{$id}|{$status}
[2017-11-09 11:58:29] [INFO] CMD_SITESCAN|{$id}|{$status}
[2017-11-09 11:58:38] [INFO] CMD_SITESCAN|{$id}|{$status}
[2017-11-09 11:58:43] [INFO] CMD_SITESCAN|{$id}|{$status}
[2017-11-09 11:58:46] [INFO] CMD_SITESCAN|{$id}|{$status}
[2017-11-09 11:58:48] [INFO] CMD_SITESCAN|{$id}|{$status}
[2017-11-09 11:58:53] [INFO] CMD_SITESCAN|{$id}|{$status}
[2017-11-09 12:01:47] [INFO] CMD_SITESCAN|{$id}|{$status}
[2017-11-09 12:01:50] [INFO] CMD_SITESCAN|{$id}|{$status}
[2017-11-09 12:01:52] [INFO] CMD_SITESCAN|{$id}|{$status}
[2017-11-09 12:02:41] [INFO] CMD_SITESCAN|{$id}|{$status}
[2017-11-09 12:03:42] [INFO] CMD_SITESCAN|{$id}|{$status}
[2017-11-09 12:03:52] [INFO] CMD_SITESCAN|{$id}|{$status}
[2017-11-09 12:03:55] [INFO] CMD_SITESCAN|{$id}|{$status}
[2017-11-09 12:04:09] [INFO] CMD_SITESCAN|{$id}|{$status}
[2017-11-09 12:05:03] [INFO] CMD_SITESCAN|{$id}|{$status}
[2017-11-09 12:07:08] [INFO] CMD_SITESCAN|{$id}|{$status}
[2017-11-09 12:37:16] [INFO] CMD_SITESCAN|{$id}|{$status}
[2017-11-09 12:37:34] [INFO] CMD_SITESCAN|{$id}|{$status}
[2017-11-09 12:37:45] [INFO] CMD_SITESCAN|{$id}|{$status}
[2017-11-09 12:37:49] [INFO] CMD_SITESCAN|{$id}|{$status}
[2017-11-09 12:37:51] [INFO] CMD_SITESCAN|{$id}|{$status}
[2017-11-09 12:39:43] [INFO] CMD_SITESCAN|{$id}|{$status}
[2017-11-09 12:39:45] [INFO] CMD_SITESCAN|{$id}|{$status}
[2017-11-09 12:39:47] [INFO] CMD_SITESCAN|{$id}|{$status}
[2017-11-09 12:45:10] [INFO] CMD_SITESCAN|{$id}|{$status}
[2017-11-09 12:45:29] [INFO] CMD_SITESCAN|{$id}|{$status}
[2017-11-09 12:45:32] [INFO] CMD_SITESCAN|{$id}|{$status}
[2017-11-09 12:45:35] [INFO] CMD_SITESCAN|{$id}|{$status}
[2017-11-09 12:45:53] [INFO] CMD_SITESCAN|{$id}|{$status}
[2017-11-09 12:45:59] [INFO] CMD_SITESCAN|{$id}|{$status}
[2017-11-09 12:46:03] [INFO] CMD_SITESCAN|{$id}|{$status}
[2017-11-09 12:46:05] [INFO] CMD_SITESCAN|{$id}|{$status}
[2017-11-09 12:49:10] [INFO] CMD_SITESCAN|{$id}|{$status}
[2017-11-09 12:49:17] [INFO] CMD_SITESCAN|{$id}|{$status}
[2017-11-09 12:49:21] [INFO] CMD_SITESCAN|{$id}|{$status}
[2017-11-09 12:54:04] [INFO] CMD_SITESCAN|{$id}|{$status}
[2017-11-09 12:56:03] [INFO] CMD_SITESCAN|{$id}|{$status}
[2017-11-09 12:56:18] [INFO] CMD_SITESCAN|{$id}|{$status}
[2017-11-09 12:56:20] [INFO] CMD_SITESCAN|{$id}|{$status}
[2017-11-09 13:01:15] [INFO] CMD_SITESCAN|{$id}|{$status}
[2017-11-09 13:02:25] [INFO] CMD_SITESCAN|{$id}|{$status}
[2017-11-09 13:02:54] [INFO] CMD_SITESCAN|{$id}|{$status}
[2017-11-09 13:03:18] [INFO] CMD_SITESCAN|{$id}|{$status}
[2017-11-09 13:03:36] [INFO] CMD_SITESCAN|{$id}|{$status}
[2017-11-09 13:05:11] [INFO] CMD_SITESCAN|{$id}|{$status}
[2017-11-09 13:05:32] [INFO] CMD_SITESCAN|{$id}|{$status}
[2017-11-09 13:05:50] [INFO] CMD_SITESCAN|{$id}|{$status}
[2017-11-09 13:07:27] [INFO] CMD_SITESCAN|{$id}|{$status}
[2017-11-09 13:08:59] [INFO] CMD_SITESCAN|{$id}|{$status}
[2017-11-09 13:09:09] [INFO] CMD_SITESCAN|{$id}|{$status}
[2017-11-09 13:10:08] [INFO] CMD_SITESCAN|{$id}|{$status}
[2017-11-09 13:11:01] [INFO] CMD_SITESCAN|{$id}|{$status}
[2017-11-09 13:11:56] [INFO] CMD_SITESCAN|{$id}|{$status}
[2017-11-09 13:11:59] [INFO] CMD_SITESCAN|{$id}|{$status}
[2017-11-09 13:12:02] [INFO] CMD_SITESCAN|{$id}|{$status}
[2017-11-09 13:12:05] [INFO] CMD_SITESCAN|{$id}|{$status}
[2017-11-09 13:12:08] [INFO] CMD_SITESCAN|{$id}|{$status}
[2017-11-09 13:12:10] [INFO] CMD_SITESCAN|{$id}|{$status}
[2017-11-09 13:12:13] [INFO] CMD_SITESCAN|{$id}|{$status}
[2017-11-09 13:12:16] [INFO] CMD_SITESCAN|{$id}|{$status}
[2017-11-09 13:12:21] [INFO] CMD_SITESCAN|{$id}|{$status}
[2017-11-09 13:12:23] [INFO] CMD_SITESCAN|{$id}|{$status}
[2017-11-09 13:12:28] [INFO] CMD_SITESCAN|{$id}|{$status}
[2017-11-09 13:12:30] [INFO] CMD_SITESCAN|{$id}|{$status}
[2017-11-09 13:12:33] [INFO] CMD_SITESCAN|{$id}|{$status}
[2017-11-09 13:12:37] [INFO] CMD_SITESCAN|{$id}|{$status}
[2017-11-09 13:13:31] [INFO] CMD_SITESCAN|{$id}|{$status}
[2017-11-09 13:13:37] [INFO] CMD_SITESCAN|{$id}|{$status}
[2017-11-09 13:35:38] [INFO] CMD_SITESCAN|{$id}|{$status}
[2017-11-09 13:35:41] [INFO] CMD_SITESCAN|{$id}|{$status}
[2017-11-09 13:54:32] [INFO] CMD_SITESCAN|{$id}|{$status}
[2017-11-09 13:54:35] [INFO] CMD_SITESCAN|{$id}|{$status}
[2017-11-09 13:54:39] [INFO] CMD_SITESCAN|{$id}|{$status}
[2017-11-09 13:58:45] [INFO] CMD_SITESCAN|{$id}|{$status}
[2017-11-09 13:58:48] [INFO] CMD_SITESCAN|{$id}|{$status}
[2017-11-09 13:58:50] [INFO] CMD_SITESCAN|{$id}|{$status}
[2017-11-09 13:58:52] [INFO] CMD_SITESCAN|{$id}|{$status}
[2017-11-09 13:58:54] [INFO] CMD_SITESCAN|{$id}|{$status}
[2017-11-09 13:58:56] [INFO] CMD_SITESCAN|{$id}|{$status}
[2017-11-09 13:59:30] [INFO] CMD_SITESCAN|{$id}|{$status}
[2017-11-09 13:59:46] [INFO] CMD_SITESCAN|{$id}|{$status}
[2017-11-09 13:59:48] [INFO] CMD_SITESCAN|{$id}|{$status}
[2017-11-09 13:59:49] [INFO] CMD_SITESCAN|{$id}|{$status}
[2017-11-09 13:59:51] [INFO] CMD_SITESCAN|{$id}|{$status}
[2017-11-09 13:59:53] [INFO] CMD_SITESCAN|{$id}|{$status}
[2017-11-09 13:59:55] [INFO] CMD_SITESCAN|{$id}|{$status}
[2017-11-09 13:59:57] [INFO] CMD_SITESCAN|{$id}|{$status}
[2017-11-09 13:59:58] [INFO] CMD_SITESCAN|{$id}|{$status}
[2017-11-09 14:00:01] [INFO] CMD_SITESCAN|{$id}|{$status}
[2017-11-09 14:00:03] [INFO] CMD_SITESCAN|{$id}|{$status}
[2017-11-09 14:00:06] [INFO] CMD_SITESCAN|{$id}|{$status}
[2017-11-09 14:00:08] [INFO] CMD_SITESCAN|{$id}|{$status}
[2017-11-09 14:00:11] [INFO] CMD_SITESCAN|{$id}|{$status}
[2017-11-09 14:00:14] [INFO] CMD_SITESCAN|{$id}|{$status}
[2017-11-09 14:00:20] [INFO] CMD_SITESCAN|{$id}|{$status}
[2017-11-09 14:00:24] [INFO] CMD_SITESCAN|{$id}|{$status}
[2017-11-09 14:32:14] [INFO] CMD_SITESCAN|{$id}|{$status}
[2017-11-09 14:32:17] [INFO] CMD_SITESCAN|{$id}|{$status}
[2017-11-09 14:32:18] [INFO] CMD_SITESCAN|{$id}|{$status}
[2017-11-09 14:32:18] [INFO] CMD_SITESCAN|{$id}|{$status}
[2017-11-09 14:32:20] [INFO] CMD_SITESCAN|{$id}|{$status}
[2017-11-09 14:32:23] [INFO] CMD_SITESCAN|{$id}|{$status}
[2017-11-09 14:32:28] [INFO] CMD_SITESCAN|{$id}|{$status}
[2017-11-09 14:32:32] [INFO] CMD_SITESCAN|{$id}|{$status}
[2017-11-09 14:32:33] [INFO] CMD_SITESCAN|{$id}|{$status}
[2017-11-09 14:32:35] [INFO] CMD_SITESCAN|{$id}|{$status}
[2017-11-09 14:32:38] [INFO] CMD_SITESCAN|{$id}|{$status}
[2017-11-09 14:32:39] [INFO] CMD_SITESCAN|{$id}|{$status}
[2017-11-09 14:34:01] [INFO] CMD_SITESCAN|{$id}|{$status}
[2017-11-09 14:34:04] [INFO] CMD_SITESCAN|{$id}|{$status}
[2017-11-09 14:34:07] [INFO] CMD_SITESCAN|{$id}|{$status}
[2017-11-09 14:34:08] [INFO] CMD_SITESCAN|{$id}|{$status}
[2017-11-09 14:34:10] [INFO] CMD_SITESCAN|{$id}|{$status}
[2017-11-09 14:34:20] [INFO] CMD_SITESCAN|{$id}|{$status}
[2017-11-09 14:34:21] [INFO] CMD_SITESCAN|{$id}|{$status}
[2017-11-09 14:34:22] [INFO] CMD_SITESCAN|{$id}|{$status}
[2017-11-09 14:34:24] [INFO] CMD_SITESCAN|{$id}|{$status}
[2017-11-09 14:34:25] [INFO] CMD_SITESCAN|{$id}|{$status}
[2017-11-09 14:34:25] [INFO] CMD_SITESCAN|{$id}|{$status}
[2017-11-09 14:34:27] [INFO] CMD_SITESCAN|{$id}|{$status}
[2017-11-09 14:34:28] [INFO] CMD_SITESCAN|{$id}|{$status}
[2017-11-09 14:34:28] [INFO] CMD_SITESCAN|{$id}|{$status}
[2017-11-09 14:34:29] [INFO] CMD_SITESCAN|{$id}|{$status}
[2017-11-09 14:34:30] [INFO] CMD_SITESCAN|{$id}|{$status}
[2017-11-09 14:34:31] [INFO] CMD_SITESCAN|{$id}|{$status}
[2017-11-09 14:37:55] [INFO] CMD_SITESCAN|{$id}|{$status}
[2017-11-09 14:40:07] [INFO] CMD_SITESCAN|{$id}|{$status}
[2017-11-09 14:41:12] [INFO] CMD_SITESCAN|{$id}|{$status}
[2017-11-09 14:41:13] [INFO] CMD_SITESCAN|{$id}|{$status}
[2017-11-09 14:41:15] [INFO] CMD_SITESCAN|{$id}|{$status}
[2017-11-09 14:41:16] [INFO] CMD_SITESCAN|{$id}|{$status}
[2017-11-09 14:41:18] [INFO] CMD_SITESCAN|{$id}|{$status}
[2017-11-09 14:43:41] [INFO] CMD_SITESCAN|{$id}|{$status}
[2017-11-09 14:44:23] [INFO] CMD_SITESCAN|{$id}|{$status}
[2017-11-09 14:44:27] [INFO] CMD_SITESCAN|{$id}|{$status}
[2017-11-09 14:44:32] [INFO] CMD_SITESCAN|{$id}|{$status}
[2017-11-09 14:44:33] [INFO] CMD_SITESCAN|{$id}|{$status}
[2017-11-09 14:44:38] [INFO] CMD_SITESCAN|{$id}|{$status}
[2017-11-09 14:44:45] [INFO] CMD_SITESCAN|{$id}|{$status}
[2017-11-09 14:45:37] [INFO] CMD_SITESCAN|{$id}|{$status}
[2017-11-09 14:49:24] [INFO] CMD_SITESCAN|{$id}|{$status}
[2017-11-09 14:49:26] [INFO] CMD_SITESCAN|{$id}|{$status}
[2017-11-09 14:49:28] [INFO] CMD_SITESCAN|{$id}|{$status}
[2017-11-09 14:49:33] [INFO] CMD_SITESCAN|{$id}|{$status}
[2017-11-09 14:50:05] [INFO] CMD_SITESCAN|{$id}|{$status}
[2017-11-09 14:51:44] [INFO] CMD_SITESCAN|{$id}|{$status}
[2017-11-09 14:51:45] [INFO] CMD_SITESCAN|{$id}|{$status}
[2017-11-09 14:51:46] [INFO] CMD_SITESCAN|{$id}|{$status}
[2017-11-09 14:51:47] [INFO] CMD_SITESCAN|{$id}|{$status}
[2017-11-09 14:51:54] [INFO] CMD_SYSCONFIG_RESTORE|/cache/bdconfig.dat
[2017-11-09 14:52:06] [INFO] CMD_SITESCAN|{$id}|{$status}
[2017-11-09 14:52:08] [INFO] CMD_SITESCAN|{$id}|{$status}
[2017-11-09 14:52:10] [INFO] CMD_SITESCAN|{$id}|{$status}
[2017-11-09 14:52:26] [INFO] CMD_SITESCAN|{$id}|{$status}
[2017-11-09 14:52:27] [INFO] CMD_SITESCAN|{$id}|{$status}
[2017-11-09 14:52:49] [INFO] CMD_SITESCAN|{$id}|{$status}
[2017-11-09 14:53:03] [INFO] CMD_SITESCAN|{$id}|{$status}
[2017-11-09 14:53:58] [INFO] CMD_SITESCAN|{$id}|{$status}
[2017-11-09 14:54:07] [INFO] CMD_SITESCAN|{$id}|{$status}
[2017-11-09 14:54:17] [INFO] CMD_UCARP|1|1|1|1
[2017-11-09 14:55:04] [INFO] CMD_SITESCAN|{$id}|{$status}
[2017-11-09 14:55:08] [INFO] CMD_SITESCAN|{$id}|{$status}
[2017-11-09 14:55:18] [INFO] CMD_SITESCAN|{$id}|{$status}
[2017-11-09 14:55:20] [INFO] CMD_TAR_SYSCONFIG
[2017-11-09 14:55:45] [INFO] CMD_SITESCAN|{$id}|{$status}
[2017-11-09 14:55:47] [INFO] CMD_SITESCAN|{$id}|{$status}
[2017-11-09 14:55:49] [INFO] CMD_SITESCAN|{$id}|{$status}
[2017-11-09 14:55:51] [INFO] CMD_SITESCAN|{$id}|{$status}
[2017-11-09 14:55:52] [INFO] CMD_SITESCAN|{$id}|{$status}
[2017-11-09 14:56:40] [INFO] CMD_SYSCONFIG_RESTORE|/cache/bdconfig.dat
[2017-11-09 14:59:27] [INFO] CMD_SITESCAN|{$id}|{$status}
[2017-11-09 15:21:03] [INFO] CMD_SITESCAN|{$id}|{$status}
[2017-11-09 16:27:02] [INFO] CMD_SITESCAN|{$id}|{$status}
[2017-11-09 16:27:16] [INFO] CMD_SITESCAN|{$id}|{$status}
[2017-11-09 16:27:27] [INFO] CMD_SITESCAN|{$id}|{$status}
[2017-11-09 16:27:31] [INFO] CMD_SITESCAN|{$id}|{$status}
[2017-11-09 16:27:51] [INFO] CMD_SITESCAN|{$id}|{$status}
[2017-11-09 16:28:39] [INFO] CMD_SITESCAN|{$id}|{$status}
[2017-11-09 16:29:56] [INFO] CMD_SITESCAN|{$id}|{$status}
[2017-11-09 16:31:31] [INFO] CMD_SITESCAN|{$id}|{$status}
[2017-11-09 16:31:41] [INFO] CMD_SITESCAN|{$id}|{$status}
[2017-11-09 16:50:05] [INFO] CMD_SITESCAN|{$id}|{$status}
[2017-11-09 16:52:10] [INFO] CMD_SITESCAN|{$id}|{$status}
[2017-11-09 17:33:05] [INFO] CMD_WEBOUTRULE
[2017-11-09 17:35:58] [INFO] CMD_NGINX
[2017-11-09 17:35:58] [INFO] CMD_PORT
[2017-11-09 17:36:38] [INFO] CMD_WEBOUTRULE
[2017-11-09 17:39:35] [INFO] CMD_WEBOUTRULE
[2017-11-09 17:45:04] [INFO] CMD_SITESCAN|{$id}|{$status}
[2017-11-09 17:45:22] [INFO] CMD_SITESCAN|{$id}|{$status}
[2017-11-09 17:47:26] [INFO] CMD_NGINX
[2017-11-09 17:47:26] [INFO] CMD_PORT
[2017-11-09 17:48:19] [INFO] CMD_SITESCAN|{$id}|{$status}
[2017-11-09 17:48:45] [INFO] CMD_WEBOUTRULE
[2017-11-09 17:50:09] [INFO] CMD_WEBOUTRULE
[2017-11-09 17:51:32] [INFO] CMD_WEBOUTRULE
[2017-11-09 17:52:14] [INFO] CMD_PORT
[2017-11-09 17:52:14] [INFO] CMD_NGINX
[2017-11-09 17:52:52] [INFO] CMD_PORT
[2017-11-09 17:52:52] [INFO] CMD_NGINX
[2017-11-09 17:53:43] [INFO] CMD_NGINX
[2017-11-09 17:53:44] [INFO] CMD_NGINX
[2017-11-09 17:53:45] [INFO] CMD_NGINX
[2017-11-09 17:53:45] [INFO] CMD_NGINX
[2017-11-09 17:53:46] [INFO] CMD_NGINX
[2017-11-09 17:53:46] [INFO] CMD_NGINX
[2017-11-09 17:53:47] [INFO] CMD_NGINX
[2017-11-09 17:53:48] [INFO] CMD_NGINX
[2017-11-09 17:53:49] [INFO] CMD_NGINX
[2017-11-09 17:53:50] [INFO] CMD_NGINX
[2017-11-09 17:53:50] [INFO] CMD_NGINX
[2017-11-09 17:53:51] [INFO] CMD_NGINX
[2017-11-09 18:00:06] [INFO] CMD_NGINX
[2017-11-09 18:01:50] [INFO] CMD_NGINX
[2017-11-09 18:02:34] [INFO] CMD_NGINX
[2017-11-09 19:00:04] [INFO] CMD_SITESCAN|{$id}|{$status}
[2017-11-09 19:00:05] [INFO] CMD_SITESCAN|{$id}|{$status}
[2017-11-09 19:00:07] [INFO] CMD_SITESCAN|{$id}|{$status}
[2017-11-09 19:00:10] [INFO] CMD_SITESCAN|{$id}|{$status}
[2017-11-09 19:00:17] [INFO] CMD_SITESCAN|{$id}|{$status}
[2017-11-09 19:22:04] [INFO] CMD_PORT
[2017-11-09 19:22:04] [INFO] CMD_NGINX
[2017-11-09 19:22:08] [INFO] CMD_PORT
[2017-11-09 19:22:08] [INFO] CMD_NGINX
[2017-11-09 19:22:18] [INFO] CMD_PORT
[2017-11-09 19:22:18] [INFO] CMD_NGINX
[2017-11-09 19:22:37] [INFO] CMD_PORT
[2017-11-09 19:22:37] [INFO] CMD_NGINX
[2017-11-09 19:22:48] [INFO] CMD_PORT
[2017-11-09 19:22:48] [INFO] CMD_NGINX
[2017-11-09 19:40:27] [INFO] CMD_SITESCAN|{$id}|{$status}
[2017-11-09 19:40:32] [INFO] CMD_SITESCAN|{$id}|{$status}
[2017-11-09 19:40:34] [INFO] CMD_SITESCAN|{$id}|{$status}
[2017-11-09 19:41:54] [INFO] CMD_SITESCAN|{$id}|{$status}
[2017-11-09 19:42:09] [INFO] CMD_SITESCAN|{$id}|{$status}
[2017-11-09 19:50:27] [INFO] CMD_SITESCAN|{$id}|{$status}
[2017-11-09 19:50:29] [INFO] CMD_SITESCAN|{$id}|{$status}
[2017-11-09 19:50:32] [INFO] CMD_SITESCAN|{$id}|{$status}
[2017-11-09 19:53:47] [INFO] CMD_SITESCAN|{$id}|{$status}
[2017-11-09 20:20:28] [INFO] CMD_SITESCAN|{$id}|{$status}
[2017-11-09 20:20:34] [INFO] CMD_SITESCAN|{$id}|{$status}
[2017-11-09 20:20:37] [INFO] CMD_SITESCAN|{$id}|{$status}
[2017-11-09 20:20:43] [INFO] CMD_SITESCAN|{$id}|{$status}
[2017-11-09 20:20:49] [INFO] CMD_SITESCAN|{$id}|{$status}
[2017-11-09 20:20:54] [INFO] CMD_SITESCAN|{$id}|{$status}
[2017-11-09 20:22:44] [INFO] CMD_SITESCAN|{$id}|{$status}
[2017-11-09 20:22:49] [INFO] CMD_SITESCAN|{$id}|{$status}
[2017-11-09 20:23:54] [INFO] CMD_SITESCAN|{$v}|0
[2017-11-10 09:06:00] [INFO] CMD_SITESCAN|{$id}|{$status}
[2017-11-10 09:06:04] [INFO] CMD_SITESCAN|{$id}|{$status}
[2017-11-10 09:06:06] [INFO] CMD_SITESCAN|{$id}|{$status}
[2017-11-10 09:32:49] [INFO] CMD_TAR_SYSTEMINFO_SEND
[2017-11-10 09:36:09] [INFO] CMD_TAR_SYSTEMINFO_SEND
[2017-11-10 09:43:34] [INFO] CMD_TAR_SYSTEMINFO_SEND
[2017-11-10 09:43:42] [INFO] CMD_TAR_SYSTEMINFO_SEND
[2017-11-10 09:44:06] [INFO] CMD_TAR_SYSTEMINFO
[2017-11-10 09:45:34] [INFO] CMD_SSH
[2017-11-10 09:45:39] [INFO] CMD_SSH
[2017-11-10 09:45:47] [INFO] CMD_TAR_SYSTEMINFO
[2017-11-10 09:46:18] [INFO] CMD_TAR_SYSTEMINFO
[2017-11-10 09:47:54] [INFO] CMD_TAR_SYSTEMINFO
[2017-11-10 09:57:24] [INFO] CMD_TAR_SYSCONFIG
[2017-11-10 09:57:43] [INFO] CMD_TAR_SYSCONFIG
[2017-11-10 09:57:48] [INFO] CMD_TAR_SYSTEMINFO
[2017-11-10 10:02:59] [INFO] CMD_NGINX
[2017-11-10 10:04:03] [INFO] CMD_PORT
[2017-11-10 10:04:03] [INFO] CMD_NGINX
[2017-11-10 10:06:07] [INFO] CMD_NGINX
[2017-11-10 10:06:32] [INFO] CMD_NGINX
[2017-11-10 10:07:00] [INFO] CMD_NGINX
[2017-11-10 10:07:05] [INFO] CMD_NGINX
[2017-11-10 10:09:00] [INFO] CMD_NGINX
[2017-11-10 10:09:13] [INFO] CMD_NGINX
[2017-11-10 10:09:19] [INFO] CMD_NGINX
[2017-11-10 10:34:44] [INFO] CMD_NGINX
[2017-11-10 10:35:55] [INFO] CMD_NGINX
[2017-11-10 10:37:01] [INFO] CMD_NGINX
[2017-11-10 10:37:14] [INFO] CMD_NGINX
[2017-11-10 10:44:25] [INFO] CMD_UCARP|1|1|1|1
[2017-11-10 10:44:29] [INFO] CMD_UCARP|1|1|1|1
[2017-11-10 10:46:07] [INFO] CMD_UCARP|1|1|1|1
[2017-11-10 10:47:26] [INFO] CMD_UCARP|1|1|1|1
[2017-11-10 11:00:40] [INFO] CMD_NGINX
[2017-11-10 13:48:43] [INFO] CMD_PORT
[2017-11-10 13:48:43] [INFO] CMD_NGINX
[2017-11-10 13:50:45] [INFO] CMD_PORT
[2017-11-10 13:50:45] [INFO] CMD_NGINX
[2017-11-10 13:57:45] [INFO] CMD_PORT
[2017-11-10 13:57:45] [INFO] CMD_NGINX
[2017-11-10 13:59:02] [INFO] CMD_NGINX
[2017-11-10 13:59:12] [INFO] CMD_NGINX
[2017-11-10 13:59:57] [INFO] CMD_NGINX
[2017-11-10 14:00:04] [INFO] CMD_NGINX
[2017-11-10 14:00:34] [INFO] CMD_NGINX
[2017-11-10 14:00:43] [INFO] CMD_NGINX
[2017-11-10 14:01:35] [INFO] CMD_PORT
[2017-11-10 14:01:35] [INFO] CMD_NGINX
[2017-11-10 14:09:50] [INFO] CMD_PORT
[2017-11-10 14:09:50] [INFO] CMD_NGINX
[2017-11-10 14:09:54] [INFO] CMD_PORT
[2017-11-10 14:09:54] [INFO] CMD_NGINX
[2017-11-10 14:09:59] [INFO] CMD_PORT
[2017-11-10 14:09:59] [INFO] CMD_NGINX
[2017-11-10 14:10:04] [INFO] CMD_PORT
[2017-11-10 14:10:04] [INFO] CMD_NGINX
[2017-11-10 14:14:06] [INFO] CMD_PORT
[2017-11-10 14:14:06] [INFO] CMD_NGINX
[2017-11-10 14:34:32] [INFO] CMD_PORT
[2017-11-10 14:34:32] [INFO] CMD_NGINX
[2017-11-10 14:41:52] [INFO] CMD_PORT
[2017-11-10 14:41:52] [INFO] CMD_NGINX
[2017-11-10 14:44:19] [INFO] CMD_PORT
[2017-11-10 14:44:19] [INFO] CMD_NGINX
[2017-11-10 14:44:31] [INFO] CMD_PORT
[2017-11-10 14:44:31] [INFO] CMD_NGINX
[2017-11-10 14:44:34] [INFO] CMD_PORT
[2017-11-10 14:44:34] [INFO] CMD_NGINX
[2017-11-10 14:44:40] [INFO] CMD_PORT
[2017-11-10 14:44:40] [INFO] CMD_NGINX
[2017-11-10 14:49:26] [INFO] CMD_NGINX
[2017-11-10 14:49:43] [INFO] CMD_PORT
[2017-11-10 14:49:43] [INFO] CMD_NGINX
[2017-11-10 14:51:04] [INFO] CMD_NGINX
[2017-11-10 14:51:20] [INFO] CMD_PORT
[2017-11-10 14:51:20] [INFO] CMD_NGINX
[2017-11-10 14:53:20] [INFO] CMD_PORT
[2017-11-10 14:53:20] [INFO] CMD_NGINX
[2017-11-10 14:55:37] [INFO] CMD_PORT
[2017-11-10 14:55:37] [INFO] CMD_NGINX
[2017-11-10 14:56:35] [INFO] CMD_NGINX
[2017-11-10 14:57:32] [INFO] CMD_NGINX
[2017-11-10 14:57:53] [INFO] CMD_NGINX
[2017-11-10 14:57:59] [INFO] CMD_NGINX
[2017-11-10 14:58:11] [INFO] CMD_PORT
[2017-11-10 14:58:11] [INFO] CMD_NGINX
[2017-11-10 14:58:45] [INFO] CMD_NGINX
[2017-11-10 15:15:20] [INFO] CMD_PORT
[2017-11-10 15:15:20] [INFO] CMD_NGINX
[2017-11-10 15:17:19] [INFO] CMD_PORT
[2017-11-10 15:17:19] [INFO] CMD_NGINX
[2017-11-10 15:19:41] [INFO] CMD_NGINX
[2017-11-10 15:21:42] [INFO] CMD_PORT
[2017-11-10 15:21:42] [INFO] CMD_NGINX
[2017-11-10 15:22:12] [INFO] CMD_NGINX
[2017-11-10 15:28:08] [INFO] CMD_PORT
[2017-11-10 15:28:08] [INFO] CMD_NGINX
[2017-11-10 15:29:26] [INFO] CMD_PORT
[2017-11-10 15:29:26] [INFO] CMD_NGINX
[2017-11-10 15:29:47] [INFO] CMD_NGINX
[2017-11-10 15:31:28] [INFO] CMD_PORT
[2017-11-10 15:31:28] [INFO] CMD_NGINX
[2017-11-10 15:34:51] [INFO] CMD_PORT
[2017-11-10 15:34:51] [INFO] CMD_NGINX
[2017-11-10 15:36:39] [INFO] CMD_PORT
[2017-11-10 15:36:39] [INFO] CMD_NGINX
[2017-11-10 15:38:54] [INFO] CMD_NGINX
[2017-11-10 15:42:00] [INFO] CMD_NGINX
[2017-11-10 15:42:07] [INFO] CMD_NGINX
[2017-11-10 15:48:35] [INFO] CMD_NGINX
[2017-11-10 15:57:58] [INFO] CMD_PORT
[2017-11-10 15:57:58] [INFO] CMD_NGINX
[2017-11-10 15:59:03] [INFO] CMD_PORT
[2017-11-10 15:59:03] [INFO] CMD_NGINX
[2017-11-10 16:19:29] [INFO] CMD_PORT
[2017-11-10 16:19:29] [INFO] CMD_NGINX
[2017-11-10 16:20:13] [INFO] CMD_NGINX
[2017-11-10 16:24:01] [INFO] CMD_TAR_SYSTEMINFO
[2017-11-10 16:24:12] [INFO] CMD_TAR_SYSTEMINFO
[2017-11-10 16:31:38] [INFO] CMD_TAR_SYSTEMINFO
[2017-11-10 16:45:24] [INFO] CMD_TAR_SYSTEMINFO
[2017-11-10 16:54:27] [INFO] CMD_NGINX
[2017-11-10 16:55:09] [INFO] CMD_NGINX
[2017-11-10 16:55:13] [INFO] CMD_PORT
[2017-11-10 16:55:13] [INFO] CMD_NGINX
[2017-11-10 16:55:44] [INFO] CMD_NGINX
[2017-11-10 16:55:51] [INFO] CMD_NGINX
[2017-11-10 16:57:11] [INFO] CMD_NGINX
[2017-11-10 16:57:54] [INFO] CMD_NGINX
[2017-11-10 16:58:24] [INFO] CMD_NGINX
[2017-11-10 16:58:58] [INFO] CMD_NGINX
[2017-11-10 16:59:24] [INFO] CMD_PORT
[2017-11-10 16:59:24] [INFO] CMD_NGINX
[2017-11-10 16:59:50] [INFO] CMD_NGINX
[2017-11-10 17:00:36] [INFO] CMD_NGINX
[2017-11-10 17:01:31] [INFO] CMD_PORT
[2017-11-10 17:01:31] [INFO] CMD_NGINX
[2017-11-10 17:04:50] [INFO] CMD_PORT
[2017-11-10 17:04:50] [INFO] CMD_NGINX
[2017-11-10 17:05:08] [INFO] CMD_PORT
[2017-11-10 17:05:08] [INFO] CMD_NGINX
[2017-11-10 17:05:29] [INFO] CMD_NGINX
[2017-11-10 17:13:56] [INFO] CMD_NGINX
[2017-11-10 17:14:10] [INFO] CMD_NGINX
[2017-11-10 17:15:04] [INFO] CMD_NGINX
[2017-11-10 17:15:40] [INFO] CMD_NGINX
[2017-11-10 17:15:42] [INFO] CMD_NGINX
[2017-11-10 17:16:33] [INFO] CMD_NGINX
[2017-11-10 17:16:48] [INFO] CMD_NGINX
[2017-11-10 17:16:59] [INFO] CMD_NGINX
[2017-11-10 17:27:20] [INFO] CMD_NGINX
[2017-11-10 17:38:36] [INFO] CMD_NGINX
[2017-11-10 17:39:32] [INFO] CMD_NGINX
[2017-11-10 17:40:14] [INFO] CMD_NGINX
[2017-11-10 17:40:42] [INFO] CMD_NGINX
[2017-11-10 17:44:02] [INFO] CMD_NGINX
[2017-11-10 17:44:12] [INFO] CMD_NGINX
[2017-11-10 17:46:21] [INFO] CMD_NGINX
[2017-11-10 18:01:17] [INFO] CMD_NGINX
[2017-11-10 18:01:38] [INFO] CMD_NGINX
[2017-11-10 18:02:05] [INFO] CMD_NGINX
[2017-11-10 18:02:31] [INFO] CMD_NGINX
[2017-11-10 18:02:59] [INFO] CMD_NGINX
[2017-11-10 18:03:37] [INFO] CMD_NGINX
[2017-11-10 18:14:01] [INFO] CMD_NGINX
[2017-11-10 18:30:23] [INFO] CMD_NGINX
[2017-11-10 18:31:22] [INFO] CMD_NGINX
[2017-11-10 18:31:27] [INFO] CMD_NGINX
[2017-11-10 18:37:40] [INFO] CMD_NGINX
[2017-11-10 21:10:37] [INFO] CMD_BAW|47|I
[2017-11-10 21:30:19] [INFO] CMD_BAW|47|U|black,172.16.7.3/24
[2017-11-10 21:30:36] [INFO] CMD_BAW|47|U|white,172.16.7.3/24
[2017-11-11 11:18:50] [INFO] CMD_BAW
[2017-11-11 11:18:54] [INFO] CMD_BAW
[2017-11-11 11:30:36] [INFO] CMD_BAW
[2017-11-11 14:32:39] [INFO] CMD_PORT
[2017-11-11 14:32:39] [INFO] CMD_NGINX
[2017-11-11 14:57:54] [INFO] CMD_PORT
[2017-11-11 14:57:54] [INFO] CMD_NGINX
[2017-11-11 15:08:58] [INFO] CMD_NGINX
[2017-11-11 15:10:24] [INFO] CMD_NGINX
[2017-11-11 15:17:01] [INFO] CMD_SITESCAN|{$id}|{$status}
[2017-11-11 15:17:04] [INFO] CMD_SITESCAN|{$id}|{$status}
[2017-11-11 15:17:11] [INFO] CMD_SITESCAN|{$id}|{$status}
[2017-11-11 15:34:43] [INFO] CMD_NGINX
[2017-11-11 15:36:44] [INFO] CMD_NGINX
[2017-11-11 17:06:16] [INFO] CMD_SSH
[2017-11-11 17:06:22] [INFO] CMD_SSH
[2017-11-11 17:06:31] [INFO] CMD_SSH
[2017-11-11 17:06:57] [INFO] CMD_TAR_SYSTEMINFO
[2017-11-11 17:07:29] [INFO] CMD_SSH
[2017-11-11 17:07:49] [INFO] CMD_TAR_SYSTEMINFO
[2017-11-11 20:13:11] [INFO] CMD_BAW|48|I
[2017-11-11 20:14:07] [INFO] CMD_BAW|48|U|white,192.168.1.1
[2017-11-11 20:14:33] [INFO] CMD_BAW|48|U|white,192.168.1.22-192.168.88.22
[2017-11-11 20:14:44] [INFO] CMD_BAW|48|U|white,192.168.0.0/16
[2017-11-11 20:15:11] [INFO] CMD_BAW|48|U|white,192.0.0.0/8
[2017-11-12 16:58:28] [INFO] CMD_DDOS
[2017-11-12 16:58:50] [INFO] CMD_DDOS
[2017-11-12 16:59:21] [INFO] CMD_DDOS
[2017-11-12 16:59:24] [INFO] CMD_DDOS
[2017-11-12 17:00:29] [INFO] CMD_DDOS
[2017-11-12 17:00:53] [INFO] CMD_DDOS
[2017-11-12 17:01:44] [INFO] CMD_DDOS
[2017-11-12 17:02:26] [INFO] CMD_DDOS
[2017-11-12 17:04:16] [INFO] CMD_DDOS
[2017-11-12 17:04:43] [INFO] CMD_DDOS
[2017-11-12 17:04:59] [INFO] CMD_DDOS
[2017-11-12 17:41:28] [INFO] CMD_DDOS
[2017-11-12 17:44:31] [INFO] CMD_DDOS
[2017-11-12 18:02:16] [INFO] CMD_DDOS
[2017-11-12 18:10:40] [INFO] CMD_BAW|44|U|white,172.16.2.0/24
[2017-11-12 18:10:44] [INFO] CMD_BAW
[2017-11-12 18:14:50] [INFO] CMD_BAW|44|D
[2017-11-12 18:14:50] [INFO] CMD_BAW|44|U|black,172.16.2.0/24
[2017-11-12 18:15:07] [INFO] CMD_BAW|46|U|black,172.16.7.0/24
[2017-11-12 18:15:14] [INFO] CMD_BAW
[2017-11-12 18:16:43] [INFO] CMD_BAW
[2017-11-12 18:49:50] [INFO] CMD_BAW
[2017-11-12 18:50:07] [INFO] CMD_BAW
[2017-11-13 08:42:40] [INFO] CMD_TAR_SYSTEMINFO_SEND
[2017-11-13 09:08:03] [INFO] CMD_DDOS
[2017-11-13 09:35:15] [INFO] CMD_NGINX
[2017-11-13 09:42:31] [INFO] CMD_DDOS
[2017-11-13 09:43:37] [INFO] CMD_NGINX
[2017-11-13 09:44:07] [INFO] CMD_NGINX
[2017-11-13 09:46:31] [INFO] CMD_NGINX
[2017-11-13 09:50:42] [INFO] CMD_NGINX
[2017-11-13 09:52:13] [INFO] CMD_NGINX
[2017-11-13 09:55:54] [INFO] CMD_BAW
[2017-11-13 09:55:57] [INFO] CMD_BAW
[2017-11-13 11:21:58] [INFO] CMD_BAW|49|I
[2017-11-13 11:44:50] [INFO] CMD_BAW
[2017-11-13 14:22:09] [INFO] CMD_NGINX
[2017-11-13 14:37:19] [INFO] CMD_NGINX
[2017-11-13 15:13:45] [INFO] CMD_NGINX
[2017-11-13 15:13:48] [INFO] CMD_NGINX
[2017-11-13 15:16:26] [INFO] CMD_NGINX
[2017-11-13 15:16:32] [INFO] CMD_NGINX
[2017-11-13 15:16:35] [INFO] CMD_NGINX
[2017-11-13 15:16:54] [INFO] CMD_NGINX
[2017-11-13 15:16:55] [INFO] CMD_WEBOUTRULE
[2017-11-13 15:19:42] [INFO] CMD_NGINX
[2017-11-13 15:21:44] [INFO] CMD_NGINX
[2017-11-13 15:23:23] [INFO] CMD_NGINX
[2017-11-13 15:24:22] [INFO] CMD_NGINX
[2017-11-13 15:25:24] [INFO] CMD_NGINX
[2017-11-13 15:29:16] [INFO] CMD_NGINX
[2017-11-13 15:32:55] [INFO] CMD_WEBOUTRULE
[2017-11-13 15:48:42] [INFO] CMD_GEN_ERRORPAGE|
[2017-11-13 15:54:30] [INFO] CMD_NGINX
[2017-11-13 16:13:46] [INFO] CMD_GEN_ERRORPAGE|
[2017-11-13 16:14:35] [INFO] CMD_NGINX
[2017-11-13 16:15:01] [INFO] CMD_GEN_ERRORPAGE|
[2017-11-13 16:15:41] [INFO] CMD_NGINX
[2017-11-13 16:15:48] [INFO] CMD_GEN_ERRORPAGE|
[2017-11-13 16:23:01] [INFO] CMD_DDOS
[2017-11-13 16:24:34] [INFO] CMD_WEBOUTRULE
[2017-11-13 16:42:51] [INFO] CMD_DDOS
[2017-11-13 16:44:31] [INFO] CMD_DDOS
[2017-11-13 16:51:21] [INFO] CMD_DDOS
[2017-11-13 16:59:02] [INFO] CMD_NGINX
[2017-11-13 17:17:29] [INFO] CMD_NGINX
[2017-11-13 17:26:17] [INFO] CMD_NGINX
[2017-11-13 18:08:46] [INFO] CMD_TAR_SYSTEMINFO_SEND
[2017-11-13 18:08:47] [INFO] CMD_TAR_SYSTEMINFO_SEND
[2017-11-13 20:08:15] [INFO] CMD_NGINX
[2017-11-14 08:54:34] [INFO] CMD_NGINX
[2017-11-14 10:27:36] [INFO] CMD_WEBOUTRULE
[2017-11-14 11:29:39] [INFO] CMD_WEBOUTRULE
[2017-11-14 13:45:15] [INFO] CMD_WEBOUTRULE
[2017-11-14 13:52:04] [INFO] CMD_WEBOUTRULE
[2017-11-14 13:52:12] [INFO] CMD_WEBOUTRULE
[2017-11-14 14:10:39] [INFO] CMD_BAW
[2017-11-14 14:11:54] [INFO] CMD_BAW|50|I
[2017-11-14 14:12:00] [INFO] CMD_BAW
[2017-11-14 14:12:13] [INFO] CMD_BAW
[2017-11-14 14:18:58] [INFO] CMD_SSH
[2017-11-14 14:21:09] [INFO] CMD_TAR_SYSTEMINFO
[2017-11-14 14:54:12] [INFO] CMD_DDOS
[2017-11-14 14:56:59] [INFO] CMD_DDOS
[2017-11-14 15:06:25] [INFO] CMD_PORT
[2017-11-14 15:06:25] [INFO] CMD_NGINX
[2017-11-14 15:06:31] [INFO] CMD_PORT
[2017-11-14 15:06:31] [INFO] CMD_NGINX
[2017-11-14 15:06:37] [INFO] CMD_PORT
[2017-11-14 15:06:37] [INFO] CMD_NGINX
[2017-11-14 15:08:48] [INFO] CMD_NGINX
[2017-11-14 15:18:42] [INFO] CMD_NGINX
[2017-11-14 15:33:57] [INFO] CMD_NGINX
[2017-11-14 15:54:21] [INFO] CMD_NGINX
[2017-11-14 15:54:26] [INFO] CMD_NGINX
[2017-11-14 16:25:42] [INFO] CMD_NGINX
[2017-11-14 16:45:20] [INFO] CMD_DDOS
[2017-11-14 16:52:48] [INFO] CMD_WEBOUTRULE
[2017-11-14 16:53:06] [INFO] CMD_WEBOUTRULE
[2017-11-14 16:53:25] [INFO] CMD_WEBOUTRULE
[2017-11-14 16:55:34] [INFO] CMD_WEBOUTRULE
[2017-11-14 16:55:40] [INFO] CMD_NGINX
[2017-11-14 16:55:44] [INFO] CMD_WEBOUTRULE
[2017-11-14 16:55:45] [INFO] CMD_NGINX
[2017-11-14 16:58:55] [INFO] CMD_WEBOUTRULE
[2017-11-14 17:03:19] [INFO] CMD_NGINX
[2017-11-14 17:03:21] [INFO] CMD_NGINX
[2017-11-14 17:03:22] [INFO] CMD_NGINX
[2017-11-14 17:03:24] [INFO] CMD_NGINX
[2017-11-14 17:06:03] [INFO] CMD_NGINX
[2017-11-14 17:11:33] [INFO] CMD_NGINX
[2017-11-14 17:16:10] [INFO] CMD_NGINX
[2017-11-14 17:16:11] [INFO] CMD_NGINX
[2017-11-14 17:16:12] [INFO] CMD_NGINX
[2017-11-14 17:18:31] [INFO] CMD_WEBOUTRULE
[2017-11-14 17:27:53] [INFO] CMD_NGINX
[2017-11-14 17:28:21] [INFO] CMD_NGINX
[2017-11-14 17:31:21] [INFO] CMD_NGINX
[2017-11-14 17:33:38] [INFO] CMD_NGINX
[2017-11-14 17:34:05] [INFO] CMD_NGINX
[2017-11-14 17:39:54] [INFO] CMD_NGINX
[2017-11-14 17:41:12] [INFO] CMD_NGINX
[2017-11-14 17:42:09] [INFO] CMD_NGINX
[2017-11-14 17:43:13] [INFO] CMD_NGINX
[2017-11-14 17:43:27] [INFO] CMD_NGINX
[2017-11-14 17:43:50] [INFO] CMD_WEBOUTRULE
[2017-11-14 17:44:23] [INFO] CMD_NGINX
[2017-11-14 17:44:29] [INFO] CMD_NGINX
[2017-11-14 17:45:03] [INFO] CMD_NGINX
[2017-11-14 17:48:05] [INFO] CMD_DDOS
[2017-11-14 17:49:31] [INFO] CMD_NGINX
[2017-11-14 17:50:33] [INFO] CMD_NGINX
[2017-11-14 17:51:24] [INFO] CMD_NGINX
[2017-11-14 17:58:20] [INFO] CMD_NGINX
[2017-11-14 17:59:13] [INFO] CMD_NGINX
[2017-11-14 18:01:36] [INFO] CMD_WEBOUTRULE
[2017-11-14 18:01:39] [INFO] CMD_WEBOUTRULE
[2017-11-14 18:08:03] [INFO] CMD_NGINX
[2017-11-14 18:08:07] [INFO] CMD_NGINX
[2017-11-14 18:08:14] [INFO] CMD_NGINX
[2017-11-14 18:08:20] [INFO] CMD_NGINX
[2017-11-14 18:08:24] [INFO] CMD_NGINX
[2017-11-14 18:08:32] [INFO] CMD_NGINX
[2017-11-14 18:08:59] [INFO] CMD_NGINX
[2017-11-14 18:13:07] [INFO] CMD_WEBOUTRULE
[2017-11-14 18:13:11] [INFO] CMD_WEBOUTRULE
[2017-11-14 18:13:14] [INFO] CMD_WEBOUTRULE
[2017-11-14 18:13:41] [INFO] CMD_NGINX
[2017-11-14 18:14:26] [INFO] CMD_NGINX
[2017-11-14 18:16:24] [INFO] CMD_NGINX
[2017-11-14 18:19:29] [INFO] CMD_NGINX
[2017-11-14 18:20:03] [INFO] CMD_NGINX
[2017-11-14 18:20:53] [INFO] CMD_NGINX
[2017-11-14 18:20:54] [INFO] CMD_NGINX
[2017-11-14 18:20:56] [INFO] CMD_NGINX
[2017-11-14 18:20:58] [INFO] CMD_NGINX
[2017-11-15 08:54:43] [INFO] CMD_DDOS
[2017-11-15 09:03:02] [INFO] CMD_DDOS
[2017-11-15 09:19:22] [INFO] CMD_WEBOUTRULE
[2017-11-15 09:22:25] [INFO] CMD_TAR_SYSTEMINFO
[2017-11-15 09:32:55] [INFO] CMD_NGINX
[2017-11-15 09:33:31] [INFO] CMD_NGINX
[2017-11-15 09:37:46] [INFO] CMD_NGINX
[2017-11-15 09:38:49] [INFO] CMD_NGINX
[2017-11-15 09:41:32] [INFO] CMD_NGINX
[2017-11-15 09:46:51] [INFO] CMD_NGINX
[2017-11-15 09:48:42] [INFO] CMD_NGINX
[2017-11-15 09:53:47] [INFO] CMD_NGINX
[2017-11-15 09:54:26] [INFO] CMD_NGINX
[2017-11-15 09:55:38] [INFO] CMD_NGINX
[2017-11-15 09:56:54] [INFO] CMD_NGINX
[2017-11-15 09:57:28] [INFO] CMD_NGINX
[2017-11-15 09:57:55] [INFO] CMD_DDOS
[2017-11-15 10:01:02] [INFO] CMD_NGINX
[2017-11-15 10:07:11] [INFO] CMD_DDOS
[2017-11-15 10:08:31] [INFO] CMD_NGINX
[2017-11-15 10:10:00] [INFO] CMD_NGINX
[2017-11-15 10:10:40] [INFO] CMD_NGINX
[2017-11-15 10:11:59] [INFO] CMD_NGINX
[2017-11-15 10:12:32] [INFO] CMD_NGINX
[2017-11-15 10:13:35] [INFO] CMD_NGINX
[2017-11-15 10:14:41] [INFO] CMD_NGINX
[2017-11-15 10:15:09] [INFO] CMD_NGINX
[2017-11-15 11:10:00] [INFO] CMD_TAR_SYSTEMINFO_SEND
[2017-11-15 11:13:54] [INFO] CMD_TAR_SYSTEMINFO_SEND
[2017-11-15 11:38:18] [INFO] CMD_TAR_SYSTEMINFO_SEND
[2017-11-15 13:37:21] [INFO] CMD_TAR_SYSTEMINFO_SEND
[2017-11-15 14:02:58] [INFO] CMD_NGINX
[2017-11-15 14:03:42] [INFO] CMD_NGINX
[2017-11-15 14:04:00] [INFO] CMD_NGINX
[2017-11-15 14:04:28] [INFO] CMD_NGINX
[2017-11-15 14:07:19] [INFO] CMD_NGINX
[2017-11-15 14:52:09] [INFO] CMD_SITESCAN|{$id}|{$status}
[2017-11-15 14:52:19] [INFO] CMD_SITESCAN|{$id}|{$status}
[2017-11-15 15:30:13] [INFO] CMD_SITESCAN|6|3
[2017-11-15 15:30:17] [INFO] CMD_SITESCAN|6|1
[2017-11-15 15:31:37] [INFO] CMD_SITESCAN|6|3
[2017-11-15 15:31:41] [INFO] CMD_SITESCAN|6|1
[2017-11-15 15:32:16] [INFO] CMD_SITESCAN|6|3
[2017-11-15 15:32:25] [INFO] CMD_SITESCAN|6|0
[2017-11-15 15:39:10] [INFO] CMD_SITESCAN|10|1
[2017-11-15 15:39:14] [INFO] CMD_SITESCAN|10|3
[2017-11-15 15:58:55] [INFO] CMD_SITESCAN|3|3
[2017-11-15 15:59:01] [INFO] CMD_SITESCAN|2|3
[2017-11-15 15:59:04] [INFO] CMD_SITESCAN|1|3
[2017-11-15 15:59:10] [INFO] CMD_SITESCAN|8|3
[2017-11-15 15:59:16] [INFO] CMD_SITESCAN|5|3
[2017-11-15 15:59:24] [INFO] CMD_SITESCAN|7|1
[2017-11-15 16:03:06] [INFO] CMD_SITESCAN|7|3
[2017-11-15 16:03:11] [INFO] CMD_SITESCAN|7|1
[2017-11-15 16:33:45] [INFO] CMD_NGINX
[2017-11-15 16:42:47] [INFO] CMD_TAR_SYSTEMINFO_SEND
[2017-11-15 16:50:58] [INFO] CMD_NGINX
[2017-11-15 16:50:59] [INFO] CMD_NGINX
[2017-11-15 16:51:31] [INFO] CMD_NGINX
[2017-11-15 16:51:33] [INFO] CMD_NGINX
[2017-11-15 16:52:32] [INFO] CMD_NGINX
[2017-11-15 16:52:34] [INFO] CMD_NGINX
[2017-11-15 16:58:04] [INFO] CMD_NGINX
[2017-11-15 17:01:05] [INFO] CMD_NGINX
[2017-11-15 17:06:18] [INFO] CMD_SITESCAN|2|1
[2017-11-15 17:06:44] [INFO] CMD_SITESCAN|1|1
[2017-11-15 17:10:02] [INFO] CMD_NGINX
[2017-11-15 17:14:01] [INFO] CMD_NGINX
[2017-11-15 17:14:03] [INFO] CMD_NGINX
[2017-11-15 17:14:42] [INFO] CMD_NGINX
[2017-11-15 17:14:44] [INFO] CMD_NGINX
[2017-11-15 17:18:41] [INFO] CMD_SITESCAN|1|1
[2017-11-15 17:26:06] [INFO] CMD_SITESCAN|2|1
[2017-11-15 17:31:34] [INFO] CMD_SITESCAN|1|1
[2017-11-15 17:31:36] [INFO] CMD_SITESCAN|2|1
[2017-11-15 18:01:23] [INFO] CMD_NGINX
[2017-11-15 18:01:25] [INFO] CMD_NGINX
[2017-11-15 18:23:00] [INFO] CMD_SITESCAN|1|1
[2017-11-15 18:26:22] [INFO] CMD_SITESCAN|1|1
[2017-11-15 19:42:35] [INFO] CMD_TAR_SYSTEMINFO_SEND
[2017-11-15 19:49:01] [INFO] CMD_NGINX
[2017-11-15 19:49:02] [INFO] CMD_NGINX
[2017-11-15 19:49:05] [INFO] CMD_NGINX
[2017-11-15 19:49:07] [INFO] CMD_NGINX
[2017-11-15 19:49:07] [INFO] CMD_NGINX
[2017-11-15 19:58:46] [INFO] CMD_NGINX
[2017-11-15 19:58:47] [INFO] CMD_NGINX
[2017-11-15 19:58:51] [INFO] CMD_NGINX
[2017-11-15 19:59:05] [INFO] CMD_NGINX
[2017-11-15 19:59:44] [INFO] CMD_NGINX
[2017-11-15 19:59:44] [INFO] CMD_NGINX
[2017-11-15 19:59:45] [INFO] CMD_NGINX
[2017-11-15 19:59:46] [INFO] CMD_NGINX
[2017-11-15 19:59:46] [INFO] CMD_NGINX
[2017-11-15 19:59:49] [INFO] CMD_NGINX
[2017-11-15 19:59:50] [INFO] CMD_NGINX
[2017-11-15 21:02:08] [INFO] CMD_NGINX
[2017-11-15 21:02:16] [INFO] CMD_NGINX
[2017-11-15 21:02:23] [INFO] CMD_NGINX
[2017-11-15 21:02:24] [INFO] CMD_NGINX
[2017-11-15 21:02:27] [INFO] CMD_NGINX
[2017-11-15 21:02:34] [INFO] CMD_NGINX
[2017-11-16 09:21:42] [INFO] CMD_SITESCAN|1|1
[2017-11-16 10:17:23] [INFO] CMD_NGINX
[2017-11-16 10:17:24] [INFO] CMD_NGINX
[2017-11-16 10:17:25] [INFO] CMD_NGINX
[2017-11-16 10:17:26] [INFO] CMD_NGINX
[2017-11-16 10:17:26] [INFO] CMD_NGINX
[2017-11-16 10:17:27] [INFO] CMD_NGINX
[2017-11-16 10:17:30] [INFO] CMD_NGINX
[2017-11-16 10:17:31] [INFO] CMD_NGINX
[2017-11-16 10:17:32] [INFO] CMD_NGINX
[2017-11-16 10:17:32] [INFO] CMD_NGINX
[2017-11-16 10:17:33] [INFO] CMD_NGINX
[2017-11-16 10:17:34] [INFO] CMD_NGINX
[2017-11-16 10:17:36] [INFO] CMD_NGINX
[2017-11-16 10:17:37] [INFO] CMD_NGINX
[2017-11-16 10:17:38] [INFO] CMD_NGINX
[2017-11-16 10:17:38] [INFO] CMD_NGINX
[2017-11-16 10:17:39] [INFO] CMD_NGINX
[2017-11-16 10:17:39] [INFO] CMD_NGINX
[2017-11-16 10:17:40] [INFO] CMD_NGINX
[2017-11-16 10:17:41] [INFO] CMD_NGINX
[2017-11-16 10:17:42] [INFO] CMD_NGINX
[2017-11-16 10:17:43] [INFO] CMD_NGINX
[2017-11-16 10:24:36] [INFO] CMD_NGINX
[2017-11-16 10:24:46] [INFO] CMD_NGINX
[2017-11-16 10:25:46] [INFO] CMD_NGINX
[2017-11-16 10:25:52] [INFO] CMD_NGINX
[2017-11-16 10:26:06] [INFO] CMD_NGINX
[2017-11-16 10:26:11] [INFO] CMD_NGINX
[2017-11-16 10:31:19] [INFO] CMD_NGINX
[2017-11-16 10:36:22] [INFO] CMD_SITESCAN|1|3
[2017-11-16 10:36:27] [INFO] CMD_SITESCAN|1|1
[2017-11-16 10:36:55] [INFO] CMD_NGINX
[2017-11-16 10:36:57] [INFO] CMD_NGINX
[2017-11-16 10:36:58] [INFO] CMD_NGINX
[2017-11-16 10:37:00] [INFO] CMD_NGINX
[2017-11-16 10:37:02] [INFO] CMD_NGINX
[2017-11-16 10:37:09] [INFO] CMD_NGINX
[2017-11-16 10:37:09] [INFO] CMD_NGINX
[2017-11-16 10:44:49] [INFO] CMD_NGINX
[2017-11-16 10:45:18] [INFO] CMD_NGINX
[2017-11-16 10:45:31] [INFO] CMD_NGINX
[2017-11-16 10:45:37] [INFO] CMD_NGINX
[2017-11-16 11:01:33] [INFO] CMD_SITESCAN|8|1
[2017-11-16 13:49:29] [INFO] CMD_PORT
[2017-11-16 13:49:29] [INFO] CMD_DDOS
[2017-11-16 13:49:29] [INFO] CMD_NGINX
[2017-11-16 13:49:32] [INFO] CMD_PORT
[2017-11-16 13:49:32] [INFO] CMD_DDOS
[2017-11-16 13:49:32] [INFO] CMD_NGINX
[2017-11-16 13:49:52] [INFO] CMD_PORT
[2017-11-16 13:49:52] [INFO] CMD_DDOS
[2017-11-16 13:49:52] [INFO] CMD_NGINX
[2017-11-16 13:49:55] [INFO] CMD_PORT
[2017-11-16 13:49:55] [INFO] CMD_DDOS
[2017-11-16 13:49:55] [INFO] CMD_NGINX
[2017-11-16 13:50:00] [INFO] CMD_PORT
[2017-11-16 13:50:00] [INFO] CMD_DDOS
[2017-11-16 13:50:00] [INFO] CMD_NGINX
[2017-11-16 13:50:02] [INFO] CMD_PORT
[2017-11-16 13:50:02] [INFO] CMD_DDOS
[2017-11-16 13:50:02] [INFO] CMD_NGINX
[2017-11-16 13:50:07] [INFO] CMD_PORT
[2017-11-16 13:50:07] [INFO] CMD_DDOS
[2017-11-16 13:50:07] [INFO] CMD_NGINX
[2017-11-16 13:50:09] [INFO] CMD_PORT
[2017-11-16 13:50:09] [INFO] CMD_DDOS
[2017-11-16 13:50:09] [INFO] CMD_NGINX
