Tue Nov 13 10:54:01 2012 - 12196 - DEBUG 1 -  Plugin geoip: InitParams=GEOIP_STANDARD /usr/local/bluedon/cfmanager/awstats/etc/GeoIP.dat
Tue Nov 13 10:54:01 2012 - 12196 - DEBUG 1 -  Plugin geoip: GeoIP initialized type=geoip mode=0 override=
Tue Nov 13 10:54:01 2012 - 12196 - DEBUG 1 -  Plugin geoip_city_maxmind: InitParams=GEOIP_STANDARD /usr/local/bluedon/cfmanager/awstats/etc/GeoLiteCity.dat
Tue Nov 13 10:54:01 2012 - 12196 - DEBUG 1 -  Plugin geoip_city_maxmind: GeoIP initialized type=geoip mode=0 override=
Tue Nov 13 10:54:01 2012 - 12196 - DEBUG 1 -  Plugin geoip_org_maxmind: InitParams=GEOIP_STANDARD /usr/local/bluedon/cfmanager/awstats/etc/GeoIPASNum.dat
Tue Nov 13 10:54:01 2012 - 12196 - DEBUG 1 -  Plugin geoip_org_maxmind: GeoIP initialized type=geoip mode=0
Tue Nov 13 10:54:02 2012 - 12203 - DEBUG 1 -  Plugin geoip: InitParams=GEOIP_STANDARD /usr/local/bluedon/cfmanager/awstats/etc/GeoIP.dat
Tue Nov 13 10:54:02 2012 - 12203 - DEBUG 1 -  Plugin geoip: GeoIP initialized type=geoip mode=0 override=
Tue Nov 13 10:54:02 2012 - 12203 - DEBUG 1 -  Plugin geoip_city_maxmind: InitParams=GEOIP_STANDARD /usr/local/bluedon/cfmanager/awstats/etc/GeoLiteCity.dat
Tue Nov 13 10:54:02 2012 - 12203 - DEBUG 1 -  Plugin geoip_city_maxmind: GeoIP initialized type=geoip mode=0 override=
Tue Nov 13 10:54:02 2012 - 12203 - DEBUG 1 -  Plugin geoip_org_maxmind: InitParams=GEOIP_STANDARD /usr/local/bluedon/cfmanager/awstats/etc/GeoIPASNum.dat
Tue Nov 13 10:54:02 2012 - 12203 - DEBUG 1 -  Plugin geoip_org_maxmind: GeoIP initialized type=geoip mode=0
Tue Nov 13 10:54:02 2012 - 12203 - DEBUG 1 - No override file "/usr/local/bluedon/cfmanager/awstats/data/geoip.txt": No such file or directory
Tue Nov 13 10:54:02 2012 - 12203 - DEBUG 1 - No override file "/usr/local/bluedon/cfmanager/awstats/data/geoip_org_maxmind.txt": No such file or directory
Tue Nov 13 10:54:02 2012 - 12203 - DEBUG 1 - No override file "/usr/local/bluedon/cfmanager/awstats/data/geoip_city_maxmind.txt": No such file or directory
Tue Nov 13 10:54:06 2012 - 12222 - DEBUG 1 -  Plugin geoip: InitParams=GEOIP_STANDARD /usr/local/bluedon/cfmanager/awstats/etc/GeoIP.dat
Tue Nov 13 10:54:06 2012 - 12222 - DEBUG 1 -  Plugin geoip: GeoIP initialized type=geoip mode=0 override=
Tue Nov 13 10:54:06 2012 - 12222 - DEBUG 1 -  Plugin geoip_city_maxmind: InitParams=GEOIP_STANDARD /usr/local/bluedon/cfmanager/awstats/etc/GeoLiteCity.dat
Tue Nov 13 10:54:06 2012 - 12222 - DEBUG 1 -  Plugin geoip_city_maxmind: GeoIP initialized type=geoip mode=0 override=
Tue Nov 13 10:54:06 2012 - 12222 - DEBUG 1 -  Plugin geoip_org_maxmind: InitParams=GEOIP_STANDARD /usr/local/bluedon/cfmanager/awstats/etc/GeoIPASNum.dat
Tue Nov 13 10:54:06 2012 - 12222 - DEBUG 1 -  Plugin geoip_org_maxmind: GeoIP initialized type=geoip mode=0
Tue Nov 13 10:54:06 2012 - 12222 - DEBUG 1 - No override file "/usr/local/bluedon/cfmanager/awstats/data/geoip.txt": No such file or directory
Tue Nov 13 10:54:06 2012 - 12222 - DEBUG 1 - No override file "/usr/local/bluedon/cfmanager/awstats/data/geoip_org_maxmind.txt": No such file or directory
Tue Nov 13 10:54:06 2012 - 12222 - DEBUG 1 - No override file "/usr/local/bluedon/cfmanager/awstats/data/geoip_city_maxmind.txt": No such file or directory
Tue Nov 13 10:54:07 2012 - 12229 - DEBUG 1 -  Plugin geoip: InitParams=GEOIP_STANDARD /usr/local/bluedon/cfmanager/awstats/etc/GeoIP.dat
Tue Nov 13 10:54:07 2012 - 12229 - DEBUG 1 -  Plugin geoip: GeoIP initialized type=geoip mode=0 override=
Tue Nov 13 10:54:07 2012 - 12229 - DEBUG 1 -  Plugin geoip_city_maxmind: InitParams=GEOIP_STANDARD /usr/local/bluedon/cfmanager/awstats/etc/GeoLiteCity.dat
Tue Nov 13 10:54:07 2012 - 12229 - DEBUG 1 -  Plugin geoip_city_maxmind: GeoIP initialized type=geoip mode=0 override=
Tue Nov 13 10:54:07 2012 - 12229 - DEBUG 1 -  Plugin geoip_org_maxmind: InitParams=GEOIP_STANDARD /usr/local/bluedon/cfmanager/awstats/etc/GeoIPASNum.dat
Tue Nov 13 10:54:07 2012 - 12229 - DEBUG 1 -  Plugin geoip_org_maxmind: GeoIP initialized type=geoip mode=0
Tue Nov 13 10:54:08 2012 - 12238 - DEBUG 1 -  Plugin geoip: InitParams=GEOIP_STANDARD /usr/local/bluedon/cfmanager/awstats/etc/GeoIP.dat
Tue Nov 13 10:54:08 2012 - 12238 - DEBUG 1 -  Plugin geoip: GeoIP initialized type=geoip mode=0 override=
Tue Nov 13 10:54:08 2012 - 12238 - DEBUG 1 -  Plugin geoip_city_maxmind: InitParams=GEOIP_STANDARD /usr/local/bluedon/cfmanager/awstats/etc/GeoLiteCity.dat
Tue Nov 13 10:54:08 2012 - 12238 - DEBUG 1 -  Plugin geoip_city_maxmind: GeoIP initialized type=geoip mode=0 override=
Tue Nov 13 10:54:08 2012 - 12238 - DEBUG 1 -  Plugin geoip_org_maxmind: InitParams=GEOIP_STANDARD /usr/local/bluedon/cfmanager/awstats/etc/GeoIPASNum.dat
Tue Nov 13 10:54:08 2012 - 12238 - DEBUG 1 -  Plugin geoip_org_maxmind: GeoIP initialized type=geoip mode=0
Tue Nov 13 10:54:09 2012 - 12245 - DEBUG 1 -  Plugin geoip: InitParams=GEOIP_STANDARD /usr/local/bluedon/cfmanager/awstats/etc/GeoIP.dat
Tue Nov 13 10:54:09 2012 - 12245 - DEBUG 1 -  Plugin geoip: GeoIP initialized type=geoip mode=0 override=
Tue Nov 13 10:54:09 2012 - 12245 - DEBUG 1 -  Plugin geoip_city_maxmind: InitParams=GEOIP_STANDARD /usr/local/bluedon/cfmanager/awstats/etc/GeoLiteCity.dat
Tue Nov 13 10:54:09 2012 - 12245 - DEBUG 1 -  Plugin geoip_city_maxmind: GeoIP initialized type=geoip mode=0 override=
Tue Nov 13 10:54:09 2012 - 12245 - DEBUG 1 -  Plugin geoip_org_maxmind: InitParams=GEOIP_STANDARD /usr/local/bluedon/cfmanager/awstats/etc/GeoIPASNum.dat
Tue Nov 13 10:54:09 2012 - 12245 - DEBUG 1 -  Plugin geoip_org_maxmind: GeoIP initialized type=geoip mode=0
Tue Nov 13 10:54:11 2012 - 12252 - DEBUG 1 -  Plugin geoip: InitParams=GEOIP_STANDARD /usr/local/bluedon/cfmanager/awstats/etc/GeoIP.dat
Tue Nov 13 10:54:11 2012 - 12252 - DEBUG 1 -  Plugin geoip: GeoIP initialized type=geoip mode=0 override=
Tue Nov 13 10:54:11 2012 - 12252 - DEBUG 1 -  Plugin geoip_city_maxmind: InitParams=GEOIP_STANDARD /usr/local/bluedon/cfmanager/awstats/etc/GeoLiteCity.dat
Tue Nov 13 10:54:11 2012 - 12252 - DEBUG 1 -  Plugin geoip_city_maxmind: GeoIP initialized type=geoip mode=0 override=
Tue Nov 13 10:54:11 2012 - 12252 - DEBUG 1 -  Plugin geoip_org_maxmind: InitParams=GEOIP_STANDARD /usr/local/bluedon/cfmanager/awstats/etc/GeoIPASNum.dat
Tue Nov 13 10:54:11 2012 - 12252 - DEBUG 1 -  Plugin geoip_org_maxmind: GeoIP initialized type=geoip mode=0
Tue Nov 13 10:54:12 2012 - 12259 - DEBUG 1 -  Plugin geoip: InitParams=GEOIP_STANDARD /usr/local/bluedon/cfmanager/awstats/etc/GeoIP.dat
Tue Nov 13 10:54:12 2012 - 12259 - DEBUG 1 -  Plugin geoip: GeoIP initialized type=geoip mode=0 override=
Tue Nov 13 10:54:12 2012 - 12259 - DEBUG 1 -  Plugin geoip_city_maxmind: InitParams=GEOIP_STANDARD /usr/local/bluedon/cfmanager/awstats/etc/GeoLiteCity.dat
Tue Nov 13 10:54:12 2012 - 12259 - DEBUG 1 -  Plugin geoip_city_maxmind: GeoIP initialized type=geoip mode=0 override=
Tue Nov 13 10:54:12 2012 - 12259 - DEBUG 1 -  Plugin geoip_org_maxmind: InitParams=GEOIP_STANDARD /usr/local/bluedon/cfmanager/awstats/etc/GeoIPASNum.dat
Tue Nov 13 10:54:12 2012 - 12259 - DEBUG 1 -  Plugin geoip_org_maxmind: GeoIP initialized type=geoip mode=0
Tue Nov 13 10:54:12 2012 - 12266 - DEBUG 1 -  Plugin geoip: InitParams=GEOIP_STANDARD /usr/local/bluedon/cfmanager/awstats/etc/GeoIP.dat
Tue Nov 13 10:54:12 2012 - 12266 - DEBUG 1 -  Plugin geoip: GeoIP initialized type=geoip mode=0 override=
Tue Nov 13 10:54:12 2012 - 12266 - DEBUG 1 -  Plugin geoip_city_maxmind: InitParams=GEOIP_STANDARD /usr/local/bluedon/cfmanager/awstats/etc/GeoLiteCity.dat
Tue Nov 13 10:54:12 2012 - 12266 - DEBUG 1 -  Plugin geoip_city_maxmind: GeoIP initialized type=geoip mode=0 override=
Tue Nov 13 10:54:12 2012 - 12266 - DEBUG 1 -  Plugin geoip_org_maxmind: InitParams=GEOIP_STANDARD /usr/local/bluedon/cfmanager/awstats/etc/GeoIPASNum.dat
Tue Nov 13 10:54:12 2012 - 12266 - DEBUG 1 -  Plugin geoip_org_maxmind: GeoIP initialized type=geoip mode=0
Tue Nov 13 10:54:13 2012 - 12285 - DEBUG 1 -  Plugin geoip: InitParams=GEOIP_STANDARD /usr/local/bluedon/cfmanager/awstats/etc/GeoIP.dat
Tue Nov 13 10:54:13 2012 - 12285 - DEBUG 1 -  Plugin geoip: GeoIP initialized type=geoip mode=0 override=
Tue Nov 13 10:54:13 2012 - 12285 - DEBUG 1 -  Plugin geoip_city_maxmind: InitParams=GEOIP_STANDARD /usr/local/bluedon/cfmanager/awstats/etc/GeoLiteCity.dat
Tue Nov 13 10:54:13 2012 - 12285 - DEBUG 1 -  Plugin geoip_city_maxmind: GeoIP initialized type=geoip mode=0 override=
Tue Nov 13 10:54:13 2012 - 12285 - DEBUG 1 -  Plugin geoip_org_maxmind: InitParams=GEOIP_STANDARD /usr/local/bluedon/cfmanager/awstats/etc/GeoIPASNum.dat
Tue Nov 13 10:54:13 2012 - 12285 - DEBUG 1 -  Plugin geoip_org_maxmind: GeoIP initialized type=geoip mode=0
Tue Nov 13 10:54:14 2012 - 12292 - DEBUG 1 -  Plugin geoip: InitParams=GEOIP_STANDARD /usr/local/bluedon/cfmanager/awstats/etc/GeoIP.dat
Tue Nov 13 10:54:14 2012 - 12292 - DEBUG 1 -  Plugin geoip: GeoIP initialized type=geoip mode=0 override=
Tue Nov 13 10:54:14 2012 - 12292 - DEBUG 1 -  Plugin geoip_city_maxmind: InitParams=GEOIP_STANDARD /usr/local/bluedon/cfmanager/awstats/etc/GeoLiteCity.dat
Tue Nov 13 10:54:14 2012 - 12292 - DEBUG 1 -  Plugin geoip_city_maxmind: GeoIP initialized type=geoip mode=0 override=
Tue Nov 13 10:54:14 2012 - 12292 - DEBUG 1 -  Plugin geoip_org_maxmind: InitParams=GEOIP_STANDARD /usr/local/bluedon/cfmanager/awstats/etc/GeoIPASNum.dat
Tue Nov 13 10:54:14 2012 - 12292 - DEBUG 1 -  Plugin geoip_org_maxmind: GeoIP initialized type=geoip mode=0
Tue Nov 13 10:54:15 2012 - 12299 - DEBUG 1 -  Plugin geoip: InitParams=GEOIP_STANDARD /usr/local/bluedon/cfmanager/awstats/etc/GeoIP.dat
Tue Nov 13 10:54:15 2012 - 12299 - DEBUG 1 -  Plugin geoip: GeoIP initialized type=geoip mode=0 override=
Tue Nov 13 10:54:15 2012 - 12299 - DEBUG 1 -  Plugin geoip_city_maxmind: InitParams=GEOIP_STANDARD /usr/local/bluedon/cfmanager/awstats/etc/GeoLiteCity.dat
Tue Nov 13 10:54:15 2012 - 12299 - DEBUG 1 -  Plugin geoip_city_maxmind: GeoIP initialized type=geoip mode=0 override=
Tue Nov 13 10:54:15 2012 - 12299 - DEBUG 1 -  Plugin geoip_org_maxmind: InitParams=GEOIP_STANDARD /usr/local/bluedon/cfmanager/awstats/etc/GeoIPASNum.dat
Tue Nov 13 10:54:15 2012 - 12299 - DEBUG 1 -  Plugin geoip_org_maxmind: GeoIP initialized type=geoip mode=0
Tue Nov 13 10:54:15 2012 - 12306 - DEBUG 1 -  Plugin geoip: InitParams=GEOIP_STANDARD /usr/local/bluedon/cfmanager/awstats/etc/GeoIP.dat
Tue Nov 13 10:54:15 2012 - 12306 - DEBUG 1 -  Plugin geoip: GeoIP initialized type=geoip mode=0 override=
Tue Nov 13 10:54:15 2012 - 12306 - DEBUG 1 -  Plugin geoip_city_maxmind: InitParams=GEOIP_STANDARD /usr/local/bluedon/cfmanager/awstats/etc/GeoLiteCity.dat
Tue Nov 13 10:54:15 2012 - 12306 - DEBUG 1 -  Plugin geoip_city_maxmind: GeoIP initialized type=geoip mode=0 override=
Tue Nov 13 10:54:15 2012 - 12306 - DEBUG 1 -  Plugin geoip_org_maxmind: InitParams=GEOIP_STANDARD /usr/local/bluedon/cfmanager/awstats/etc/GeoIPASNum.dat
Tue Nov 13 10:54:15 2012 - 12306 - DEBUG 1 -  Plugin geoip_org_maxmind: GeoIP initialized type=geoip mode=0
Tue Nov 13 10:54:15 2012 - 12306 - DEBUG 1 - No override file "/usr/local/bluedon/cfmanager/awstats/data/geoip.txt": No such file or directory
Tue Nov 13 10:54:15 2012 - 12306 - DEBUG 1 - No override file "/usr/local/bluedon/cfmanager/awstats/data/geoip_org_maxmind.txt": No such file or directory
Tue Nov 13 10:54:15 2012 - 12306 - DEBUG 1 - No override file "/usr/local/bluedon/cfmanager/awstats/data/geoip_city_maxmind.txt": No such file or directory
Tue Nov 13 10:54:21 2012 - 12315 - DEBUG 1 -  Plugin geoip: InitParams=GEOIP_STANDARD /usr/local/bluedon/cfmanager/awstats/etc/GeoIP.dat
Tue Nov 13 10:54:21 2012 - 12315 - DEBUG 1 -  Plugin geoip: GeoIP initialized type=geoip mode=0 override=
Tue Nov 13 10:54:21 2012 - 12315 - DEBUG 1 -  Plugin geoip_city_maxmind: InitParams=GEOIP_STANDARD /usr/local/bluedon/cfmanager/awstats/etc/GeoLiteCity.dat
Tue Nov 13 10:54:21 2012 - 12315 - DEBUG 1 -  Plugin geoip_city_maxmind: GeoIP initialized type=geoip mode=0 override=
Tue Nov 13 10:54:21 2012 - 12315 - DEBUG 1 -  Plugin geoip_org_maxmind: InitParams=GEOIP_STANDARD /usr/local/bluedon/cfmanager/awstats/etc/GeoIPASNum.dat
Tue Nov 13 10:54:21 2012 - 12315 - DEBUG 1 -  Plugin geoip_org_maxmind: GeoIP initialized type=geoip mode=0
Tue Nov 13 10:54:21 2012 - 12315 - DEBUG 1 - No override file "/usr/local/bluedon/cfmanager/awstats/data/geoip.txt": No such file or directory
Tue Nov 13 10:54:21 2012 - 12315 - DEBUG 1 - No override file "/usr/local/bluedon/cfmanager/awstats/data/geoip_org_maxmind.txt": No such file or directory
Tue Nov 13 10:54:21 2012 - 12315 - DEBUG 1 - No override file "/usr/local/bluedon/cfmanager/awstats/data/geoip_city_maxmind.txt": No such file or directory
