This file contains any messages produced by compilers while
running configure, to aid debugging if configure makes a mistake.

It was created by modsecurity configure 2.9, which was
generated by GNU Autoconf 2.68.  Invocation command line was

  $ ./configure --enable-standalone-module --no-create --no-recursion

## --------- ##
## Platform. ##
## --------- ##

hostname = bdwaf
uname -m = x86_64
uname -r = 3.2.0-29-generic
uname -s = Linux
uname -v = #46-Ubuntu SMP Fri Jul 27 17:03:23 UTC 2012

/usr/bin/uname -p = unknown
/bin/uname -X     = unknown

/bin/arch              = unknown
/usr/bin/arch -k       = unknown
/usr/convex/getsysinfo = unknown
/usr/bin/hostinfo      = unknown
/bin/machine           = unknown
/usr/bin/oslevel       = unknown
/bin/universe          = unknown

PATH: /usr/local/sbin
PATH: /usr/local/bin
PATH: /usr/sbin
PATH: /usr/bin
PATH: /sbin
PATH: /bin
PATH: /usr/games


## ----------- ##
## Core tests. ##
## ----------- ##

configure:2519: checking for a BSD-compatible install
configure:2587: result: /usr/bin/install -c
configure:2598: checking whether build environment is sane
configure:2648: result: yes
configure:2789: checking for a thread-safe mkdir -p
configure:2828: result: /bin/mkdir -p
configure:2841: checking for gawk
configure:2871: result: no
configure:2841: checking for mawk
configure:2857: found /usr/bin/mawk
configure:2868: result: mawk
configure:2879: checking whether make sets $(MAKE)
configure:2901: result: yes
configure:2993: checking for style of include used by make
configure:3021: result: GNU
configure:3092: checking for gcc
configure:3108: found /usr/bin/gcc
configure:3119: result: gcc
configure:3348: checking for C compiler version
configure:3357: gcc --version >&5
gcc (Ubuntu/Linaro 4.6.3-1ubuntu5) 4.6.3
Copyright (C) 2011 Free Software Foundation, Inc.
This is free software; see the source for copying conditions.  There is NO
warranty; not even for MERCHANTABILITY or FITNESS FOR A PARTICULAR PURPOSE.

configure:3368: $? = 0
configure:3357: gcc -v >&5
Using built-in specs.
COLLECT_GCC=gcc
COLLECT_LTO_WRAPPER=/usr/lib/gcc/x86_64-linux-gnu/4.6/lto-wrapper
Target: x86_64-linux-gnu
Configured with: ../src/configure -v --with-pkgversion='Ubuntu/Linaro 4.6.3-1ubuntu5' --with-bugurl=file:///usr/share/doc/gcc-4.6/README.Bugs --enable-languages=c,c++,fortran,objc,obj-c++ --prefix=/usr --program-suffix=-4.6 --enable-shared --enable-linker-build-id --with-system-zlib --libexecdir=/usr/lib --without-included-gettext --enable-threads=posix --with-gxx-include-dir=/usr/include/c++/4.6 --libdir=/usr/lib --enable-nls --with-sysroot=/ --enable-clocale=gnu --enable-libstdcxx-debug --enable-libstdcxx-time=yes --enable-gnu-unique-object --enable-plugin --enable-objc-gc --disable-werror --with-arch-32=i686 --with-tune=generic --enable-checking=release --build=x86_64-linux-gnu --host=x86_64-linux-gnu --target=x86_64-linux-gnu
Thread model: posix
gcc version 4.6.3 (Ubuntu/Linaro 4.6.3-1ubuntu5) 
configure:3368: $? = 0
configure:3357: gcc -V >&5
gcc: error: unrecognized option '-V'
gcc: fatal error: no input files
compilation terminated.
configure:3368: $? = 4
configure:3357: gcc -qversion >&5
gcc: error: unrecognized option '-qversion'
gcc: fatal error: no input files
compilation terminated.
configure:3368: $? = 4
configure:3388: checking whether the C compiler works
configure:3410: gcc    conftest.c  >&5
configure:3414: $? = 0
configure:3462: result: yes
configure:3465: checking for C compiler default output file name
configure:3467: result: a.out
configure:3473: checking for suffix of executables
configure:3480: gcc -o conftest    conftest.c  >&5
configure:3484: $? = 0
configure:3506: result: 
configure:3528: checking whether we are cross compiling
configure:3536: gcc -o conftest    conftest.c  >&5
configure:3540: $? = 0
configure:3547: ./conftest
configure:3551: $? = 0
configure:3566: result: no
configure:3571: checking for suffix of object files
configure:3593: gcc -c   conftest.c >&5
configure:3597: $? = 0
configure:3618: result: o
configure:3622: checking whether we are using the GNU C compiler
configure:3641: gcc -c   conftest.c >&5
configure:3641: $? = 0
configure:3650: result: yes
configure:3659: checking whether gcc accepts -g
configure:3679: gcc -c -g  conftest.c >&5
configure:3679: $? = 0
configure:3720: result: yes
configure:3737: checking for gcc option to accept ISO C89
configure:3801: gcc  -c -g -O2  conftest.c >&5
configure:3801: $? = 0
configure:3814: result: none needed
configure:3836: checking dependency style of gcc
configure:3947: result: gcc3
configure:4012: checking for ar
configure:4028: found /usr/bin/ar
configure:4039: result: ar
configure:4065: checking the archiver (ar) interface
configure:4075: gcc -c -g -O2  conftest.c >&5
configure:4075: $? = 0
configure:4077: ar cru libconftest.a conftest.o >&5
configure:4080: $? = 0
configure:4103: result: ar
configure:4154: checking build system type
configure:4168: result: x86_64-unknown-linux-gnu
configure:4188: checking host system type
configure:4201: result: x86_64-unknown-linux-gnu
configure:4242: checking how to print strings
configure:4269: result: printf
configure:4290: checking for a sed that does not truncate output
configure:4354: result: /bin/sed
configure:4372: checking for grep that handles long lines and -e
configure:4430: result: /bin/grep
configure:4435: checking for egrep
configure:4497: result: /bin/grep -E
configure:4502: checking for fgrep
configure:4564: result: /bin/grep -F
configure:4599: checking for ld used by gcc
configure:4666: result: /usr/bin/ld
configure:4673: checking if the linker (/usr/bin/ld) is GNU ld
configure:4688: result: yes
configure:4700: checking for BSD- or MS-compatible name lister (nm)
configure:4749: result: /usr/bin/nm -B
configure:4879: checking the name lister (/usr/bin/nm -B) interface
configure:4886: gcc -c -g -O2  conftest.c >&5
configure:4889: /usr/bin/nm -B "conftest.o"
configure:4892: output
0000000000000000 B some_variable
configure:4899: result: BSD nm
configure:4902: checking whether ln -s works
configure:4906: result: yes
configure:4914: checking the maximum length of command line arguments
configure:5044: result: 3458764513820540925
configure:5061: checking whether the shell understands some XSI constructs
configure:5071: result: yes
configure:5075: checking whether the shell understands "+="
configure:5081: result: yes
configure:5116: checking how to convert x86_64-unknown-linux-gnu file names to x86_64-unknown-linux-gnu format
configure:5156: result: func_convert_file_noop
configure:5163: checking how to convert x86_64-unknown-linux-gnu file names to toolchain format
configure:5183: result: func_convert_file_noop
configure:5190: checking for /usr/bin/ld option to reload object files
configure:5197: result: -r
configure:5271: checking for objdump
configure:5287: found /usr/bin/objdump
configure:5298: result: objdump
configure:5330: checking how to recognize dependent libraries
configure:5532: result: pass_all
configure:5617: checking for dlltool
configure:5647: result: no
configure:5677: checking how to associate runtime and link libraries
configure:5704: result: printf %s\n
configure:5828: checking for archiver @FILE support
configure:5845: gcc -c -g -O2  conftest.c >&5
configure:5845: $? = 0
configure:5848: ar cru libconftest.a @conftest.lst >&5
configure:5851: $? = 0
configure:5856: ar cru libconftest.a @conftest.lst >&5
ar: conftest.o: No such file or directory
configure:5859: $? = 1
configure:5871: result: @
configure:5929: checking for strip
configure:5945: found /usr/bin/strip
configure:5956: result: strip
configure:6028: checking for ranlib
configure:6044: found /usr/bin/ranlib
configure:6055: result: ranlib
configure:6157: checking command to parse /usr/bin/nm -B output from gcc object
configure:6277: gcc -c -g -O2  conftest.c >&5
configure:6280: $? = 0
configure:6284: /usr/bin/nm -B conftest.o \| sed -n -e 's/^.*[ ]\([ABCDGIRSTW][ABCDGIRSTW]*\)[ ][ ]*\([_A-Za-z][_A-Za-z0-9]*\)$/\1 \2 \2/p' | sed '/ __gnu_lto/d' \> conftest.nm
configure:6287: $? = 0
configure:6353: gcc -o conftest -g -O2   conftest.c conftstm.o >&5
configure:6356: $? = 0
configure:6394: result: ok
configure:6431: checking for sysroot
configure:6461: result: no
configure:6538: gcc -c -g -O2  conftest.c >&5
configure:6541: $? = 0
configure:6717: checking for mt
configure:6733: found /bin/mt
configure:6744: result: mt
configure:6767: checking if mt is a manifest tool
configure:6773: mt '-?'
configure:6781: result: no
configure:7423: checking how to run the C preprocessor
configure:7454: gcc -E  conftest.c
configure:7454: $? = 0
configure:7468: gcc -E  conftest.c
conftest.c:11:28: fatal error: ac_nonexistent.h: No such file or directory
compilation terminated.
configure:7468: $? = 1
configure: failed program was:
| /* confdefs.h */
| #define PACKAGE_NAME "modsecurity"
| #define PACKAGE_TARNAME "modsecurity"
| #define PACKAGE_VERSION "2.9"
| #define PACKAGE_STRING "modsecurity 2.9"
| #define PACKAGE_BUGREPORT "support@modsecurity.org"
| #define PACKAGE_URL ""
| #define PACKAGE "modsecurity"
| #define VERSION "2.9"
| /* end confdefs.h.  */
| #include <ac_nonexistent.h>
configure:7493: result: gcc -E
configure:7513: gcc -E  conftest.c
configure:7513: $? = 0
configure:7527: gcc -E  conftest.c
conftest.c:11:28: fatal error: ac_nonexistent.h: No such file or directory
compilation terminated.
configure:7527: $? = 1
configure: failed program was:
| /* confdefs.h */
| #define PACKAGE_NAME "modsecurity"
| #define PACKAGE_TARNAME "modsecurity"
| #define PACKAGE_VERSION "2.9"
| #define PACKAGE_STRING "modsecurity 2.9"
| #define PACKAGE_BUGREPORT "support@modsecurity.org"
| #define PACKAGE_URL ""
| #define PACKAGE "modsecurity"
| #define VERSION "2.9"
| /* end confdefs.h.  */
| #include <ac_nonexistent.h>
configure:7556: checking for ANSI C header files
configure:7576: gcc -c -g -O2  conftest.c >&5
configure:7576: $? = 0
configure:7649: gcc -o conftest -g -O2   conftest.c  >&5
configure:7649: $? = 0
configure:7649: ./conftest
configure:7649: $? = 0
configure:7660: result: yes
configure:7673: checking for sys/types.h
configure:7673: gcc -c -g -O2  conftest.c >&5
configure:7673: $? = 0
configure:7673: result: yes
configure:7673: checking for sys/stat.h
configure:7673: gcc -c -g -O2  conftest.c >&5
configure:7673: $? = 0
configure:7673: result: yes
configure:7673: checking for stdlib.h
configure:7673: gcc -c -g -O2  conftest.c >&5
configure:7673: $? = 0
configure:7673: result: yes
configure:7673: checking for string.h
configure:7673: gcc -c -g -O2  conftest.c >&5
configure:7673: $? = 0
configure:7673: result: yes
configure:7673: checking for memory.h
configure:7673: gcc -c -g -O2  conftest.c >&5
configure:7673: $? = 0
configure:7673: result: yes
configure:7673: checking for strings.h
configure:7673: gcc -c -g -O2  conftest.c >&5
configure:7673: $? = 0
configure:7673: result: yes
configure:7673: checking for inttypes.h
configure:7673: gcc -c -g -O2  conftest.c >&5
configure:7673: $? = 0
configure:7673: result: yes
configure:7673: checking for stdint.h
configure:7673: gcc -c -g -O2  conftest.c >&5
configure:7673: $? = 0
configure:7673: result: yes
configure:7673: checking for unistd.h
configure:7673: gcc -c -g -O2  conftest.c >&5
configure:7673: $? = 0
configure:7673: result: yes
configure:7687: checking for dlfcn.h
configure:7687: gcc -c -g -O2  conftest.c >&5
configure:7687: $? = 0
configure:7687: result: yes
configure:7892: checking for objdir
configure:7907: result: .libs
configure:8178: checking if gcc supports -fno-rtti -fno-exceptions
configure:8196: gcc -c -g -O2  -fno-rtti -fno-exceptions conftest.c >&5
cc1: warning: command line option '-fno-rtti' is valid for C++/ObjC++ but not for C [enabled by default]
configure:8200: $? = 0
configure:8213: result: no
configure:8540: checking for gcc option to produce PIC
configure:8547: result: -fPIC -DPIC
configure:8555: checking if gcc PIC flag -fPIC -DPIC works
configure:8573: gcc -c -g -O2  -fPIC -DPIC -DPIC conftest.c >&5
configure:8577: $? = 0
configure:8590: result: yes
configure:8619: checking if gcc static flag -static works
configure:8647: result: yes
configure:8662: checking if gcc supports -c -o file.o
configure:8683: gcc -c -g -O2  -o out/conftest2.o conftest.c >&5
configure:8687: $? = 0
configure:8709: result: yes
configure:8717: checking if gcc supports -c -o file.o
configure:8764: result: yes
configure:8797: checking whether the gcc linker (/usr/bin/ld -m elf_x86_64) supports shared libraries
configure:9954: result: yes
configure:9991: checking whether -lc should be explicitly linked in
configure:9999: gcc -c -g -O2  conftest.c >&5
configure:10002: $? = 0
configure:10017: gcc -shared  -fPIC -DPIC conftest.o  -v -Wl,-soname -Wl,conftest -o conftest 2\>\&1 \| /bin/grep  -lc  \>/dev/null 2\>\&1
configure:10020: $? = 0
configure:10034: result: no
configure:10194: checking dynamic linker characteristics
configure:10705: gcc -o conftest -g -O2   -Wl,-rpath -Wl,/foo conftest.c  >&5
configure:10705: $? = 0
configure:10939: result: GNU/Linux ld.so
configure:11046: checking how to hardcode library paths into programs
configure:11071: result: immediate
configure:11165: checking for shl_load
configure:11165: gcc -o conftest -g -O2   conftest.c  >&5
/tmp/ccCrLYjx.o: In function `main':
/root/bluedon_waf/ModSecurity/conftest.c:57: undefined reference to `shl_load'
collect2: ld returned 1 exit status
configure:11165: $? = 1
configure: failed program was:
| /* confdefs.h */
| #define PACKAGE_NAME "modsecurity"
| #define PACKAGE_TARNAME "modsecurity"
| #define PACKAGE_VERSION "2.9"
| #define PACKAGE_STRING "modsecurity 2.9"
| #define PACKAGE_BUGREPORT "support@modsecurity.org"
| #define PACKAGE_URL ""
| #define PACKAGE "modsecurity"
| #define VERSION "2.9"
| #define STDC_HEADERS 1
| #define HAVE_SYS_TYPES_H 1
| #define HAVE_SYS_STAT_H 1
| #define HAVE_STDLIB_H 1
| #define HAVE_STRING_H 1
| #define HAVE_MEMORY_H 1
| #define HAVE_STRINGS_H 1
| #define HAVE_INTTYPES_H 1
| #define HAVE_STDINT_H 1
| #define HAVE_UNISTD_H 1
| #define HAVE_DLFCN_H 1
| #define LT_OBJDIR ".libs/"
| /* end confdefs.h.  */
| /* Define shl_load to an innocuous variant, in case <limits.h> declares shl_load.
|    For example, HP-UX 11i <limits.h> declares gettimeofday.  */
| #define shl_load innocuous_shl_load
| 
| /* System header to define __stub macros and hopefully few prototypes,
|     which can conflict with char shl_load (); below.
|     Prefer <limits.h> to <assert.h> if __STDC__ is defined, since
|     <limits.h> exists even on freestanding compilers.  */
| 
| #ifdef __STDC__
| # include <limits.h>
| #else
| # include <assert.h>
| #endif
| 
| #undef shl_load
| 
| /* Override any GCC internal prototype to avoid an error.
|    Use char because int might match the return type of a GCC
|    builtin and then its argument prototype would still apply.  */
| #ifdef __cplusplus
| extern "C"
| #endif
| char shl_load ();
| /* The GNU C library defines this for functions which it implements
|     to always fail with ENOSYS.  Some functions are actually named
|     something starting with __ and the normal name is an alias.  */
| #if defined __stub_shl_load || defined __stub___shl_load
| choke me
| #endif
| 
| int
| main ()
| {
| return shl_load ();
|   ;
|   return 0;
| }
configure:11165: result: no
configure:11169: checking for shl_load in -ldld
configure:11194: gcc -o conftest -g -O2   conftest.c -ldld   >&5
/usr/bin/ld: cannot find -ldld
collect2: ld returned 1 exit status
configure:11194: $? = 1
configure: failed program was:
| /* confdefs.h */
| #define PACKAGE_NAME "modsecurity"
| #define PACKAGE_TARNAME "modsecurity"
| #define PACKAGE_VERSION "2.9"
| #define PACKAGE_STRING "modsecurity 2.9"
| #define PACKAGE_BUGREPORT "support@modsecurity.org"
| #define PACKAGE_URL ""
| #define PACKAGE "modsecurity"
| #define VERSION "2.9"
| #define STDC_HEADERS 1
| #define HAVE_SYS_TYPES_H 1
| #define HAVE_SYS_STAT_H 1
| #define HAVE_STDLIB_H 1
| #define HAVE_STRING_H 1
| #define HAVE_MEMORY_H 1
| #define HAVE_STRINGS_H 1
| #define HAVE_INTTYPES_H 1
| #define HAVE_STDINT_H 1
| #define HAVE_UNISTD_H 1
| #define HAVE_DLFCN_H 1
| #define LT_OBJDIR ".libs/"
| /* end confdefs.h.  */
| 
| /* Override any GCC internal prototype to avoid an error.
|    Use char because int might match the return type of a GCC
|    builtin and then its argument prototype would still apply.  */
| #ifdef __cplusplus
| extern "C"
| #endif
| char shl_load ();
| int
| main ()
| {
| return shl_load ();
|   ;
|   return 0;
| }
configure:11203: result: no
configure:11208: checking for dlopen
configure:11208: gcc -o conftest -g -O2   conftest.c  >&5
/tmp/ccUOBFUD.o: In function `main':
/root/bluedon_waf/ModSecurity/conftest.c:57: undefined reference to `dlopen'
collect2: ld returned 1 exit status
configure:11208: $? = 1
configure: failed program was:
| /* confdefs.h */
| #define PACKAGE_NAME "modsecurity"
| #define PACKAGE_TARNAME "modsecurity"
| #define PACKAGE_VERSION "2.9"
| #define PACKAGE_STRING "modsecurity 2.9"
| #define PACKAGE_BUGREPORT "support@modsecurity.org"
| #define PACKAGE_URL ""
| #define PACKAGE "modsecurity"
| #define VERSION "2.9"
| #define STDC_HEADERS 1
| #define HAVE_SYS_TYPES_H 1
| #define HAVE_SYS_STAT_H 1
| #define HAVE_STDLIB_H 1
| #define HAVE_STRING_H 1
| #define HAVE_MEMORY_H 1
| #define HAVE_STRINGS_H 1
| #define HAVE_INTTYPES_H 1
| #define HAVE_STDINT_H 1
| #define HAVE_UNISTD_H 1
| #define HAVE_DLFCN_H 1
| #define LT_OBJDIR ".libs/"
| /* end confdefs.h.  */
| /* Define dlopen to an innocuous variant, in case <limits.h> declares dlopen.
|    For example, HP-UX 11i <limits.h> declares gettimeofday.  */
| #define dlopen innocuous_dlopen
| 
| /* System header to define __stub macros and hopefully few prototypes,
|     which can conflict with char dlopen (); below.
|     Prefer <limits.h> to <assert.h> if __STDC__ is defined, since
|     <limits.h> exists even on freestanding compilers.  */
| 
| #ifdef __STDC__
| # include <limits.h>
| #else
| # include <assert.h>
| #endif
| 
| #undef dlopen
| 
| /* Override any GCC internal prototype to avoid an error.
|    Use char because int might match the return type of a GCC
|    builtin and then its argument prototype would still apply.  */
| #ifdef __cplusplus
| extern "C"
| #endif
| char dlopen ();
| /* The GNU C library defines this for functions which it implements
|     to always fail with ENOSYS.  Some functions are actually named
|     something starting with __ and the normal name is an alias.  */
| #if defined __stub_dlopen || defined __stub___dlopen
| choke me
| #endif
| 
| int
| main ()
| {
| return dlopen ();
|   ;
|   return 0;
| }
configure:11208: result: no
configure:11212: checking for dlopen in -ldl
configure:11237: gcc -o conftest -g -O2   conftest.c -ldl   >&5
configure:11237: $? = 0
configure:11246: result: yes
configure:11365: checking whether a program can dlopen itself
configure:11445: gcc -o conftest -g -O2  -DHAVE_DLFCN_H  -Wl,--export-dynamic conftest.c -ldl  >&5
configure:11448: $? = 0
configure:11466: result: yes
configure:11471: checking whether a statically linked program can dlopen itself
configure:11551: gcc -o conftest -g -O2  -DHAVE_DLFCN_H  -Wl,--export-dynamic -static conftest.c -ldl  >&5
/tmp/ccyhPaSH.o: In function `main':
/root/bluedon_waf/ModSecurity/configure:11530: warning: Using 'dlopen' in statically linked applications requires at runtime the shared libraries from the glibc version used for linking
/usr/bin/ld: dynamic STT_GNU_IFUNC symbol `strcmp' with pointer equality in `/usr/lib/gcc/x86_64-linux-gnu/4.6/../../../x86_64-linux-gnu/libc.a(strcmp.o)' can not be used when making an executable; recompile with -fPIE and relink with -pie
collect2: ld returned 1 exit status
configure:11554: $? = 1
configure:11572: result: no
configure:11611: checking whether stripping libraries is possible
configure:11616: result: yes
configure:11651: checking if libtool supports shared libraries
configure:11653: result: yes
configure:11656: checking whether to build shared libraries
configure:11677: result: yes
configure:11680: checking whether to build static libraries
configure:11684: result: yes
configure:11727: checking for gawk
configure:11754: result: mawk
configure:11813: checking for gcc
configure:11840: result: gcc
configure:12069: checking for C compiler version
configure:12078: gcc --version >&5
gcc (Ubuntu/Linaro 4.6.3-1ubuntu5) 4.6.3
Copyright (C) 2011 Free Software Foundation, Inc.
This is free software; see the source for copying conditions.  There is NO
warranty; not even for MERCHANTABILITY or FITNESS FOR A PARTICULAR PURPOSE.

configure:12089: $? = 0
configure:12078: gcc -v >&5
Using built-in specs.
COLLECT_GCC=gcc
COLLECT_LTO_WRAPPER=/usr/lib/gcc/x86_64-linux-gnu/4.6/lto-wrapper
Target: x86_64-linux-gnu
Configured with: ../src/configure -v --with-pkgversion='Ubuntu/Linaro 4.6.3-1ubuntu5' --with-bugurl=file:///usr/share/doc/gcc-4.6/README.Bugs --enable-languages=c,c++,fortran,objc,obj-c++ --prefix=/usr --program-suffix=-4.6 --enable-shared --enable-linker-build-id --with-system-zlib --libexecdir=/usr/lib --without-included-gettext --enable-threads=posix --with-gxx-include-dir=/usr/include/c++/4.6 --libdir=/usr/lib --enable-nls --with-sysroot=/ --enable-clocale=gnu --enable-libstdcxx-debug --enable-libstdcxx-time=yes --enable-gnu-unique-object --enable-plugin --enable-objc-gc --disable-werror --with-arch-32=i686 --with-tune=generic --enable-checking=release --build=x86_64-linux-gnu --host=x86_64-linux-gnu --target=x86_64-linux-gnu
Thread model: posix
gcc version 4.6.3 (Ubuntu/Linaro 4.6.3-1ubuntu5) 
configure:12089: $? = 0
configure:12078: gcc -V >&5
gcc: error: unrecognized option '-V'
gcc: fatal error: no input files
compilation terminated.
configure:12089: $? = 4
configure:12078: gcc -qversion >&5
gcc: error: unrecognized option '-qversion'
gcc: fatal error: no input files
compilation terminated.
configure:12089: $? = 4
configure:12093: checking whether we are using the GNU C compiler
configure:12121: result: yes
configure:12130: checking whether gcc accepts -g
configure:12191: result: yes
configure:12208: checking for gcc option to accept ISO C89
configure:12285: result: none needed
configure:12307: checking dependency style of gcc
configure:12418: result: gcc3
configure:12438: checking how to run the C preprocessor
configure:12508: result: gcc -E
configure:12528: gcc -E  conftest.c
configure:12528: $? = 0
configure:12542: gcc -E  conftest.c
conftest.c:23:28: fatal error: ac_nonexistent.h: No such file or directory
compilation terminated.
configure:12542: $? = 1
configure: failed program was:
| /* confdefs.h */
| #define PACKAGE_NAME "modsecurity"
| #define PACKAGE_TARNAME "modsecurity"
| #define PACKAGE_VERSION "2.9"
| #define PACKAGE_STRING "modsecurity 2.9"
| #define PACKAGE_BUGREPORT "support@modsecurity.org"
| #define PACKAGE_URL ""
| #define PACKAGE "modsecurity"
| #define VERSION "2.9"
| #define STDC_HEADERS 1
| #define HAVE_SYS_TYPES_H 1
| #define HAVE_SYS_STAT_H 1
| #define HAVE_STDLIB_H 1
| #define HAVE_STRING_H 1
| #define HAVE_MEMORY_H 1
| #define HAVE_STRINGS_H 1
| #define HAVE_INTTYPES_H 1
| #define HAVE_STDINT_H 1
| #define HAVE_UNISTD_H 1
| #define HAVE_DLFCN_H 1
| #define LT_OBJDIR ".libs/"
| /* end confdefs.h.  */
| #include <ac_nonexistent.h>
configure:12571: checking whether ln -s works
configure:12575: result: yes
configure:12582: checking whether make sets $(MAKE)
configure:12604: result: yes
configure:12613: checking for grep that handles long lines and -e
configure:12671: result: /bin/grep
configure:12680: checking for perl
configure:12698: found /usr/bin/perl
configure:12710: result: /usr/bin/perl
configure:12725: checking for env
configure:12743: found /usr/bin/env
configure:12755: result: /usr/bin/env
configure:12768: checking for ANSI C header files
configure:12872: result: yes
configure:12883: checking fcntl.h usability
configure:12883: gcc -c -g -O2  conftest.c >&5
configure:12883: $? = 0
configure:12883: result: yes
configure:12883: checking fcntl.h presence
configure:12883: gcc -E  conftest.c
configure:12883: $? = 0
configure:12883: result: yes
configure:12883: checking for fcntl.h
configure:12883: result: yes
configure:12883: checking limits.h usability
configure:12883: gcc -c -g -O2  conftest.c >&5
configure:12883: $? = 0
configure:12883: result: yes
configure:12883: checking limits.h presence
configure:12883: gcc -E  conftest.c
configure:12883: $? = 0
configure:12883: result: yes
configure:12883: checking for limits.h
configure:12883: result: yes
configure:12883: checking for stdlib.h
configure:12883: result: yes
configure:12883: checking for string.h
configure:12883: result: yes
configure:12883: checking for unistd.h
configure:12883: result: yes
configure:12883: checking for sys/types.h
configure:12883: result: yes
configure:12883: checking for sys/stat.h
configure:12883: result: yes
configure:12883: checking sys/utsname.h usability
configure:12883: gcc -c -g -O2  conftest.c >&5
configure:12883: $? = 0
configure:12883: result: yes
configure:12883: checking sys/utsname.h presence
configure:12883: gcc -E  conftest.c
configure:12883: $? = 0
configure:12883: result: yes
configure:12883: checking for sys/utsname.h
configure:12883: result: yes
configure:12895: checking for an ANSI C-conforming const
configure:12960: gcc -c -g -O2  conftest.c >&5
configure:12960: $? = 0
configure:12967: result: yes
configure:12975: checking for inline
configure:12991: gcc -c -g -O2  conftest.c >&5
configure:12991: $? = 0
configure:12999: result: inline
configure:13017: checking for C/C++ restrict keyword
configure:13042: gcc -c -g -O2  conftest.c >&5
configure:13042: $? = 0
configure:13050: result: __restrict
configure:13063: checking for pid_t
configure:13063: gcc -c -g -O2  conftest.c >&5
configure:13063: $? = 0
configure:13063: gcc -c -g -O2  conftest.c >&5
conftest.c: In function 'main':
conftest.c:69:20: error: expected expression before ')' token
configure:13063: $? = 1
configure: failed program was:
| /* confdefs.h */
| #define PACKAGE_NAME "modsecurity"
| #define PACKAGE_TARNAME "modsecurity"
| #define PACKAGE_VERSION "2.9"
| #define PACKAGE_STRING "modsecurity 2.9"
| #define PACKAGE_BUGREPORT "support@modsecurity.org"
| #define PACKAGE_URL ""
| #define PACKAGE "modsecurity"
| #define VERSION "2.9"
| #define STDC_HEADERS 1
| #define HAVE_SYS_TYPES_H 1
| #define HAVE_SYS_STAT_H 1
| #define HAVE_STDLIB_H 1
| #define HAVE_STRING_H 1
| #define HAVE_MEMORY_H 1
| #define HAVE_STRINGS_H 1
| #define HAVE_INTTYPES_H 1
| #define HAVE_STDINT_H 1
| #define HAVE_UNISTD_H 1
| #define HAVE_DLFCN_H 1
| #define LT_OBJDIR ".libs/"
| #define STDC_HEADERS 1
| #define HAVE_FCNTL_H 1
| #define HAVE_LIMITS_H 1
| #define HAVE_STDLIB_H 1
| #define HAVE_STRING_H 1
| #define HAVE_UNISTD_H 1
| #define HAVE_SYS_TYPES_H 1
| #define HAVE_SYS_STAT_H 1
| #define HAVE_SYS_UTSNAME_H 1
| #define restrict __restrict
| /* end confdefs.h.  */
| #include <stdio.h>
| #ifdef HAVE_SYS_TYPES_H
| # include <sys/types.h>
| #endif
| #ifdef HAVE_SYS_STAT_H
| # include <sys/stat.h>
| #endif
| #ifdef STDC_HEADERS
| # include <stdlib.h>
| # include <stddef.h>
| #else
| # ifdef HAVE_STDLIB_H
| #  include <stdlib.h>
| # endif
| #endif
| #ifdef HAVE_STRING_H
| # if !defined STDC_HEADERS && defined HAVE_MEMORY_H
| #  include <memory.h>
| # endif
| # include <string.h>
| #endif
| #ifdef HAVE_STRINGS_H
| # include <strings.h>
| #endif
| #ifdef HAVE_INTTYPES_H
| # include <inttypes.h>
| #endif
| #ifdef HAVE_STDINT_H
| # include <stdint.h>
| #endif
| #ifdef HAVE_UNISTD_H
| # include <unistd.h>
| #endif
| int
| main ()
| {
| if (sizeof ((pid_t)))
| 	    return 0;
|   ;
|   return 0;
| }
configure:13063: result: yes
configure:13074: checking for size_t
configure:13074: gcc -c -g -O2  conftest.c >&5
configure:13074: $? = 0
configure:13074: gcc -c -g -O2  conftest.c >&5
conftest.c: In function 'main':
conftest.c:69:21: error: expected expression before ')' token
configure:13074: $? = 1
configure: failed program was:
| /* confdefs.h */
| #define PACKAGE_NAME "modsecurity"
| #define PACKAGE_TARNAME "modsecurity"
| #define PACKAGE_VERSION "2.9"
| #define PACKAGE_STRING "modsecurity 2.9"
| #define PACKAGE_BUGREPORT "support@modsecurity.org"
| #define PACKAGE_URL ""
| #define PACKAGE "modsecurity"
| #define VERSION "2.9"
| #define STDC_HEADERS 1
| #define HAVE_SYS_TYPES_H 1
| #define HAVE_SYS_STAT_H 1
| #define HAVE_STDLIB_H 1
| #define HAVE_STRING_H 1
| #define HAVE_MEMORY_H 1
| #define HAVE_STRINGS_H 1
| #define HAVE_INTTYPES_H 1
| #define HAVE_STDINT_H 1
| #define HAVE_UNISTD_H 1
| #define HAVE_DLFCN_H 1
| #define LT_OBJDIR ".libs/"
| #define STDC_HEADERS 1
| #define HAVE_FCNTL_H 1
| #define HAVE_LIMITS_H 1
| #define HAVE_STDLIB_H 1
| #define HAVE_STRING_H 1
| #define HAVE_UNISTD_H 1
| #define HAVE_SYS_TYPES_H 1
| #define HAVE_SYS_STAT_H 1
| #define HAVE_SYS_UTSNAME_H 1
| #define restrict __restrict
| /* end confdefs.h.  */
| #include <stdio.h>
| #ifdef HAVE_SYS_TYPES_H
| # include <sys/types.h>
| #endif
| #ifdef HAVE_SYS_STAT_H
| # include <sys/stat.h>
| #endif
| #ifdef STDC_HEADERS
| # include <stdlib.h>
| # include <stddef.h>
| #else
| # ifdef HAVE_STDLIB_H
| #  include <stdlib.h>
| # endif
| #endif
| #ifdef HAVE_STRING_H
| # if !defined STDC_HEADERS && defined HAVE_MEMORY_H
| #  include <memory.h>
| # endif
| # include <string.h>
| #endif
| #ifdef HAVE_STRINGS_H
| # include <strings.h>
| #endif
| #ifdef HAVE_INTTYPES_H
| # include <inttypes.h>
| #endif
| #ifdef HAVE_STDINT_H
| # include <stdint.h>
| #endif
| #ifdef HAVE_UNISTD_H
| # include <unistd.h>
| #endif
| int
| main ()
| {
| if (sizeof ((size_t)))
| 	    return 0;
|   ;
|   return 0;
| }
configure:13074: result: yes
configure:13085: checking whether struct tm is in sys/time.h or time.h
configure:13105: gcc -c -g -O2  conftest.c >&5
configure:13105: $? = 0
configure:13112: result: time.h
configure:13120: checking for uint8_t
configure:13120: gcc -c -g -O2  conftest.c >&5
configure:13120: $? = 0
configure:13120: result: yes
configure:13138: checking for stdlib.h
configure:13138: result: yes
configure:13148: checking for GNU libc compatible malloc
configure:13172: gcc -o conftest -g -O2   conftest.c  >&5
configure:13172: $? = 0
configure:13172: ./conftest
configure:13172: $? = 0
configure:13182: result: yes
configure:13203: checking for working memcmp
configure:13246: gcc -o conftest -g -O2   conftest.c  >&5
configure:13246: $? = 0
configure:13246: ./conftest
configure:13246: $? = 0
configure:13256: result: yes
configure:13268: checking for atexit
configure:13268: gcc -o conftest -g -O2   conftest.c  >&5
configure:13268: $? = 0
configure:13268: result: yes
configure:13268: checking for getcwd
configure:13268: gcc -o conftest -g -O2   conftest.c  >&5
configure:13268: $? = 0
configure:13268: result: yes
configure:13268: checking for memmove
configure:13268: gcc -o conftest -g -O2   conftest.c  >&5
conftest.c:60:6: warning: conflicting types for built-in function 'memmove' [enabled by default]
configure:13268: $? = 0
configure:13268: result: yes
configure:13268: checking for memset
configure:13268: gcc -o conftest -g -O2   conftest.c  >&5
conftest.c:61:6: warning: conflicting types for built-in function 'memset' [enabled by default]
configure:13268: $? = 0
configure:13268: result: yes
configure:13268: checking for strcasecmp
configure:13268: gcc -o conftest -g -O2   conftest.c  >&5
conftest.c:62:6: warning: conflicting types for built-in function 'strcasecmp' [enabled by default]
configure:13268: $? = 0
configure:13268: result: yes
configure:13268: checking for strchr
configure:13268: gcc -o conftest -g -O2   conftest.c  >&5
conftest.c:63:6: warning: conflicting types for built-in function 'strchr' [enabled by default]
configure:13268: $? = 0
configure:13268: result: yes
configure:13268: checking for strdup
configure:13268: gcc -o conftest -g -O2   conftest.c  >&5
conftest.c:64:6: warning: conflicting types for built-in function 'strdup' [enabled by default]
configure:13268: $? = 0
configure:13268: result: yes
configure:13268: checking for strerror
configure:13268: gcc -o conftest -g -O2   conftest.c  >&5
configure:13268: $? = 0
configure:13268: result: yes
configure:13268: checking for strncasecmp
configure:13268: gcc -o conftest -g -O2   conftest.c  >&5
conftest.c:66:6: warning: conflicting types for built-in function 'strncasecmp' [enabled by default]
configure:13268: $? = 0
configure:13268: result: yes
configure:13268: checking for strrchr
configure:13268: gcc -o conftest -g -O2   conftest.c  >&5
conftest.c:67:6: warning: conflicting types for built-in function 'strrchr' [enabled by default]
configure:13268: $? = 0
configure:13268: result: yes
configure:13268: checking for strstr
configure:13268: gcc -o conftest -g -O2   conftest.c  >&5
conftest.c:68:6: warning: conflicting types for built-in function 'strstr' [enabled by default]
configure:13268: $? = 0
configure:13268: result: yes
configure:13268: checking for strtol
configure:13268: gcc -o conftest -g -O2   conftest.c  >&5
configure:13268: $? = 0
configure:13268: result: yes
configure:13268: checking for fchmod
configure:13268: gcc -o conftest -g -O2   conftest.c  >&5
configure:13268: $? = 0
configure:13268: result: yes
configure:13268: checking for strcasestr
configure:13268: gcc -o conftest -g -O2   conftest.c  >&5
configure:13268: $? = 0
configure:13268: result: yes
configure:13556: checking for libcurl config script
configure:13633: result: no
configure:13646: *** curl library not found.
configure:13648: NOTE: curl library is only required for building mlogc
configure:13658: NOTE: mlgoc compilation was disabled.
configure:14026: looking for Apache module support via DSO through APXS
configure:14067: found apxs at /usr/bin/apxs2
configure:14069: checking httpd version
configure:14081: httpd is recent enough
configure:14223: checking for libpcre config script
configure:14259: result: /usr/bin/pcre-config
configure:14291: using pcre v8.12
configure:14307: checking for libapr config script
configure:14337: result: /usr/bin/apr-1-config
configure:14379: using apr v1.4.6
configure:14394: checking for libapu config script
configure:14424: result: /usr/bin/apu-1-config
configure:14463: using apu v1.3.12
configure:14479: checking for libxml2 config script
configure:14509: result: /usr/bin/xml2-config
configure:14521: checking if libxml2 is at least v2.6.29
configure:14526: result: yes, 2.7.8
configure:14551: using libxml2 v2.7.8
configure:14590: checking for liblua config script
configure:14641: result: no
configure:14644: checking for lua install
configure:14739: result: no
configure:14752: optional lua library not found
configure:14800: checking for libyajl config script
configure:14850: result: no
configure:14853: checking for yajl install
configure:14904: result: no
configure:14918: optional yajl library not found
configure:14953: checking for ssdeep path
configure:14980: result: no
configure:14984: optional ssdeep library not found
configure:15016: gcc -c -g -O2  -I/usr/include/apr-1.0   conftest.c >&5
conftest.c:49:24: fatal error: apr_crypto.h: No such file or directory
compilation terminated.
configure:15016: $? = 1
configure: failed program was:
| /* confdefs.h */
| #define PACKAGE_NAME "modsecurity"
| #define PACKAGE_TARNAME "modsecurity"
| #define PACKAGE_VERSION "2.9"
| #define PACKAGE_STRING "modsecurity 2.9"
| #define PACKAGE_BUGREPORT "support@modsecurity.org"
| #define PACKAGE_URL ""
| #define PACKAGE "modsecurity"
| #define VERSION "2.9"
| #define STDC_HEADERS 1
| #define HAVE_SYS_TYPES_H 1
| #define HAVE_SYS_STAT_H 1
| #define HAVE_STDLIB_H 1
| #define HAVE_STRING_H 1
| #define HAVE_MEMORY_H 1
| #define HAVE_STRINGS_H 1
| #define HAVE_INTTYPES_H 1
| #define HAVE_STDINT_H 1
| #define HAVE_UNISTD_H 1
| #define HAVE_DLFCN_H 1
| #define LT_OBJDIR ".libs/"
| #define STDC_HEADERS 1
| #define HAVE_FCNTL_H 1
| #define HAVE_LIMITS_H 1
| #define HAVE_STDLIB_H 1
| #define HAVE_STRING_H 1
| #define HAVE_UNISTD_H 1
| #define HAVE_SYS_TYPES_H 1
| #define HAVE_SYS_STAT_H 1
| #define HAVE_SYS_UTSNAME_H 1
| #define restrict __restrict
| #define HAVE_STDLIB_H 1
| #define HAVE_MALLOC 1
| #define HAVE_ATEXIT 1
| #define HAVE_GETCWD 1
| #define HAVE_MEMMOVE 1
| #define HAVE_MEMSET 1
| #define HAVE_STRCASECMP 1
| #define HAVE_STRCHR 1
| #define HAVE_STRDUP 1
| #define HAVE_STRERROR 1
| #define HAVE_STRNCASECMP 1
| #define HAVE_STRRCHR 1
| #define HAVE_STRSTR 1
| #define HAVE_STRTOL 1
| #define HAVE_FCHMOD 1
| #define HAVE_STRCASESTR 1
| /* end confdefs.h.  */
| #include <apr_crypto.h>
| int
| main ()
| {
| 
|           #if APU_HAVE_CRYPTO == 0
|           #error APR util was not compiled with crypto support.
|           #endif
| 
|   ;
|   return 0;
| }
configure:15023: WARNING: APR util was not compiled with crypto support. SecRemoteRule will not support the parameter 'crypto'
configure:15288: creating ./config.status

## ---------------- ##
## Cache variables. ##
## ---------------- ##

ac_cv_build=x86_64-unknown-linux-gnu
ac_cv_c_compiler_gnu=yes
ac_cv_c_const=yes
ac_cv_c_inline=inline
ac_cv_c_restrict=__restrict
ac_cv_c_uint8_t=yes
ac_cv_env_CC_set=
ac_cv_env_CC_value=
ac_cv_env_CFLAGS_set=
ac_cv_env_CFLAGS_value=
ac_cv_env_CPPFLAGS_set=
ac_cv_env_CPPFLAGS_value=
ac_cv_env_CPP_set=
ac_cv_env_CPP_value=
ac_cv_env_LDFLAGS_set=
ac_cv_env_LDFLAGS_value=
ac_cv_env_LIBS_set=
ac_cv_env_LIBS_value=
ac_cv_env_build_alias_set=
ac_cv_env_build_alias_value=
ac_cv_env_host_alias_set=
ac_cv_env_host_alias_value=
ac_cv_env_target_alias_set=
ac_cv_env_target_alias_value=
ac_cv_func_atexit=yes
ac_cv_func_dlopen=no
ac_cv_func_fchmod=yes
ac_cv_func_getcwd=yes
ac_cv_func_malloc_0_nonnull=yes
ac_cv_func_memcmp_working=yes
ac_cv_func_memmove=yes
ac_cv_func_memset=yes
ac_cv_func_shl_load=no
ac_cv_func_strcasecmp=yes
ac_cv_func_strcasestr=yes
ac_cv_func_strchr=yes
ac_cv_func_strdup=yes
ac_cv_func_strerror=yes
ac_cv_func_strncasecmp=yes
ac_cv_func_strrchr=yes
ac_cv_func_strstr=yes
ac_cv_func_strtol=yes
ac_cv_header_dlfcn_h=yes
ac_cv_header_fcntl_h=yes
ac_cv_header_inttypes_h=yes
ac_cv_header_limits_h=yes
ac_cv_header_memory_h=yes
ac_cv_header_stdc=yes
ac_cv_header_stdint_h=yes
ac_cv_header_stdlib_h=yes
ac_cv_header_string_h=yes
ac_cv_header_strings_h=yes
ac_cv_header_sys_stat_h=yes
ac_cv_header_sys_types_h=yes
ac_cv_header_sys_utsname_h=yes
ac_cv_header_unistd_h=yes
ac_cv_host=x86_64-unknown-linux-gnu
ac_cv_lib_dl_dlopen=yes
ac_cv_lib_dld_shl_load=no
ac_cv_objext=o
ac_cv_path_EGREP='/bin/grep -E'
ac_cv_path_ENV_CMD=/usr/bin/env
ac_cv_path_FGREP='/bin/grep -F'
ac_cv_path_GREP=/bin/grep
ac_cv_path_PERL=/usr/bin/perl
ac_cv_path_SED=/bin/sed
ac_cv_path_install='/usr/bin/install -c'
ac_cv_path_mkdir=/bin/mkdir
ac_cv_prog_AWK=mawk
ac_cv_prog_CPP='gcc -E'
ac_cv_prog_ac_ct_AR=ar
ac_cv_prog_ac_ct_CC=gcc
ac_cv_prog_ac_ct_MANIFEST_TOOL=mt
ac_cv_prog_ac_ct_OBJDUMP=objdump
ac_cv_prog_ac_ct_RANLIB=ranlib
ac_cv_prog_ac_ct_STRIP=strip
ac_cv_prog_cc_c89=
ac_cv_prog_cc_g=yes
ac_cv_prog_make_make_set=yes
ac_cv_struct_tm=time.h
ac_cv_type_pid_t=yes
ac_cv_type_size_t=yes
am_cv_CC_dependencies_compiler_type=gcc3
am_cv_ar_interface=ar
lt_cv_ar_at_file=@
lt_cv_archive_cmds_need_lc=no
lt_cv_deplibs_check_method=pass_all
lt_cv_dlopen=dlopen
lt_cv_dlopen_libs=-ldl
lt_cv_dlopen_self=yes
lt_cv_dlopen_self_static=no
lt_cv_file_magic_cmd='$MAGIC_CMD'
lt_cv_file_magic_test_file=
lt_cv_ld_reload_flag=-r
lt_cv_nm_interface='BSD nm'
lt_cv_objdir=.libs
lt_cv_path_LD=/usr/bin/ld
lt_cv_path_NM='/usr/bin/nm -B'
lt_cv_path_mainfest_tool=no
lt_cv_prog_compiler_c_o=yes
lt_cv_prog_compiler_pic='-fPIC -DPIC'
lt_cv_prog_compiler_pic_works=yes
lt_cv_prog_compiler_rtti_exceptions=no
lt_cv_prog_compiler_static_works=yes
lt_cv_prog_gnu_ld=yes
lt_cv_sharedlib_from_linklib_cmd='printf %s\n'
lt_cv_shlibpath_overrides_runpath=no
lt_cv_sys_global_symbol_pipe='sed -n -e '\''s/^.*[	 ]\([ABCDGIRSTW][ABCDGIRSTW]*\)[	 ][	 ]*\([_A-Za-z][_A-Za-z0-9]*\)$/\1 \2 \2/p'\'' | sed '\''/ __gnu_lto/d'\'''
lt_cv_sys_global_symbol_to_c_name_address='sed -n -e '\''s/^: \([^ ]*\)[ ]*$/  {\"\1\", (void *) 0},/p'\'' -e '\''s/^[ABCDGIRSTW]* \([^ ]*\) \([^ ]*\)$/  {"\2", (void *) \&\2},/p'\'''
lt_cv_sys_global_symbol_to_c_name_address_lib_prefix='sed -n -e '\''s/^: \([^ ]*\)[ ]*$/  {\"\1\", (void *) 0},/p'\'' -e '\''s/^[ABCDGIRSTW]* \([^ ]*\) \(lib[^ ]*\)$/  {"\2", (void *) \&\2},/p'\'' -e '\''s/^[ABCDGIRSTW]* \([^ ]*\) \([^ ]*\)$/  {"lib\2", (void *) \&\2},/p'\'''
lt_cv_sys_global_symbol_to_cdecl='sed -n -e '\''s/^T .* \(.*\)$/extern int \1();/p'\'' -e '\''s/^[ABCDGIRSTW]* .* \(.*\)$/extern char \1;/p'\'''
lt_cv_sys_max_cmd_len=3458764513820540925
lt_cv_to_host_file_cmd=func_convert_file_noop
lt_cv_to_tool_file_cmd=func_convert_file_noop

## ----------------- ##
## Output variables. ##
## ----------------- ##

ACLOCAL='${SHELL} /root/bluedon_waf/ModSecurity/build/missing --run aclocal-1.11'
AIX_FALSE=''
AIX_TRUE='#'
AMDEPBACKSLASH='\'
AMDEP_FALSE='#'
AMDEP_TRUE=''
AMTAR='$${TAR-tar}'
APR_CFLAGS=' -I/usr/include/apr-1.0 '
APR_CONFIG='/usr/bin/apr-1-config'
APR_CPPFLAGS='  -DLINUX=2 -D_REENTRANT -D_GNU_SOURCE'
APR_INCLUDEDIR='/usr/include/apr-1.0'
APR_LDADD=' /usr/lib/libapr-1.la'
APR_LDFLAGS=' '
APR_LINKLD=' -L/usr/lib -lapr-1'
APR_VERSION='1.4.6'
APU_CFLAGS=' -I/usr/include/apr-1.0 '
APU_CONFIG='/usr/bin/apu-1-config'
APU_INCLUDEDIR='/usr/include/apr-1.0'
APU_LDADD=' /usr/lib/libaprutil-1.la'
APU_LDFLAGS='     '
APU_LINKLD=' -L/usr/lib -laprutil-1'
APU_VERSION='1.3.12'
APXS='/usr/bin/apxs2'
APXS_BINDIR='/usr/bin'
APXS_CC='x86_64-linux-gnu-gcc'
APXS_CFLAGS='-I/usr/include/apache2'
APXS_EXTRA_CFLAGS=' -Wc,-O2 -Wc,-g -Wc,-Wall'
APXS_HTTPD='/usr/sbin/apache2'
APXS_INCLUDEDIR='/usr/include/apache2'
APXS_INCLUDES='-I/usr/include/apache2  -I/usr/include/apache2 -I. -I/usr/include/apr-1.0'
APXS_LDFLAGS=''
APXS_LIBDIR='/usr/lib'
APXS_LIBEXECDIR='/usr/lib/apache2/modules'
APXS_LIBS='-L/usr/lib  -lm -L/usr/lib/x86_64-linux-gnu -lpcre'
APXS_LIBTOOL='/usr/share/apr-1.0/build/libtool --silent'
APXS_MODULES='/usr/lib/apache2/modules'
APXS_PROGNAME='apache2'
APXS_SBINDIR='/usr/sbin'
APXS_WRAPPER='build/apxs-wrapper'
AR='ar'
AUTOCONF='${SHELL} /root/bluedon_waf/ModSecurity/build/missing --run autoconf'
AUTOHEADER='${SHELL} /root/bluedon_waf/ModSecurity/build/missing --run autoheader'
AUTOMAKE='${SHELL} /root/bluedon_waf/ModSecurity/build/missing --run automake-1.11'
AWK='mawk'
BUILD_ALP2_FALSE=''
BUILD_ALP2_TRUE='#'
BUILD_APACHE2_MODULE_FALSE='#'
BUILD_APACHE2_MODULE_TRUE=''
BUILD_DOCS_FALSE=''
BUILD_DOCS_TRUE='#'
BUILD_MLOGC_FALSE=''
BUILD_MLOGC_TRUE='#'
BUILD_STANDALONE_MODULE_FALSE='#'
BUILD_STANDALONE_MODULE_TRUE=''
BUILD_extentions_FALSE=''
BUILD_extentions_TRUE='#'
CC='gcc'
CCDEPMODE='depmode=gcc3'
CFLAGS='-g -O2  -I/usr/include/apr-1.0 '
CPP='gcc -E'
CPPFLAGS=''
CURL_CFLAGS=''
CURL_CONFIG='curl-config'
CURL_CPPFLAGS=''
CURL_LDADD=''
CURL_LDFLAGS=''
CURL_USES_GNUTLS=''
CURL_VERSION=''
CYGPATH_W='echo'
DEFS='-DHAVE_CONFIG_H'
DEPDIR='.deps'
DLLTOOL='false'
DSYMUTIL=''
DUMPBIN=''
ECHO_C=''
ECHO_N='-n'
ECHO_T=''
EGREP='/bin/grep -E'
ENV_CMD='/usr/bin/env'
EXEEXT=''
EXTRA_CFLAGS='-O2 -g -Wall '
FGREP='/bin/grep -F'
FREEBSD_FALSE=''
FREEBSD_TRUE='#'
GREP='/bin/grep'
HPUX_FALSE=''
HPUX_TRUE='#'
INSTALL_DATA='${INSTALL} -m 644'
INSTALL_PROGRAM='${INSTALL}'
INSTALL_SCRIPT='${INSTALL}'
INSTALL_STRIP_PROGRAM='$(install_sh) -c -s'
LD='/usr/bin/ld -m elf_x86_64'
LDFLAGS=''
LIBOBJS=''
LIBS=''
LIBTOOL='$(SHELL) $(top_builddir)/libtool'
LIBXML2_CFLAGS='-I/usr/include/libxml2'
LIBXML2_CONFIG='/usr/bin/xml2-config'
LIBXML2_CPPFLAGS=''
LIBXML2_LDADD='-L/usr/lib/x86_64-linux-gnu -lxml2'
LIBXML2_LDFLAGS=''
LIBXML2_VERSION='2.7.8'
LINUX390_FALSE=''
LINUX390_TRUE='#'
LINUX_FALSE='#'
LINUX_TRUE=''
LIPO=''
LN_S='ln -s'
LTLIBOBJS=''
LUA_CFLAGS=''
LUA_LDADD=''
LUA_LDFLAGS=''
MACOSX_FALSE=''
MACOSX_TRUE='#'
MAKEINFO='${SHELL} /root/bluedon_waf/ModSecurity/build/missing --run makeinfo'
MANIFEST_TOOL=':'
MKDIR_P='/bin/mkdir -p'
MODSEC_APXS_EXTRA_CFLAGS=' -Wc,-DWITH_PCRE_STUDY -Wc,-DMODSEC_PCRE_MATCH_LIMIT=1500 -Wc,-DMODSEC_PCRE_MATCH_LIMIT_RECURSION=1500 -Wc,-DREQUEST_EARLY'
MODSEC_EXTRA_CFLAGS='-DWITH_PCRE_STUDY -DMODSEC_PCRE_MATCH_LIMIT=1500 -DMODSEC_PCRE_MATCH_LIMIT_RECURSION=1500  -DREQUEST_EARLY         '
MSC_BASE_DIR='/root/bluedon_waf/ModSecurity'
MSC_PKGBASE_DIR='/root/bluedon_waf/ModSecurity/..'
MSC_REGRESSION_CONF_DIR='/root/bluedon_waf/ModSecurity/tests/regression/server_root/conf'
MSC_REGRESSION_DIR='/root/bluedon_waf/ModSecurity/tests/regression'
MSC_REGRESSION_DOCROOT_DIR='/root/bluedon_waf/ModSecurity/tests/regression/server_root/htdocs'
MSC_REGRESSION_LOGS_DIR='/root/bluedon_waf/ModSecurity/tests/regression/server_root/logs'
MSC_REGRESSION_SERVERROOT_DIR='/root/bluedon_waf/ModSecurity/tests/regression/server_root'
MSC_TEST_DIR='/root/bluedon_waf/ModSecurity/tests'
NETBSD_FALSE=''
NETBSD_TRUE='#'
NM='/usr/bin/nm -B'
NMEDIT=''
OBJDUMP='objdump'
OBJEXT='o'
OPENBSD_FALSE=''
OPENBSD_TRUE='#'
OTOOL64=''
OTOOL=''
PACKAGE='modsecurity'
PACKAGE_BUGREPORT='support@modsecurity.org'
PACKAGE_NAME='modsecurity'
PACKAGE_STRING='modsecurity 2.9'
PACKAGE_TARNAME='modsecurity'
PACKAGE_URL=''
PACKAGE_VERSION='2.9'
PATH_SEPARATOR=':'
PCRE_CFLAGS=''
PCRE_CONFIG='/usr/bin/pcre-config'
PCRE_CPPFLAGS=''
PCRE_LDADD='-L/usr/lib/x86_64-linux-gnu -lpcre'
PCRE_LDFLAGS=''
PCRE_LD_PATH='/usr/lib/x86_64-linux-gnu'
PCRE_VERSION='8.12'
PERL='/usr/bin/perl'
RANLIB='ranlib'
SED='/bin/sed'
SET_MAKE=''
SHELL='/bin/bash'
SOLARIS_FALSE=''
SOLARIS_TRUE='#'
SSDEEP_CFLAGS=''
SSDEEP_LDADD=''
SSDEEP_LDFLAGS=''
STRIP='strip'
TOPLEVEL_SUBDIRS='tools apache2 standalone'
VERSION='2.9'
YAJL_CFLAGS=''
YAJL_LDADD=''
YAJL_LDFLAGS=''
YAJL_LIBS=''
ac_ct_AR='ar'
ac_ct_CC='gcc'
ac_ct_DUMPBIN=''
am__EXEEXT_FALSE=''
am__EXEEXT_TRUE='#'
am__fastdepCC_FALSE='#'
am__fastdepCC_TRUE=''
am__include='include'
am__isrc=''
am__leading_dot='.'
am__nodep='_no'
am__quote=''
am__tar='$${TAR-tar} chof - "$$tardir"'
am__untar='$${TAR-tar} xf -'
bindir='${exec_prefix}/bin'
build='x86_64-unknown-linux-gnu'
build_alias=''
build_cpu='x86_64'
build_os='linux-gnu'
build_vendor='unknown'
datadir='${datarootdir}'
datarootdir='${prefix}/share'
docdir='${datarootdir}/doc/${PACKAGE_TARNAME}'
dvidir='${docdir}'
exec_prefix='${prefix}'
host='x86_64-unknown-linux-gnu'
host_alias=''
host_cpu='x86_64'
host_os='linux-gnu'
host_vendor='unknown'
htmldir='${docdir}'
includedir='${prefix}/include'
infodir='${datarootdir}/info'
install_sh='${SHELL} /root/bluedon_waf/ModSecurity/build/install-sh'
libdir='${exec_prefix}/lib'
libexecdir='${exec_prefix}/libexec'
localedir='${datarootdir}/locale'
localstatedir='${prefix}/var'
mandir='${datarootdir}/man'
mkdir_p='/bin/mkdir -p'
oldincludedir='/usr/include'
pdfdir='${docdir}'
prefix='/usr/local/modsecurity'
program_transform_name='s,x,x,'
psdir='${docdir}'
sbindir='${exec_prefix}/sbin'
sharedstatedir='${prefix}/com'
sysconfdir='${prefix}/etc'
target_alias=''

## ----------- ##
## confdefs.h. ##
## ----------- ##

/* confdefs.h */
#define PACKAGE_NAME "modsecurity"
#define PACKAGE_TARNAME "modsecurity"
#define PACKAGE_VERSION "2.9"
#define PACKAGE_STRING "modsecurity 2.9"
#define PACKAGE_BUGREPORT "support@modsecurity.org"
#define PACKAGE_URL ""
#define PACKAGE "modsecurity"
#define VERSION "2.9"
#define STDC_HEADERS 1
#define HAVE_SYS_TYPES_H 1
#define HAVE_SYS_STAT_H 1
#define HAVE_STDLIB_H 1
#define HAVE_STRING_H 1
#define HAVE_MEMORY_H 1
#define HAVE_STRINGS_H 1
#define HAVE_INTTYPES_H 1
#define HAVE_STDINT_H 1
#define HAVE_UNISTD_H 1
#define HAVE_DLFCN_H 1
#define LT_OBJDIR ".libs/"
#define STDC_HEADERS 1
#define HAVE_FCNTL_H 1
#define HAVE_LIMITS_H 1
#define HAVE_STDLIB_H 1
#define HAVE_STRING_H 1
#define HAVE_UNISTD_H 1
#define HAVE_SYS_TYPES_H 1
#define HAVE_SYS_STAT_H 1
#define HAVE_SYS_UTSNAME_H 1
#define restrict __restrict
#define HAVE_STDLIB_H 1
#define HAVE_MALLOC 1
#define HAVE_ATEXIT 1
#define HAVE_GETCWD 1
#define HAVE_MEMMOVE 1
#define HAVE_MEMSET 1
#define HAVE_STRCASECMP 1
#define HAVE_STRCHR 1
#define HAVE_STRDUP 1
#define HAVE_STRERROR 1
#define HAVE_STRNCASECMP 1
#define HAVE_STRRCHR 1
#define HAVE_STRSTR 1
#define HAVE_STRTOL 1
#define HAVE_FCHMOD 1
#define HAVE_STRCASESTR 1

configure: exit 0

## ---------------------- ##
## Running config.status. ##
## ---------------------- ##

This file was extended by modsecurity config.status 2.9, which was
generated by GNU Autoconf 2.68.  Invocation command line was

  CONFIG_FILES    = 
  CONFIG_HEADERS  = 
  CONFIG_LINKS    = 
  CONFIG_COMMANDS = 
  $ ./config.status 

on bdwaf

config.status:1239: creating Makefile
config.status:1239: creating tools/Makefile
config.status:1239: creating apache2/Makefile
config.status:1239: creating standalone/Makefile
config.status:1239: creating nginx/modsecurity/config
config.status:1239: creating build/apxs-wrapper
config.status:1239: creating tests/run-unit-tests.pl
config.status:1239: creating tests/run-regression-tests.pl
config.status:1239: creating tests/gen_rx-pm.pl
config.status:1239: creating tests/csv_rx-pm.pl
config.status:1239: creating tests/regression/server_root/conf/httpd.conf
config.status:1239: creating tools/rules-updater.pl
config.status:1239: creating tests/Makefile
config.status:1239: creating apache2/modsecurity_config_auto.h
config.status:1420: apache2/modsecurity_config_auto.h is unchanged
config.status:1468: executing depfiles commands
config.status:1468: executing libtool commands
