2015-10-26 17:57:54 [127.0.0.1][-][-][trace][yii\base\Application::bootstrap] Bootstrap with yii\log\Dispatcher
2015-10-26 17:57:54 [127.0.0.1][-][-][trace][yii\base\Module::getModule] Loading module: debug
2015-10-26 17:57:54 [127.0.0.1][-][-][trace][yii\base\Application::bootstrap] Bootstrap with yii\debug\Module::bootstrap()
2015-10-26 17:57:54 [127.0.0.1][-][-][trace][yii\base\Module::getModule] Loading module: gii
2015-10-26 17:57:54 [127.0.0.1][-][-][trace][yii\base\Application::bootstrap] Bootstrap with yii\gii\Module::bootstrap()
2015-10-26 17:57:54 [127.0.0.1][-][-][trace][yii\web\UrlManager::parseRequest] No matching URL rules. Using default URL parsing logic.
2015-10-26 17:57:54 [127.0.0.1][-][-][trace][yii\web\Application::handleRequest] Route requested: ''
2015-10-26 17:57:54 [127.0.0.1][-][-][info][application] $_COOKIE = [
    'PHPSESSID' => 'tbjvrkuafkhd5c5305d4f3qki5'
    '_csrf' => '5dcb9f7d9f4bdd4ec5b68ddc4bf61ecc4cd05807f500111f575f470feb92080aa:2:{i:0;s:5:\"_csrf\";i:1;s:32:\"Mh5PGFRQ2PknWWZoidCy43F4Ux_LqFCT\";}'
]

$_SERVER = [
    'ALLUSERSPROFILE' => 'C:\\ProgramData'
    'APPDATA' => 'C:\\Users\\Administrator\\AppData\\Roaming'
    'CommonProgramFiles' => 'C:\\Program Files\\Common Files'
    'CommonProgramFiles(x86)' => 'C:\\Program Files (x86)\\Common Files'
    'CommonProgramW6432' => 'C:\\Program Files\\Common Files'
    'COMPUTERNAME' => 'PC201407311000'
    'ComSpec' => 'C:\\Windows\\system32\\cmd.exe'
    'DEVMGR_SHOW_DETAILS' => '1'
    'FP_NO_HOST_CHECK' => 'NO'
    'HOMEDRIVE' => 'C:'
    'HOMEPATH' => '\\Users\\Administrator'
    'LOCALAPPDATA' => 'C:\\Users\\Administrator\\AppData\\Local'
    'LOGONSERVER' => '\\\\PC201407311000'
    'NUMBER_OF_PROCESSORS' => '2'
    'OS' => 'Windows_NT'
    'Path' => 'C:\\ProgramData\\Oracle\\Java\\javapath;C:\\Windows\\system32;C:\\Windows;C:\\Windows\\System32\\Wbem;C:\\Windows\\System32\\WindowsPowerShell\\v1.0\\;C:\\Program Files\\TortoiseSVN\\bin;D:\\phpStudy\\php56n;C:\\Program Files\\TortoiseGit\\bin;C:\\Program Files\\TortoiseGit2\\bin'
    'PATHEXT' => '.COM;.EXE;.BAT;.CMD;.VBS;.VBE;.JS;.JSE;.WSF;.WSH;.MSC'
    'PROCESSOR_ARCHITECTURE' => 'AMD64'
    'PROCESSOR_IDENTIFIER' => 'Intel64 Family 6 Model 42 Stepping 7, GenuineIntel'
    'PROCESSOR_LEVEL' => '6'
    'PROCESSOR_REVISION' => '2a07'
    'ProgramData' => 'C:\\ProgramData'
    'ProgramFiles' => 'C:\\Program Files'
    'ProgramFiles(x86)' => 'C:\\Program Files (x86)'
    'ProgramW6432' => 'C:\\Program Files'
    'PSModulePath' => 'C:\\Windows\\system32\\WindowsPowerShell\\v1.0\\Modules\\'
    'PUBLIC' => 'C:\\Users\\Public'
    'SESSIONNAME' => 'Console'
    'SystemDrive' => 'C:'
    'SystemRoot' => 'C:\\Windows'
    'TEMP' => 'C:\\Users\\ADMINI~1\\AppData\\Local\\Temp'
    'TMP' => 'C:\\Users\\ADMINI~1\\AppData\\Local\\Temp'
    'USERDOMAIN' => 'PC201407311000'
    'USERNAME' => 'Administrator'
    'USERPROFILE' => 'C:\\Users\\Administrator'
    'windir' => 'C:\\Windows'
    'windows_tracing_flags' => '3'
    'windows_tracing_logfile' => 'C:\\BVTBin\\Tests\\installpackage\\csilogfile.log'
    'HTTP_COOKIE' => 'PHPSESSID=tbjvrkuafkhd5c5305d4f3qki5; _csrf=5dcb9f7d9f4bdd4ec5b68ddc4bf61ecc4cd05807f500111f575f470feb92080aa%3A2%3A%7Bi%3A0%3Bs%3A5%3A%22_csrf%22%3Bi%3A1%3Bs%3A32%3A%22Mh5PGFRQ2PknWWZoidCy43F4Ux_LqFCT%22%3B%7D'
    'HTTP_ACCEPT_LANGUAGE' => 'zh-CN,zh;q=0.8'
    'HTTP_ACCEPT_ENCODING' => 'gzip, deflate, sdch'
    'HTTP_USER_AGENT' => 'Mozilla/5.0 (Windows NT 6.1; WOW64) AppleWebKit/537.36 (KHTML, like Gecko) Chrome/44.0.2403.155 Safari/537.36'
    'HTTP_UPGRADE_INSECURE_REQUESTS' => '1'
    'HTTP_ACCEPT' => 'text/html,application/xhtml+xml,application/xml;q=0.9,image/webp,*/*;q=0.8'
    'HTTP_CACHE_CONTROL' => 'max-age=0'
    'HTTP_CONNECTION' => 'keep-alive'
    'HTTP_HOST' => '127.0.0.22'
    'REDIRECT_STATUS' => '200'
    'SERVER_NAME' => '127.0.0.22'
    'SERVER_PORT' => '80'
    'SERVER_ADDR' => '127.0.0.22'
    'REMOTE_PORT' => '50880'
    'REMOTE_ADDR' => '127.0.0.1'
    'SERVER_SOFTWARE' => 'nginx/1.6.2'
    'GATEWAY_INTERFACE' => 'CGI/1.1'
    'SERVER_PROTOCOL' => 'HTTP/1.1'
    'DOCUMENT_ROOT' => 'E:\\yii2\\apps\\backend\\themes\\web'
    'DOCUMENT_URI' => '/index.php'
    'REQUEST_URI' => '/'
    'SCRIPT_NAME' => '/index.php'
    'CONTENT_LENGTH' => ''
    'CONTENT_TYPE' => ''
    'REQUEST_METHOD' => 'GET'
    'QUERY_STRING' => ''
    'PATH_TRANSLATED' => 'E:\\yii2\\apps\\backend\\themes\\web'
    'PATH_INFO' => ''
    'SCRIPT_FILENAME' => 'E:\\yii2\\apps\\backend\\themes\\web/index.php'
    'FCGI_ROLE' => 'RESPONDER'
    'PHP_SELF' => '/index.php'
    'REQUEST_TIME_FLOAT' => 1445853474.1861
    'REQUEST_TIME' => 1445853474
]
2015-10-26 17:59:50 [127.0.0.1][-][-][trace][yii\base\Application::bootstrap] Bootstrap with yii\log\Dispatcher
2015-10-26 17:59:50 [127.0.0.1][-][-][trace][yii\base\Module::getModule] Loading module: debug
2015-10-26 17:59:50 [127.0.0.1][-][-][trace][yii\base\Application::bootstrap] Bootstrap with yii\debug\Module::bootstrap()
2015-10-26 17:59:50 [127.0.0.1][-][-][trace][yii\base\Module::getModule] Loading module: gii
2015-10-26 17:59:50 [127.0.0.1][-][-][trace][yii\base\Application::bootstrap] Bootstrap with yii\gii\Module::bootstrap()
2015-10-26 17:59:50 [127.0.0.1][-][-][trace][yii\web\UrlManager::parseRequest] No matching URL rules. Using default URL parsing logic.
2015-10-26 17:59:50 [127.0.0.1][-][-][trace][yii\web\Application::handleRequest] Route requested: ''
2015-10-26 17:59:50 [127.0.0.1][-][-][info][application] $_COOKIE = [
    'PHPSESSID' => 'tbjvrkuafkhd5c5305d4f3qki5'
    '_csrf' => '5dcb9f7d9f4bdd4ec5b68ddc4bf61ecc4cd05807f500111f575f470feb92080aa:2:{i:0;s:5:\"_csrf\";i:1;s:32:\"Mh5PGFRQ2PknWWZoidCy43F4Ux_LqFCT\";}'
]

$_SERVER = [
    'ALLUSERSPROFILE' => 'C:\\ProgramData'
    'APPDATA' => 'C:\\Users\\Administrator\\AppData\\Roaming'
    'CommonProgramFiles' => 'C:\\Program Files\\Common Files'
    'CommonProgramFiles(x86)' => 'C:\\Program Files (x86)\\Common Files'
    'CommonProgramW6432' => 'C:\\Program Files\\Common Files'
    'COMPUTERNAME' => 'PC201407311000'
    'ComSpec' => 'C:\\Windows\\system32\\cmd.exe'
    'DEVMGR_SHOW_DETAILS' => '1'
    'FP_NO_HOST_CHECK' => 'NO'
    'HOMEDRIVE' => 'C:'
    'HOMEPATH' => '\\Users\\Administrator'
    'LOCALAPPDATA' => 'C:\\Users\\Administrator\\AppData\\Local'
    'LOGONSERVER' => '\\\\PC201407311000'
    'NUMBER_OF_PROCESSORS' => '2'
    'OS' => 'Windows_NT'
    'Path' => 'C:\\ProgramData\\Oracle\\Java\\javapath;C:\\Windows\\system32;C:\\Windows;C:\\Windows\\System32\\Wbem;C:\\Windows\\System32\\WindowsPowerShell\\v1.0\\;C:\\Program Files\\TortoiseSVN\\bin;D:\\phpStudy\\php56n;C:\\Program Files\\TortoiseGit\\bin;C:\\Program Files\\TortoiseGit2\\bin'
    'PATHEXT' => '.COM;.EXE;.BAT;.CMD;.VBS;.VBE;.JS;.JSE;.WSF;.WSH;.MSC'
    'PROCESSOR_ARCHITECTURE' => 'AMD64'
    'PROCESSOR_IDENTIFIER' => 'Intel64 Family 6 Model 42 Stepping 7, GenuineIntel'
    'PROCESSOR_LEVEL' => '6'
    'PROCESSOR_REVISION' => '2a07'
    'ProgramData' => 'C:\\ProgramData'
    'ProgramFiles' => 'C:\\Program Files'
    'ProgramFiles(x86)' => 'C:\\Program Files (x86)'
    'ProgramW6432' => 'C:\\Program Files'
    'PSModulePath' => 'C:\\Windows\\system32\\WindowsPowerShell\\v1.0\\Modules\\'
    'PUBLIC' => 'C:\\Users\\Public'
    'SESSIONNAME' => 'Console'
    'SystemDrive' => 'C:'
    'SystemRoot' => 'C:\\Windows'
    'TEMP' => 'C:\\Users\\ADMINI~1\\AppData\\Local\\Temp'
    'TMP' => 'C:\\Users\\ADMINI~1\\AppData\\Local\\Temp'
    'USERDOMAIN' => 'PC201407311000'
    'USERNAME' => 'Administrator'
    'USERPROFILE' => 'C:\\Users\\Administrator'
    'windir' => 'C:\\Windows'
    'windows_tracing_flags' => '3'
    'windows_tracing_logfile' => 'C:\\BVTBin\\Tests\\installpackage\\csilogfile.log'
    'HTTP_COOKIE' => 'PHPSESSID=tbjvrkuafkhd5c5305d4f3qki5; _csrf=5dcb9f7d9f4bdd4ec5b68ddc4bf61ecc4cd05807f500111f575f470feb92080aa%3A2%3A%7Bi%3A0%3Bs%3A5%3A%22_csrf%22%3Bi%3A1%3Bs%3A32%3A%22Mh5PGFRQ2PknWWZoidCy43F4Ux_LqFCT%22%3B%7D'
    'HTTP_ACCEPT_LANGUAGE' => 'zh-CN,zh;q=0.8'
    'HTTP_ACCEPT_ENCODING' => 'gzip, deflate, sdch'
    'HTTP_USER_AGENT' => 'Mozilla/5.0 (Windows NT 6.1; WOW64) AppleWebKit/537.36 (KHTML, like Gecko) Chrome/44.0.2403.155 Safari/537.36'
    'HTTP_UPGRADE_INSECURE_REQUESTS' => '1'
    'HTTP_ACCEPT' => 'text/html,application/xhtml+xml,application/xml;q=0.9,image/webp,*/*;q=0.8'
    'HTTP_CACHE_CONTROL' => 'max-age=0'
    'HTTP_CONNECTION' => 'keep-alive'
    'HTTP_HOST' => '127.0.0.22'
    'REDIRECT_STATUS' => '200'
    'SERVER_NAME' => '127.0.0.22'
    'SERVER_PORT' => '80'
    'SERVER_ADDR' => '127.0.0.22'
    'REMOTE_PORT' => '50895'
    'REMOTE_ADDR' => '127.0.0.1'
    'SERVER_SOFTWARE' => 'nginx/1.6.2'
    'GATEWAY_INTERFACE' => 'CGI/1.1'
    'SERVER_PROTOCOL' => 'HTTP/1.1'
    'DOCUMENT_ROOT' => 'E:\\yii2\\apps\\backend\\themes\\web'
    'DOCUMENT_URI' => '/index.php'
    'REQUEST_URI' => '/'
    'SCRIPT_NAME' => '/index.php'
    'CONTENT_LENGTH' => ''
    'CONTENT_TYPE' => ''
    'REQUEST_METHOD' => 'GET'
    'QUERY_STRING' => ''
    'PATH_TRANSLATED' => 'E:\\yii2\\apps\\backend\\themes\\web'
    'PATH_INFO' => ''
    'SCRIPT_FILENAME' => 'E:\\yii2\\apps\\backend\\themes\\web/index.php'
    'FCGI_ROLE' => 'RESPONDER'
    'PHP_SELF' => '/index.php'
    'REQUEST_TIME_FLOAT' => 1445853590.1748
    'REQUEST_TIME' => 1445853590
]
2015-10-26 18:01:14 [127.0.0.1][-][-][trace][yii\base\Application::bootstrap] Bootstrap with yii\log\Dispatcher
2015-10-26 18:01:14 [127.0.0.1][-][-][trace][yii\base\Module::getModule] Loading module: debug
2015-10-26 18:01:14 [127.0.0.1][-][-][trace][yii\base\Application::bootstrap] Bootstrap with yii\debug\Module::bootstrap()
2015-10-26 18:01:14 [127.0.0.1][-][-][trace][yii\base\Module::getModule] Loading module: gii
2015-10-26 18:01:14 [127.0.0.1][-][-][trace][yii\base\Application::bootstrap] Bootstrap with yii\gii\Module::bootstrap()
2015-10-26 18:01:14 [127.0.0.1][-][-][trace][yii\web\UrlManager::parseRequest] No matching URL rules. Using default URL parsing logic.
2015-10-26 18:01:14 [127.0.0.1][-][-][trace][yii\web\Application::handleRequest] Route requested: ''
2015-10-26 18:01:14 [127.0.0.1][-][-][info][application] $_COOKIE = [
    'PHPSESSID' => 'tbjvrkuafkhd5c5305d4f3qki5'
    '_csrf' => '5dcb9f7d9f4bdd4ec5b68ddc4bf61ecc4cd05807f500111f575f470feb92080aa:2:{i:0;s:5:\"_csrf\";i:1;s:32:\"Mh5PGFRQ2PknWWZoidCy43F4Ux_LqFCT\";}'
]

$_SERVER = [
    'ALLUSERSPROFILE' => 'C:\\ProgramData'
    'APPDATA' => 'C:\\Users\\Administrator\\AppData\\Roaming'
    'CommonProgramFiles' => 'C:\\Program Files\\Common Files'
    'CommonProgramFiles(x86)' => 'C:\\Program Files (x86)\\Common Files'
    'CommonProgramW6432' => 'C:\\Program Files\\Common Files'
    'COMPUTERNAME' => 'PC201407311000'
    'ComSpec' => 'C:\\Windows\\system32\\cmd.exe'
    'DEVMGR_SHOW_DETAILS' => '1'
    'FP_NO_HOST_CHECK' => 'NO'
    'HOMEDRIVE' => 'C:'
    'HOMEPATH' => '\\Users\\Administrator'
    'LOCALAPPDATA' => 'C:\\Users\\Administrator\\AppData\\Local'
    'LOGONSERVER' => '\\\\PC201407311000'
    'NUMBER_OF_PROCESSORS' => '2'
    'OS' => 'Windows_NT'
    'Path' => 'C:\\ProgramData\\Oracle\\Java\\javapath;C:\\Windows\\system32;C:\\Windows;C:\\Windows\\System32\\Wbem;C:\\Windows\\System32\\WindowsPowerShell\\v1.0\\;C:\\Program Files\\TortoiseSVN\\bin;D:\\phpStudy\\php56n;C:\\Program Files\\TortoiseGit\\bin;C:\\Program Files\\TortoiseGit2\\bin'
    'PATHEXT' => '.COM;.EXE;.BAT;.CMD;.VBS;.VBE;.JS;.JSE;.WSF;.WSH;.MSC'
    'PROCESSOR_ARCHITECTURE' => 'AMD64'
    'PROCESSOR_IDENTIFIER' => 'Intel64 Family 6 Model 42 Stepping 7, GenuineIntel'
    'PROCESSOR_LEVEL' => '6'
    'PROCESSOR_REVISION' => '2a07'
    'ProgramData' => 'C:\\ProgramData'
    'ProgramFiles' => 'C:\\Program Files'
    'ProgramFiles(x86)' => 'C:\\Program Files (x86)'
    'ProgramW6432' => 'C:\\Program Files'
    'PSModulePath' => 'C:\\Windows\\system32\\WindowsPowerShell\\v1.0\\Modules\\'
    'PUBLIC' => 'C:\\Users\\Public'
    'SESSIONNAME' => 'Console'
    'SystemDrive' => 'C:'
    'SystemRoot' => 'C:\\Windows'
    'TEMP' => 'C:\\Users\\ADMINI~1\\AppData\\Local\\Temp'
    'TMP' => 'C:\\Users\\ADMINI~1\\AppData\\Local\\Temp'
    'USERDOMAIN' => 'PC201407311000'
    'USERNAME' => 'Administrator'
    'USERPROFILE' => 'C:\\Users\\Administrator'
    'windir' => 'C:\\Windows'
    'windows_tracing_flags' => '3'
    'windows_tracing_logfile' => 'C:\\BVTBin\\Tests\\installpackage\\csilogfile.log'
    'HTTP_COOKIE' => 'PHPSESSID=tbjvrkuafkhd5c5305d4f3qki5; _csrf=5dcb9f7d9f4bdd4ec5b68ddc4bf61ecc4cd05807f500111f575f470feb92080aa%3A2%3A%7Bi%3A0%3Bs%3A5%3A%22_csrf%22%3Bi%3A1%3Bs%3A32%3A%22Mh5PGFRQ2PknWWZoidCy43F4Ux_LqFCT%22%3B%7D'
    'HTTP_ACCEPT_LANGUAGE' => 'zh-CN,zh;q=0.8'
    'HTTP_ACCEPT_ENCODING' => 'gzip, deflate, sdch'
    'HTTP_USER_AGENT' => 'Mozilla/5.0 (Windows NT 6.1; WOW64) AppleWebKit/537.36 (KHTML, like Gecko) Chrome/44.0.2403.155 Safari/537.36'
    'HTTP_UPGRADE_INSECURE_REQUESTS' => '1'
    'HTTP_ACCEPT' => 'text/html,application/xhtml+xml,application/xml;q=0.9,image/webp,*/*;q=0.8'
    'HTTP_CACHE_CONTROL' => 'max-age=0'
    'HTTP_CONNECTION' => 'keep-alive'
    'HTTP_HOST' => '127.0.0.22'
    'REDIRECT_STATUS' => '200'
    'SERVER_NAME' => '127.0.0.22'
    'SERVER_PORT' => '80'
    'SERVER_ADDR' => '127.0.0.22'
    'REMOTE_PORT' => '50903'
    'REMOTE_ADDR' => '127.0.0.1'
    'SERVER_SOFTWARE' => 'nginx/1.6.2'
    'GATEWAY_INTERFACE' => 'CGI/1.1'
    'SERVER_PROTOCOL' => 'HTTP/1.1'
    'DOCUMENT_ROOT' => 'E:\\yii2\\apps\\backend\\themes\\web'
    'DOCUMENT_URI' => '/index.php'
    'REQUEST_URI' => '/'
    'SCRIPT_NAME' => '/index.php'
    'CONTENT_LENGTH' => ''
    'CONTENT_TYPE' => ''
    'REQUEST_METHOD' => 'GET'
    'QUERY_STRING' => ''
    'PATH_TRANSLATED' => 'E:\\yii2\\apps\\backend\\themes\\web'
    'PATH_INFO' => ''
    'SCRIPT_FILENAME' => 'E:\\yii2\\apps\\backend\\themes\\web/index.php'
    'FCGI_ROLE' => 'RESPONDER'
    'PHP_SELF' => '/index.php'
    'REQUEST_TIME_FLOAT' => 1445853674.5736
    'REQUEST_TIME' => 1445853674
]
