2016-04-18 08:27:45 [127.0.0.1][-][ajsebdr2ajguhd7192j5r1pgh5][trace][yii\base\Application::bootstrap] Bootstrap with yii\log\Dispatcher
2016-04-18 08:27:45 [127.0.0.1][-][ajsebdr2ajguhd7192j5r1pgh5][trace][yii\base\Module::getModule] Loading module: debug
2016-04-18 08:27:45 [127.0.0.1][-][ajsebdr2ajguhd7192j5r1pgh5][trace][yii\base\Application::bootstrap] Bootstrap with yii\debug\Module::bootstrap()
2016-04-18 08:27:45 [127.0.0.1][-][ajsebdr2ajguhd7192j5r1pgh5][trace][yii\base\Module::getModule] Loading module: gii
2016-04-18 08:27:45 [127.0.0.1][-][ajsebdr2ajguhd7192j5r1pgh5][trace][yii\base\Application::bootstrap] Bootstrap with yii\gii\Module::bootstrap()
2016-04-18 08:27:45 [127.0.0.1][-][ajsebdr2ajguhd7192j5r1pgh5][trace][yii\web\UrlManager::parseRequest] No matching URL rules. Using default URL parsing logic.
2016-04-18 08:27:45 [127.0.0.1][-][ajsebdr2ajguhd7192j5r1pgh5][trace][yii\base\Controller::runAction] Route to run: site/error
2016-04-18 08:27:45 [127.0.0.1][-][ajsebdr2ajguhd7192j5r1pgh5][trace][yii\base\Action::runWithParams] Running action: yii\web\ErrorAction::run()
2016-04-18 08:27:45 [127.0.0.1][-][ajsebdr2ajguhd7192j5r1pgh5][trace][yii\base\View::renderFile] Rendering view file: E:\wwwroot\yii2\apps\backend\themes\default\site\error.php
2016-04-18 08:27:45 [127.0.0.1][-][ajsebdr2ajguhd7192j5r1pgh5][trace][yii\base\View::renderFile] Rendering view file: E:\wwwroot\yii2\apps\backend\themes\default\layouts\main.php
2016-04-18 08:27:45 [127.0.0.1][-][ajsebdr2ajguhd7192j5r1pgh5][info][yii\web\Session::open] Session started
    in E:\wwwroot\yii2\apps\backend\widgets\Alert.php:50
    in E:\wwwroot\yii2\apps\backend\themes\default\layouts\main.php:60
2016-04-18 08:27:45 [127.0.0.1][-][ajsebdr2ajguhd7192j5r1pgh5][info][application] $_SESSION = [
    '__flash' => []
]

$_SERVER = [
    'ALLUSERSPROFILE' => 'C:\\ProgramData'
    'APPDATA' => 'C:\\Users\\mallor\\AppData\\Roaming'
    'CommonProgramFiles' => 'C:\\Program Files (x86)\\Common Files'
    'CommonProgramFiles(x86)' => 'C:\\Program Files (x86)\\Common Files'
    'CommonProgramW6432' => 'C:\\Program Files\\Common Files'
    'COMPUTERNAME' => 'DESKTOP-K7N6M8L'
    'ComSpec' => 'C:\\windows\\system32\\cmd.exe'
    'FPS_BROWSER_APP_PROFILE_STRING' => 'Internet Explorer'
    'FPS_BROWSER_USER_PROFILE_STRING' => 'Default'
    'HOMEDRIVE' => 'C:'
    'HOMEPATH' => '\\Users\\mallor'
    'LOCALAPPDATA' => 'C:\\Users\\mallor\\AppData\\Local'
    'LOGONSERVER' => '\\\\DESKTOP-K7N6M8L'
    'NUMBER_OF_PROCESSORS' => '4'
    'OS' => 'Windows_NT'
    'Path' => 'C:\\ProgramData\\Oracle\\Java\\javapath;C:\\windows\\system32;C:\\windows;C:\\windows\\System32\\Wbem;C:\\windows\\System32\\WindowsPowerShell\\v1.0\\;C:\\Program Files\\TortoiseSVN\\bin;C:\\Program Files\\TortoiseGit\\bin;C:\\Program Files\\Git\\bin'
    'PATHEXT' => '.COM;.EXE;.BAT;.CMD;.VBS;.VBE;.JS;.JSE;.WSF;.WSH;.MSC'
    'PROCESSOR_ARCHITECTURE' => 'x86'
    'PROCESSOR_ARCHITEW6432' => 'AMD64'
    'PROCESSOR_IDENTIFIER' => 'Intel64 Family 6 Model 60 Stepping 3, GenuineIntel'
    'PROCESSOR_LEVEL' => '6'
    'PROCESSOR_REVISION' => '3c03'
    'ProgramData' => 'C:\\ProgramData'
    'ProgramFiles' => 'C:\\Program Files (x86)'
    'ProgramFiles(x86)' => 'C:\\Program Files (x86)'
    'ProgramW6432' => 'C:\\Program Files'
    'PSModulePath' => 'C:\\Program Files\\WindowsPowerShell\\Modules;C:\\windows\\system32\\WindowsPowerShell\\v1.0\\Modules'
    'PUBLIC' => 'C:\\Users\\Public'
    'SESSIONNAME' => 'Console'
    'SystemDrive' => 'C:'
    'SystemRoot' => 'C:\\windows'
    'TEMP' => 'C:\\Users\\mallor\\AppData\\Local\\Temp'
    'TMP' => 'C:\\Users\\mallor\\AppData\\Local\\Temp'
    'USERDOMAIN' => 'DESKTOP-K7N6M8L'
    'USERDOMAIN_ROAMINGPROFILE' => 'DESKTOP-K7N6M8L'
    'USERNAME' => 'mallor'
    'USERPROFILE' => 'C:\\Users\\mallor'
    'windir' => 'C:\\windows'
    'HTTP_ACCEPT_LANGUAGE' => 'zh-CN,zh;q=0.8'
    'HTTP_ACCEPT_ENCODING' => 'gzip, deflate, sdch'
    'HTTP_USER_AGENT' => 'Mozilla/5.0 (Windows NT 10.0; WOW64) AppleWebKit/537.36 (KHTML, like Gecko) Chrome/48.0.2564.116 Safari/537.36'
    'HTTP_UPGRADE_INSECURE_REQUESTS' => '1'
    'HTTP_ACCEPT' => 'text/html,application/xhtml+xml,application/xml;q=0.9,image/webp,*/*;q=0.8'
    'HTTP_CONNECTION' => 'keep-alive'
    'HTTP_HOST' => '127.0.0.22'
    'REDIRECT_STATUS' => '200'
    'SERVER_NAME' => '127.0.0.22'
    'SERVER_PORT' => '80'
    'SERVER_ADDR' => '127.0.0.22'
    'REMOTE_PORT' => '50197'
    'REMOTE_ADDR' => '127.0.0.1'
    'SERVER_SOFTWARE' => 'nginx/1.9.9'
    'GATEWAY_INTERFACE' => 'CGI/1.1'
    'SERVER_PROTOCOL' => 'HTTP/1.1'
    'DOCUMENT_ROOT' => 'E:\\wwwroot\\yii2\\apps\\backend\\web\\'
    'DOCUMENT_URI' => '/index.php'
    'REQUEST_URI' => '/gii'
    'SCRIPT_NAME' => '/index.php'
    'CONTENT_LENGTH' => ''
    'CONTENT_TYPE' => ''
    'REQUEST_METHOD' => 'GET'
    'QUERY_STRING' => ''
    'PATH_TRANSLATED' => 'E:\\wwwroot\\yii2\\apps\\backend\\web\\'
    'PATH_INFO' => ''
    'SCRIPT_FILENAME' => 'E:\\wwwroot\\yii2\\apps\\backend\\web\\/index.php'
    'FCGI_ROLE' => 'RESPONDER'
    'PHP_SELF' => '/index.php'
    'REQUEST_TIME_FLOAT' => 1460968065.186
    'REQUEST_TIME' => 1460968065
]
2016-04-18 08:27:46 [127.0.0.1][-][ajsebdr2ajguhd7192j5r1pgh5][trace][yii\base\Application::bootstrap] Bootstrap with yii\log\Dispatcher
2016-04-18 08:27:46 [127.0.0.1][-][ajsebdr2ajguhd7192j5r1pgh5][trace][yii\base\Module::getModule] Loading module: debug
2016-04-18 08:27:46 [127.0.0.1][-][ajsebdr2ajguhd7192j5r1pgh5][trace][yii\base\Application::bootstrap] Bootstrap with yii\debug\Module::bootstrap()
2016-04-18 08:27:46 [127.0.0.1][-][ajsebdr2ajguhd7192j5r1pgh5][trace][yii\base\Module::getModule] Loading module: gii
2016-04-18 08:27:46 [127.0.0.1][-][ajsebdr2ajguhd7192j5r1pgh5][trace][yii\base\Application::bootstrap] Bootstrap with yii\gii\Module::bootstrap()
2016-04-18 08:27:46 [127.0.0.1][-][ajsebdr2ajguhd7192j5r1pgh5][trace][yii\web\UrlManager::parseRequest] No matching URL rules. Using default URL parsing logic.
2016-04-18 08:27:46 [127.0.0.1][-][ajsebdr2ajguhd7192j5r1pgh5][trace][yii\base\Controller::runAction] Route to run: site/error
2016-04-18 08:27:46 [127.0.0.1][-][ajsebdr2ajguhd7192j5r1pgh5][trace][yii\base\Action::runWithParams] Running action: yii\web\ErrorAction::run()
2016-04-18 08:27:46 [127.0.0.1][-][ajsebdr2ajguhd7192j5r1pgh5][trace][yii\base\View::renderFile] Rendering view file: E:\wwwroot\yii2\apps\backend\themes\default\site\error.php
2016-04-18 08:27:46 [127.0.0.1][-][ajsebdr2ajguhd7192j5r1pgh5][trace][yii\base\View::renderFile] Rendering view file: E:\wwwroot\yii2\apps\backend\themes\default\layouts\main.php
2016-04-18 08:27:46 [127.0.0.1][-][ajsebdr2ajguhd7192j5r1pgh5][info][yii\web\Session::open] Session started
    in E:\wwwroot\yii2\apps\backend\themes\default\layouts\main.php:40
2016-04-18 08:27:46 [127.0.0.1][-][ajsebdr2ajguhd7192j5r1pgh5][info][application] $_COOKIE = [
    'PHPSESSID' => 'ajsebdr2ajguhd7192j5r1pgh5'
    '_csrf' => '81e3de45003927475412edb0af511ff1a2f8f46160578e8380359d63158a29b2a:2:{i:0;s:5:\"_csrf\";i:1;s:32:\"f77dTiWd0dXATzMWhJlBjxayyliXW_nK\";}'
]

$_SESSION = [
    '__flash' => []
]

$_SERVER = [
    'ALLUSERSPROFILE' => 'C:\\ProgramData'
    'APPDATA' => 'C:\\Users\\mallor\\AppData\\Roaming'
    'CommonProgramFiles' => 'C:\\Program Files (x86)\\Common Files'
    'CommonProgramFiles(x86)' => 'C:\\Program Files (x86)\\Common Files'
    'CommonProgramW6432' => 'C:\\Program Files\\Common Files'
    'COMPUTERNAME' => 'DESKTOP-K7N6M8L'
    'ComSpec' => 'C:\\windows\\system32\\cmd.exe'
    'FPS_BROWSER_APP_PROFILE_STRING' => 'Internet Explorer'
    'FPS_BROWSER_USER_PROFILE_STRING' => 'Default'
    'HOMEDRIVE' => 'C:'
    'HOMEPATH' => '\\Users\\mallor'
    'LOCALAPPDATA' => 'C:\\Users\\mallor\\AppData\\Local'
    'LOGONSERVER' => '\\\\DESKTOP-K7N6M8L'
    'NUMBER_OF_PROCESSORS' => '4'
    'OS' => 'Windows_NT'
    'Path' => 'C:\\ProgramData\\Oracle\\Java\\javapath;C:\\windows\\system32;C:\\windows;C:\\windows\\System32\\Wbem;C:\\windows\\System32\\WindowsPowerShell\\v1.0\\;C:\\Program Files\\TortoiseSVN\\bin;C:\\Program Files\\TortoiseGit\\bin;C:\\Program Files\\Git\\bin'
    'PATHEXT' => '.COM;.EXE;.BAT;.CMD;.VBS;.VBE;.JS;.JSE;.WSF;.WSH;.MSC'
    'PROCESSOR_ARCHITECTURE' => 'x86'
    'PROCESSOR_ARCHITEW6432' => 'AMD64'
    'PROCESSOR_IDENTIFIER' => 'Intel64 Family 6 Model 60 Stepping 3, GenuineIntel'
    'PROCESSOR_LEVEL' => '6'
    'PROCESSOR_REVISION' => '3c03'
    'ProgramData' => 'C:\\ProgramData'
    'ProgramFiles' => 'C:\\Program Files (x86)'
    'ProgramFiles(x86)' => 'C:\\Program Files (x86)'
    'ProgramW6432' => 'C:\\Program Files'
    'PSModulePath' => 'C:\\Program Files\\WindowsPowerShell\\Modules;C:\\windows\\system32\\WindowsPowerShell\\v1.0\\Modules'
    'PUBLIC' => 'C:\\Users\\Public'
    'SESSIONNAME' => 'Console'
    'SystemDrive' => 'C:'
    'SystemRoot' => 'C:\\windows'
    'TEMP' => 'C:\\Users\\mallor\\AppData\\Local\\Temp'
    'TMP' => 'C:\\Users\\mallor\\AppData\\Local\\Temp'
    'USERDOMAIN' => 'DESKTOP-K7N6M8L'
    'USERDOMAIN_ROAMINGPROFILE' => 'DESKTOP-K7N6M8L'
    'USERNAME' => 'mallor'
    'USERPROFILE' => 'C:\\Users\\mallor'
    'windir' => 'C:\\windows'
    'HTTP_COOKIE' => 'PHPSESSID=ajsebdr2ajguhd7192j5r1pgh5; _csrf=81e3de45003927475412edb0af511ff1a2f8f46160578e8380359d63158a29b2a%3A2%3A%7Bi%3A0%3Bs%3A5%3A%22_csrf%22%3Bi%3A1%3Bs%3A32%3A%22f77dTiWd0dXATzMWhJlBjxayyliXW_nK%22%3B%7D'
    'HTTP_ACCEPT_LANGUAGE' => 'zh-CN,zh;q=0.8'
    'HTTP_ACCEPT_ENCODING' => 'gzip, deflate, sdch'
    'HTTP_REFERER' => 'http://127.0.0.22/gii'
    'HTTP_ACCEPT' => '*/*'
    'HTTP_USER_AGENT' => 'Mozilla/5.0 (Windows NT 10.0; WOW64) AppleWebKit/537.36 (KHTML, like Gecko) Chrome/48.0.2564.116 Safari/537.36'
    'HTTP_CONNECTION' => 'keep-alive'
    'HTTP_HOST' => '127.0.0.22'
    'REDIRECT_STATUS' => '200'
    'SERVER_NAME' => '127.0.0.22'
    'SERVER_PORT' => '80'
    'SERVER_ADDR' => '127.0.0.22'
    'REMOTE_PORT' => '50198'
    'REMOTE_ADDR' => '127.0.0.1'
    'SERVER_SOFTWARE' => 'nginx/1.9.9'
    'GATEWAY_INTERFACE' => 'CGI/1.1'
    'SERVER_PROTOCOL' => 'HTTP/1.1'
    'DOCUMENT_ROOT' => 'E:\\wwwroot\\yii2\\apps\\backend\\web\\'
    'DOCUMENT_URI' => '/index.php'
    'REQUEST_URI' => '/favicon.ico'
    'SCRIPT_NAME' => '/index.php'
    'CONTENT_LENGTH' => ''
    'CONTENT_TYPE' => ''
    'REQUEST_METHOD' => 'GET'
    'QUERY_STRING' => ''
    'PATH_TRANSLATED' => 'E:\\wwwroot\\yii2\\apps\\backend\\web\\'
    'PATH_INFO' => ''
    'SCRIPT_FILENAME' => 'E:\\wwwroot\\yii2\\apps\\backend\\web\\/index.php'
    'FCGI_ROLE' => 'RESPONDER'
    'PHP_SELF' => '/index.php'
    'REQUEST_TIME_FLOAT' => 1460968066.1315
    'REQUEST_TIME' => 1460968066
]
2016-04-18 08:27:50 [127.0.0.1][-][ajsebdr2ajguhd7192j5r1pgh5][trace][yii\base\Application::bootstrap] Bootstrap with yii\log\Dispatcher
2016-04-18 08:27:50 [127.0.0.1][-][ajsebdr2ajguhd7192j5r1pgh5][trace][yii\base\Module::getModule] Loading module: debug
2016-04-18 08:27:50 [127.0.0.1][-][ajsebdr2ajguhd7192j5r1pgh5][trace][yii\base\Application::bootstrap] Bootstrap with yii\debug\Module::bootstrap()
2016-04-18 08:27:50 [127.0.0.1][-][ajsebdr2ajguhd7192j5r1pgh5][trace][yii\base\Module::getModule] Loading module: gii
2016-04-18 08:27:50 [127.0.0.1][-][ajsebdr2ajguhd7192j5r1pgh5][trace][yii\base\Application::bootstrap] Bootstrap with yii\gii\Module::bootstrap()
2016-04-18 08:27:50 [127.0.0.1][-][ajsebdr2ajguhd7192j5r1pgh5][trace][yii\web\UrlManager::parseRequest] No matching URL rules. Using default URL parsing logic.
2016-04-18 08:27:50 [127.0.0.1][-][ajsebdr2ajguhd7192j5r1pgh5][trace][yii\base\Controller::runAction] Route to run: site/error
2016-04-18 08:27:50 [127.0.0.1][-][ajsebdr2ajguhd7192j5r1pgh5][trace][yii\base\Action::runWithParams] Running action: yii\web\ErrorAction::run()
2016-04-18 08:27:50 [127.0.0.1][-][ajsebdr2ajguhd7192j5r1pgh5][trace][yii\base\View::renderFile] Rendering view file: E:\wwwroot\yii2\apps\backend\themes\default\site\error.php
2016-04-18 08:27:50 [127.0.0.1][-][ajsebdr2ajguhd7192j5r1pgh5][trace][yii\base\View::renderFile] Rendering view file: E:\wwwroot\yii2\apps\backend\themes\default\layouts\main.php
2016-04-18 08:27:50 [127.0.0.1][-][ajsebdr2ajguhd7192j5r1pgh5][info][yii\web\Session::open] Session started
    in E:\wwwroot\yii2\apps\backend\themes\default\layouts\main.php:40
2016-04-18 08:27:50 [127.0.0.1][-][ajsebdr2ajguhd7192j5r1pgh5][info][application] $_COOKIE = [
    'PHPSESSID' => 'ajsebdr2ajguhd7192j5r1pgh5'
    '_csrf' => '81e3de45003927475412edb0af511ff1a2f8f46160578e8380359d63158a29b2a:2:{i:0;s:5:\"_csrf\";i:1;s:32:\"f77dTiWd0dXATzMWhJlBjxayyliXW_nK\";}'
]

$_SESSION = [
    '__flash' => []
]

$_SERVER = [
    'ALLUSERSPROFILE' => 'C:\\ProgramData'
    'APPDATA' => 'C:\\Users\\mallor\\AppData\\Roaming'
    'CommonProgramFiles' => 'C:\\Program Files (x86)\\Common Files'
    'CommonProgramFiles(x86)' => 'C:\\Program Files (x86)\\Common Files'
    'CommonProgramW6432' => 'C:\\Program Files\\Common Files'
    'COMPUTERNAME' => 'DESKTOP-K7N6M8L'
    'ComSpec' => 'C:\\windows\\system32\\cmd.exe'
    'FPS_BROWSER_APP_PROFILE_STRING' => 'Internet Explorer'
    'FPS_BROWSER_USER_PROFILE_STRING' => 'Default'
    'HOMEDRIVE' => 'C:'
    'HOMEPATH' => '\\Users\\mallor'
    'LOCALAPPDATA' => 'C:\\Users\\mallor\\AppData\\Local'
    'LOGONSERVER' => '\\\\DESKTOP-K7N6M8L'
    'NUMBER_OF_PROCESSORS' => '4'
    'OS' => 'Windows_NT'
    'Path' => 'C:\\ProgramData\\Oracle\\Java\\javapath;C:\\windows\\system32;C:\\windows;C:\\windows\\System32\\Wbem;C:\\windows\\System32\\WindowsPowerShell\\v1.0\\;C:\\Program Files\\TortoiseSVN\\bin;C:\\Program Files\\TortoiseGit\\bin;C:\\Program Files\\Git\\bin'
    'PATHEXT' => '.COM;.EXE;.BAT;.CMD;.VBS;.VBE;.JS;.JSE;.WSF;.WSH;.MSC'
    'PROCESSOR_ARCHITECTURE' => 'x86'
    'PROCESSOR_ARCHITEW6432' => 'AMD64'
    'PROCESSOR_IDENTIFIER' => 'Intel64 Family 6 Model 60 Stepping 3, GenuineIntel'
    'PROCESSOR_LEVEL' => '6'
    'PROCESSOR_REVISION' => '3c03'
    'ProgramData' => 'C:\\ProgramData'
    'ProgramFiles' => 'C:\\Program Files (x86)'
    'ProgramFiles(x86)' => 'C:\\Program Files (x86)'
    'ProgramW6432' => 'C:\\Program Files'
    'PSModulePath' => 'C:\\Program Files\\WindowsPowerShell\\Modules;C:\\windows\\system32\\WindowsPowerShell\\v1.0\\Modules'
    'PUBLIC' => 'C:\\Users\\Public'
    'SESSIONNAME' => 'Console'
    'SystemDrive' => 'C:'
    'SystemRoot' => 'C:\\windows'
    'TEMP' => 'C:\\Users\\mallor\\AppData\\Local\\Temp'
    'TMP' => 'C:\\Users\\mallor\\AppData\\Local\\Temp'
    'USERDOMAIN' => 'DESKTOP-K7N6M8L'
    'USERDOMAIN_ROAMINGPROFILE' => 'DESKTOP-K7N6M8L'
    'USERNAME' => 'mallor'
    'USERPROFILE' => 'C:\\Users\\mallor'
    'windir' => 'C:\\windows'
    'HTTP_COOKIE' => 'PHPSESSID=ajsebdr2ajguhd7192j5r1pgh5; _csrf=81e3de45003927475412edb0af511ff1a2f8f46160578e8380359d63158a29b2a%3A2%3A%7Bi%3A0%3Bs%3A5%3A%22_csrf%22%3Bi%3A1%3Bs%3A32%3A%22f77dTiWd0dXATzMWhJlBjxayyliXW_nK%22%3B%7D'
    'HTTP_ACCEPT_LANGUAGE' => 'zh-CN,zh;q=0.8'
    'HTTP_ACCEPT_ENCODING' => 'gzip, deflate, sdch'
    'HTTP_USER_AGENT' => 'Mozilla/5.0 (Windows NT 10.0; WOW64) AppleWebKit/537.36 (KHTML, like Gecko) Chrome/48.0.2564.116 Safari/537.36'
    'HTTP_UPGRADE_INSECURE_REQUESTS' => '1'
    'HTTP_ACCEPT' => 'text/html,application/xhtml+xml,application/xml;q=0.9,image/webp,*/*;q=0.8'
    'HTTP_CONNECTION' => 'keep-alive'
    'HTTP_HOST' => '127.0.0.22'
    'REDIRECT_STATUS' => '200'
    'SERVER_NAME' => '127.0.0.22'
    'SERVER_PORT' => '80'
    'SERVER_ADDR' => '127.0.0.22'
    'REMOTE_PORT' => '50198'
    'REMOTE_ADDR' => '127.0.0.1'
    'SERVER_SOFTWARE' => 'nginx/1.9.9'
    'GATEWAY_INTERFACE' => 'CGI/1.1'
    'SERVER_PROTOCOL' => 'HTTP/1.1'
    'DOCUMENT_ROOT' => 'E:\\wwwroot\\yii2\\apps\\backend\\web\\'
    'DOCUMENT_URI' => '/index.php'
    'REQUEST_URI' => '/gii/'
    'SCRIPT_NAME' => '/index.php'
    'CONTENT_LENGTH' => ''
    'CONTENT_TYPE' => ''
    'REQUEST_METHOD' => 'GET'
    'QUERY_STRING' => ''
    'PATH_TRANSLATED' => 'E:\\wwwroot\\yii2\\apps\\backend\\web\\'
    'PATH_INFO' => ''
    'SCRIPT_FILENAME' => 'E:\\wwwroot\\yii2\\apps\\backend\\web\\/index.php'
    'FCGI_ROLE' => 'RESPONDER'
    'PHP_SELF' => '/index.php'
    'REQUEST_TIME_FLOAT' => 1460968070.1887
    'REQUEST_TIME' => 1460968070
]
