[2017-06-21 09:54:21] [FsMonitor] [DEBUG] in MysqlObserver
[2017-06-21 09:54:22] [FsMonitor] [DEBUG] in MysqlObserver
[2017-06-21 09:54:22] [FsMonitor] [DEBUG] [add_file_monitor]/Data/apps/wwwroot/firewall/data/configdata/iLogpercent.conf is not exists
[2017-06-21 09:54:22] [FsMonitor] [DEBUG] [add_file_monitor]/Data/apps/wwwroot/firewall/data/configdata/iLogpercent.conf is not exists
[2017-06-21 09:54:36] [FsMonitor] [DEBUG] in MysqlObserver
[2017-06-21 09:56:11] [FsMonitor] [DEBUG] in MysqlObserver
[2017-06-21 09:56:53] [FsMonitor] [DEBUG] in MysqlObserver
[2017-06-21 09:56:53] [FsMonitor] [DEBUG] [add_file_monitor]/Data/apps/wwwroot/firewall/data/configdata/iLogpercent.conf is not exists
[2017-06-21 09:56:53] [FsMonitor] [DEBUG] [add_file_monitor]/Data/apps/wwwroot/firewall/data/configdata/iLogpercent.conf is not exists
[2017-06-21 09:57:04] [FsMonitor] [DEBUG] in MysqlObserver
[2017-06-21 10:06:28] [FsMonitor] [DEBUG] in MysqlObserver
[2017-06-21 10:06:37] [FsMonitor] [DEBUG] [_Observer]Stopping...
[2017-06-21 10:06:37] [FsMonitor] [DEBUG] [_Observer]Exited
[2017-06-21 10:06:37] [FsMonitor] [DEBUG] [FsMonitor]Exited
[2017-06-21 10:08:34] [FsMonitor] [DEBUG] in MysqlObserver
[2017-06-21 10:08:35] [FsMonitor] [DEBUG] [add_file_monitor]/Data/apps/wwwroot/firewall/data/configdata/iLogpercent.conf is not exists
[2017-06-21 10:08:35] [FsMonitor] [DEBUG] [add_file_monitor]/Data/apps/wwwroot/firewall/data/configdata/iLogpercent.conf is not exists
[2017-06-21 10:08:45] [FsMonitor] [DEBUG] in MysqlObserver
[2017-06-21 10:51:55] [FsMonitor] [DEBUG] in MysqlObserver
[2017-06-21 10:52:03] [FsMonitor] [DEBUG] [_Observer]Stopping...
[2017-06-21 10:52:03] [FsMonitor] [DEBUG] [_Observer]Exited
[2017-06-21 10:52:03] [FsMonitor] [DEBUG] [FsMonitor]Exited
[2017-06-21 10:54:00] [FsMonitor] [DEBUG] in MysqlObserver
[2017-06-21 10:54:01] [FsMonitor] [DEBUG] [add_file_monitor]/Data/apps/wwwroot/firewall/data/configdata/iLogpercent.conf is not exists
[2017-06-21 10:54:01] [FsMonitor] [DEBUG] [add_file_monitor]/Data/apps/wwwroot/firewall/data/configdata/iLogpercent.conf is not exists
[2017-06-21 10:54:12] [FsMonitor] [DEBUG] in MysqlObserver
[2017-06-21 10:55:08] [FsMonitor] [DEBUG] in MysqlObserver
[2017-06-21 10:55:23] [FsMonitor] [DEBUG] [_Observer]Stopping...
[2017-06-21 10:55:23] [FsMonitor] [DEBUG] [_Observer]Exited
[2017-06-21 10:55:23] [FsMonitor] [DEBUG] [FsMonitor]Exited
[2017-06-21 10:59:15] [FsMonitor] [DEBUG] in MysqlObserver
[2017-06-21 10:59:16] [FsMonitor] [DEBUG] [add_file_monitor]/Data/apps/wwwroot/firewall/data/configdata/iLogpercent.conf is not exists
[2017-06-21 10:59:16] [FsMonitor] [DEBUG] [add_file_monitor]/Data/apps/wwwroot/firewall/data/configdata/iLogpercent.conf is not exists
[2017-06-21 10:59:27] [FsMonitor] [DEBUG] in MysqlObserver
[2017-06-21 11:01:50] [FsMonitor] [DEBUG] in MysqlObserver
[2017-06-21 11:02:03] [FsMonitor] [DEBUG] [_Observer]Stopping...
[2017-06-21 11:02:03] [FsMonitor] [DEBUG] [_Observer]Exited
[2017-06-21 11:02:03] [FsMonitor] [DEBUG] [FsMonitor]Exited
[2017-06-26 17:15:00] [FsMonitor] [DEBUG] in MysqlObserver
[2017-06-26 17:15:01] [FsMonitor] [DEBUG] [add_file_monitor]/Data/apps/wwwroot/firewall/data/configdata/iLogpercent.conf is not exists
[2017-06-26 17:15:01] [FsMonitor] [DEBUG] [add_file_monitor]/Data/apps/wwwroot/firewall/data/configdata/iLogpercent.conf is not exists
[2017-06-26 17:15:13] [FsMonitor] [DEBUG] in MysqlObserver
[2017-06-26 17:51:57] [FsMonitor] [DEBUG] in MysqlObserver
[2017-06-26 17:52:08] [FsMonitor] [DEBUG] [_Observer]Stopping...
[2017-06-26 17:52:08] [FsMonitor] [DEBUG] [_Observer]Exited
[2017-06-26 17:52:08] [FsMonitor] [DEBUG] [FsMonitor]Exited
[2017-06-26 17:54:03] [FsMonitor] [DEBUG] in MysqlObserver
[2017-06-26 17:54:04] [FsMonitor] [DEBUG] [add_file_monitor]/Data/apps/wwwroot/firewall/data/configdata/iLogpercent.conf is not exists
[2017-06-26 17:54:04] [FsMonitor] [DEBUG] [add_file_monitor]/Data/apps/wwwroot/firewall/data/configdata/iLogpercent.conf is not exists
[2017-06-26 17:54:15] [FsMonitor] [DEBUG] in MysqlObserver
[2017-06-26 18:19:22] [FsMonitor] [DEBUG] in MysqlObserver
[2017-06-26 18:19:34] [FsMonitor] [DEBUG] [_Observer]Stopping...
[2017-06-26 18:19:34] [FsMonitor] [DEBUG] [_Observer]Exited
[2017-06-26 18:19:34] [FsMonitor] [DEBUG] [FsMonitor]Exited
[2017-07-13 10:08:36] [FsMonitor] [DEBUG] in MysqlObserver
[2017-07-13 10:08:39] [FsMonitor] [DEBUG] [add_file_monitor]/Data/apps/wwwroot/firewall/data/configdata/iLogpercent.conf is not exists
[2017-07-13 10:08:39] [FsMonitor] [DEBUG] [add_file_monitor]/Data/apps/wwwroot/firewall/data/configdata/iLogpercent.conf is not exists
[2017-07-13 10:08:52] [FsMonitor] [DEBUG] in MysqlObserver
[2017-07-13 10:46:42] [FsMonitor] [DEBUG] in MysqlObserver
[2017-07-13 10:46:50] [FsMonitor] [DEBUG] [_Observer]Stopping...
[2017-07-13 10:46:50] [FsMonitor] [DEBUG] [_Observer]Exited
[2017-07-13 10:46:50] [FsMonitor] [DEBUG] [FsMonitor]Exited
[2017-07-13 11:03:18] [FsMonitor] [DEBUG] in MysqlObserver
[2017-07-13 11:03:18] [FsMonitor] [DEBUG] [add_file_monitor]/Data/apps/wwwroot/firewall/data/configdata/iLogpercent.conf is not exists
[2017-07-13 11:03:18] [FsMonitor] [DEBUG] [add_file_monitor]/Data/apps/wwwroot/firewall/data/configdata/iLogpercent.conf is not exists
[2017-07-13 11:03:28] [FsMonitor] [DEBUG] in MysqlObserver
[2017-07-13 12:53:39] [FsMonitor] [DEBUG] in MysqlObserver
[2017-07-13 12:53:51] [FsMonitor] [DEBUG] [_Observer]Stopping...
[2017-07-13 12:53:51] [FsMonitor] [DEBUG] [_Observer]Exited
[2017-07-13 12:53:51] [FsMonitor] [DEBUG] [FsMonitor]Exited
[2017-07-13 13:39:49] [FsMonitor] [DEBUG] in MysqlObserver
[2017-07-13 13:39:50] [FsMonitor] [DEBUG] [add_file_monitor]/Data/apps/wwwroot/firewall/data/configdata/iLogpercent.conf is not exists
[2017-07-13 13:39:50] [FsMonitor] [DEBUG] [add_file_monitor]/Data/apps/wwwroot/firewall/data/configdata/iLogpercent.conf is not exists
[2017-07-13 13:40:00] [FsMonitor] [DEBUG] in MysqlObserver
[2017-07-13 14:38:41] [FsMonitor] [DEBUG] in MysqlObserver
[2017-07-13 14:38:49] [FsMonitor] [DEBUG] [_Observer]Stopping...
[2017-07-13 14:38:49] [FsMonitor] [DEBUG] [_Observer]Exited
[2017-07-13 14:38:49] [FsMonitor] [DEBUG] [FsMonitor]Exited
[2017-07-14 09:19:50] [FsMonitor] [DEBUG] in MysqlObserver
[2017-07-14 09:19:50] [FsMonitor] [DEBUG] [add_file_monitor]/Data/apps/wwwroot/firewall/data/configdata/iLogpercent.conf is not exists
[2017-07-14 09:19:50] [FsMonitor] [DEBUG] [add_file_monitor]/Data/apps/wwwroot/firewall/data/configdata/iLogpercent.conf is not exists
[2017-07-14 09:20:02] [FsMonitor] [DEBUG] in MysqlObserver
[2017-07-14 11:01:59] [FsMonitor] [DEBUG] in MysqlObserver
[2017-07-14 11:02:11] [FsMonitor] [DEBUG] [_Observer]Stopping...
[2017-07-14 11:02:11] [FsMonitor] [DEBUG] [_Observer]Exited
[2017-07-14 11:02:11] [FsMonitor] [DEBUG] [FsMonitor]Exited
[2017-07-14 11:02:58] [FsMonitor] [DEBUG] in MysqlObserver
[2017-07-14 11:02:58] [FsMonitor] [DEBUG] [add_file_monitor]/Data/apps/wwwroot/firewall/data/configdata/iLogpercent.conf is not exists
[2017-07-14 11:02:59] [FsMonitor] [DEBUG] [add_file_monitor]/Data/apps/wwwroot/firewall/data/configdata/iLogpercent.conf is not exists
[2017-07-14 11:03:09] [FsMonitor] [DEBUG] in MysqlObserver
