[2017-06-21 09:54:21] [log_daemon] [DEBUG] Mysql Daemon Starting...
[2017-06-21 09:54:22] [log_daemon] [DEBUG] run read
[2017-06-21 09:54:22] [log_daemon] [DEBUG] Mysql Log Daemon is Started
[2017-06-21 09:54:22] [log_daemon] [DEBUG] TRAFFICE_STATISTIC:[START]
[2017-06-21 09:54:37] [log_daemon] [DEBUG] Mysql Daemon Starting...
[2017-06-21 09:56:53] [log_daemon] [DEBUG] Mysql Daemon Starting...
[2017-06-21 09:56:53] [log_daemon] [DEBUG] run read
[2017-06-21 09:56:53] [log_daemon] [DEBUG] Mysql Log Daemon is Started
[2017-06-21 09:56:53] [log_daemon] [DEBUG] TRAFFICE_STATISTIC:[START]
[2017-06-21 10:06:28] [log_daemon] [DEBUG] EVENT SET:[MYSQL_GET_TBLOG3]
[2017-06-21 10:06:29] [log_daemon] [DEBUG] EVENT SET:[MYSQL_GET_TBLOG3:new_log_monitor]
[2017-06-21 10:06:29] [log_daemon] [DEBUG] QUIT:[MYSQL_GET_TBLOG3:new_log_monitor]
[2017-06-21 10:06:36] [log_daemon] [DEBUG] QUIT:[MYSQL_GET_TBLOG3]
[2017-06-21 10:06:36] [log_daemon] [DEBUG] traffic statistic stop
[2017-06-21 10:06:36] [log_daemon] [DEBUG] statistic stop
[2017-06-21 10:06:36] [log_daemon] [DEBUG] LOGMAIL stop
[2017-06-21 10:06:36] [log_daemon] [DEBUG] EVENT SET:[MYSQL_UPDATE_OBSERVER]
[2017-06-21 10:06:36] [log_daemon] [DEBUG] QUIT:[MYSQL_UPDATE_OBSERVER]
[2017-06-21 10:06:36] [log_daemon] [DEBUG] Mysql Log Daemon is Stopping...all Stop
[2017-06-21 10:06:37] [log_daemon] [DEBUG] EVENT SET:[LOGMAIL:run]
[2017-06-21 10:06:37] [log_daemon] [DEBUG] QUIT:[LOGMAIL:run]
[2017-06-21 10:06:37] [log_daemon] [DEBUG] EVENT SET:[TRAFFIC_STATISTIC:clear_record]
[2017-06-21 10:06:37] [log_daemon] [DEBUG] QUIT:[TRAFFIC_STATISTIC:clear_record]
[2017-06-21 10:06:37] [log_daemon] [DEBUG] EVENT SET:[TRAFFIC_STATISTIC_SECOND]:CLEAR OLD RECORD
[2017-06-21 10:06:37] [log_daemon] [DEBUG] QUIT:[TRAFFIC_STATISTIC_SECOND:CLEAR OLD RECORD]
[2017-06-21 10:06:38] [log_daemon] [DEBUG] EVENT SET:[STATISTICS:if watch process]
[2017-06-21 10:06:38] [log_daemon] [DEBUG] QUIT:[STATISTICS:if watch process]
[2017-06-21 10:06:39] [log_daemon] [DEBUG] EVENT SET:[STATISTICS:sys_info_update]
[2017-06-21 10:06:39] [log_daemon] [DEBUG] QUIT:[STATISTICS:sys_info_update]
[2017-06-21 10:06:39] [log_daemon] [DEBUG] EVENT SET:[STATISTICS:run]
[2017-06-21 10:06:39] [log_daemon] [DEBUG] QUIT:[STATISTICS:run]
[2017-06-21 10:06:44] [log_daemon] [DEBUG] EVENT SET:[TRAFFIC_STATISTIC]
[2017-06-21 10:06:44] [log_daemon] [DEBUG] QUIT:[TRAFFIC_STATISTIC]
[2017-06-21 10:08:35] [log_daemon] [DEBUG] Mysql Daemon Starting...
[2017-06-21 10:08:35] [log_daemon] [DEBUG] run read
[2017-06-21 10:08:35] [log_daemon] [DEBUG] Mysql Log Daemon is Started
[2017-06-21 10:08:35] [log_daemon] [DEBUG] TRAFFICE_STATISTIC:[START]
[2017-06-21 10:51:55] [log_daemon] [DEBUG] EVENT SET:[MYSQL_GET_TBLOG3]
[2017-06-21 10:51:56] [log_daemon] [DEBUG] EVENT SET:[MYSQL_GET_TBLOG3:new_log_monitor]
[2017-06-21 10:51:56] [log_daemon] [DEBUG] QUIT:[MYSQL_GET_TBLOG3:new_log_monitor]
[2017-06-21 10:52:02] [log_daemon] [DEBUG] QUIT:[MYSQL_GET_TBLOG3]
[2017-06-21 10:52:02] [log_daemon] [DEBUG] traffic statistic stop
[2017-06-21 10:52:02] [log_daemon] [DEBUG] statistic stop
[2017-06-21 10:52:02] [log_daemon] [DEBUG] LOGMAIL stop
[2017-06-21 10:52:03] [log_daemon] [DEBUG] EVENT SET:[LOGMAIL:run]
[2017-06-21 10:52:03] [log_daemon] [DEBUG] QUIT:[LOGMAIL:run]
[2017-06-21 10:52:03] [log_daemon] [DEBUG] EVENT SET:[MYSQL_UPDATE_OBSERVER]
[2017-06-21 10:52:03] [log_daemon] [DEBUG] QUIT:[MYSQL_UPDATE_OBSERVER]
[2017-06-21 10:52:03] [log_daemon] [DEBUG] Mysql Log Daemon is Stopping...all Stop
[2017-06-21 10:52:03] [log_daemon] [DEBUG] EVENT SET:[STATISTICS:run]
[2017-06-21 10:52:03] [log_daemon] [DEBUG] EVENT SET:[TRAFFIC_STATISTIC_SECOND]:CLEAR OLD RECORD
[2017-06-21 10:52:03] [log_daemon] [DEBUG] QUIT:[TRAFFIC_STATISTIC_SECOND:CLEAR OLD RECORD]
[2017-06-21 10:52:03] [log_daemon] [DEBUG] EVENT SET:[TRAFFIC_STATISTIC:clear_record]
[2017-06-21 10:52:03] [log_daemon] [DEBUG] QUIT:[TRAFFIC_STATISTIC:clear_record]
[2017-06-21 10:52:04] [log_daemon] [DEBUG] EVENT SET:[STATISTICS:if watch process]
[2017-06-21 10:52:04] [log_daemon] [DEBUG] QUIT:[STATISTICS:if watch process]
[2017-06-21 10:52:05] [log_daemon] [DEBUG] EVENT SET:[STATISTICS:sys_info_update]
[2017-06-21 10:52:05] [log_daemon] [DEBUG] QUIT:[STATISTICS:sys_info_update]
[2017-06-21 10:52:05] [log_daemon] [DEBUG] QUIT:[STATISTICS:run]
[2017-06-21 10:52:08] [log_daemon] [DEBUG] EVENT SET:[TRAFFIC_STATISTIC]
[2017-06-21 10:52:08] [log_daemon] [DEBUG] QUIT:[TRAFFIC_STATISTIC]
[2017-06-21 10:54:01] [log_daemon] [DEBUG] Mysql Daemon Starting...
[2017-06-21 10:54:01] [log_daemon] [DEBUG] run read
[2017-06-21 10:54:01] [log_daemon] [DEBUG] Mysql Log Daemon is Started
[2017-06-21 10:54:01] [log_daemon] [DEBUG] TRAFFICE_STATISTIC:[START]
[2017-06-21 10:55:12] [log_daemon] [DEBUG] EVENT SET:[MYSQL_GET_TBLOG3]
[2017-06-21 10:55:16] [log_daemon] [DEBUG] EVENT SET:[MYSQL_GET_TBLOG3:new_log_monitor]
[2017-06-21 10:55:16] [log_daemon] [DEBUG] QUIT:[MYSQL_GET_TBLOG3:new_log_monitor]
[2017-06-21 10:55:22] [log_daemon] [DEBUG] QUIT:[MYSQL_GET_TBLOG3]
[2017-06-21 10:55:22] [log_daemon] [DEBUG] traffic statistic stop
[2017-06-21 10:55:22] [log_daemon] [DEBUG] statistic stop
[2017-06-21 10:55:22] [log_daemon] [DEBUG] LOGMAIL stop
[2017-06-21 10:55:22] [log_daemon] [DEBUG] EVENT SET:[MYSQL_UPDATE_OBSERVER]
[2017-06-21 10:55:22] [log_daemon] [DEBUG] QUIT:[MYSQL_UPDATE_OBSERVER]
[2017-06-21 10:55:22] [log_daemon] [DEBUG] Mysql Log Daemon is Stopping...all Stop
[2017-06-21 10:55:23] [log_daemon] [DEBUG] EVENT SET:[LOGMAIL:run]
[2017-06-21 10:55:23] [log_daemon] [DEBUG] QUIT:[LOGMAIL:run]
[2017-06-21 10:55:23] [log_daemon] [DEBUG] EVENT SET:[TRAFFIC_STATISTIC_SECOND]:CLEAR OLD RECORD
[2017-06-21 10:55:23] [log_daemon] [DEBUG] QUIT:[TRAFFIC_STATISTIC_SECOND:CLEAR OLD RECORD]
[2017-06-21 10:55:23] [log_daemon] [DEBUG] EVENT SET:[TRAFFIC_STATISTIC:clear_record]
[2017-06-21 10:55:23] [log_daemon] [DEBUG] QUIT:[TRAFFIC_STATISTIC:clear_record]
[2017-06-21 10:55:23] [log_daemon] [DEBUG] EVENT SET:[STATISTICS:if watch process]
[2017-06-21 10:55:23] [log_daemon] [DEBUG] QUIT:[STATISTICS:if watch process]
[2017-06-21 10:55:25] [log_daemon] [DEBUG] EVENT SET:[STATISTICS:sys_info_update]
[2017-06-21 10:55:25] [log_daemon] [DEBUG] QUIT:[STATISTICS:sys_info_update]
[2017-06-21 10:55:26] [log_daemon] [DEBUG] EVENT SET:[STATISTICS:run]
[2017-06-21 10:55:26] [log_daemon] [DEBUG] QUIT:[STATISTICS:run]
[2017-06-21 10:55:31] [log_daemon] [DEBUG] EVENT SET:[TRAFFIC_STATISTIC]
[2017-06-21 10:55:31] [log_daemon] [DEBUG] QUIT:[TRAFFIC_STATISTIC]
[2017-06-21 10:59:16] [log_daemon] [DEBUG] Mysql Daemon Starting...
[2017-06-21 10:59:16] [log_daemon] [DEBUG] run read
[2017-06-21 10:59:16] [log_daemon] [DEBUG] Mysql Log Daemon is Started
[2017-06-21 10:59:16] [log_daemon] [DEBUG] TRAFFICE_STATISTIC:[START]
[2017-06-21 11:01:54] [log_daemon] [DEBUG] EVENT SET:[MYSQL_GET_TBLOG3]
[2017-06-21 11:01:56] [log_daemon] [DEBUG] EVENT SET:[MYSQL_GET_TBLOG3:new_log_monitor]
[2017-06-21 11:01:56] [log_daemon] [DEBUG] QUIT:[MYSQL_GET_TBLOG3:new_log_monitor]
[2017-06-21 11:02:02] [log_daemon] [DEBUG] QUIT:[MYSQL_GET_TBLOG3]
[2017-06-21 11:02:02] [log_daemon] [DEBUG] traffic statistic stop
[2017-06-21 11:02:02] [log_daemon] [DEBUG] statistic stop
[2017-06-21 11:02:02] [log_daemon] [DEBUG] LOGMAIL stop
[2017-06-21 11:02:02] [log_daemon] [DEBUG] EVENT SET:[MYSQL_UPDATE_OBSERVER]
[2017-06-21 11:02:02] [log_daemon] [DEBUG] QUIT:[MYSQL_UPDATE_OBSERVER]
[2017-06-21 11:02:02] [log_daemon] [DEBUG] Mysql Log Daemon is Stopping...all Stop
[2017-06-21 11:02:03] [log_daemon] [DEBUG] EVENT SET:[LOGMAIL:run]
[2017-06-21 11:02:03] [log_daemon] [DEBUG] QUIT:[LOGMAIL:run]
[2017-06-21 11:02:03] [log_daemon] [DEBUG] EVENT SET:[TRAFFIC_STATISTIC:clear_record]
[2017-06-21 11:02:03] [log_daemon] [DEBUG] QUIT:[TRAFFIC_STATISTIC:clear_record]
[2017-06-21 11:02:03] [log_daemon] [DEBUG] EVENT SET:[TRAFFIC_STATISTIC_SECOND]:CLEAR OLD RECORD
[2017-06-21 11:02:03] [log_daemon] [DEBUG] QUIT:[TRAFFIC_STATISTIC_SECOND:CLEAR OLD RECORD]
[2017-06-21 11:02:04] [log_daemon] [DEBUG] EVENT SET:[STATISTICS:sys_info_update]
[2017-06-21 11:02:04] [log_daemon] [DEBUG] QUIT:[STATISTICS:sys_info_update]
[2017-06-21 11:02:04] [log_daemon] [DEBUG] EVENT SET:[STATISTICS:if watch process]
[2017-06-21 11:02:04] [log_daemon] [DEBUG] QUIT:[STATISTICS:if watch process]
[2017-06-21 11:02:06] [log_daemon] [DEBUG] EVENT SET:[TRAFFIC_STATISTIC]
[2017-06-21 11:02:06] [log_daemon] [DEBUG] QUIT:[TRAFFIC_STATISTIC]
[2017-06-21 11:02:06] [log_daemon] [DEBUG] EVENT SET:[STATISTICS:run]
[2017-06-21 11:02:06] [log_daemon] [DEBUG] QUIT:[STATISTICS:run]
[2017-06-26 17:15:01] [log_daemon] [DEBUG] Mysql Daemon Starting...
[2017-06-26 17:15:01] [log_daemon] [DEBUG] run read
[2017-06-26 17:15:01] [log_daemon] [DEBUG] Mysql Log Daemon is Started
[2017-06-26 17:15:01] [log_daemon] [DEBUG] TRAFFICE_STATISTIC:[START]
[2017-06-26 17:51:57] [log_daemon] [DEBUG] EVENT SET:[MYSQL_GET_TBLOG3]
[2017-06-26 17:52:01] [log_daemon] [DEBUG] EVENT SET:[MYSQL_GET_TBLOG3:new_log_monitor]
[2017-06-26 17:52:01] [log_daemon] [DEBUG] QUIT:[MYSQL_GET_TBLOG3:new_log_monitor]
[2017-06-26 17:52:07] [log_daemon] [DEBUG] QUIT:[MYSQL_GET_TBLOG3]
[2017-06-26 17:52:07] [log_daemon] [DEBUG] traffic statistic stop
[2017-06-26 17:52:07] [log_daemon] [DEBUG] statistic stop
[2017-06-26 17:52:07] [log_daemon] [DEBUG] LOGMAIL stop
[2017-06-26 17:52:07] [log_daemon] [DEBUG] EVENT SET:[STATISTICS:if watch process]
[2017-06-26 17:52:07] [log_daemon] [DEBUG] QUIT:[STATISTICS:if watch process]
[2017-06-26 17:52:07] [log_daemon] [DEBUG] EVENT SET:[TRAFFIC_STATISTIC:clear_record]
[2017-06-26 17:52:07] [log_daemon] [DEBUG] QUIT:[TRAFFIC_STATISTIC:clear_record]
[2017-06-26 17:52:08] [log_daemon] [DEBUG] EVENT SET:[MYSQL_UPDATE_OBSERVER]
[2017-06-26 17:52:08] [log_daemon] [DEBUG] QUIT:[MYSQL_UPDATE_OBSERVER]
[2017-06-26 17:52:08] [log_daemon] [DEBUG] Mysql Log Daemon is Stopping...all Stop
[2017-06-26 17:52:08] [log_daemon] [DEBUG] EVENT SET:[LOGMAIL:run]
[2017-06-26 17:52:08] [log_daemon] [DEBUG] QUIT:[LOGMAIL:run]
[2017-06-26 17:52:08] [log_daemon] [DEBUG] EVENT SET:[STATISTICS:run]
[2017-06-26 17:52:08] [log_daemon] [DEBUG] EVENT SET:[TRAFFIC_STATISTIC_SECOND]:CLEAR OLD RECORD
[2017-06-26 17:52:08] [log_daemon] [DEBUG] QUIT:[TRAFFIC_STATISTIC_SECOND:CLEAR OLD RECORD]
[2017-06-26 17:52:09] [log_daemon] [DEBUG] EVENT SET:[STATISTICS:sys_info_update]
[2017-06-26 17:52:09] [log_daemon] [DEBUG] QUIT:[STATISTICS:sys_info_update]
[2017-06-26 17:52:09] [log_daemon] [DEBUG] QUIT:[STATISTICS:run]
[2017-06-26 17:52:13] [log_daemon] [DEBUG] EVENT SET:[TRAFFIC_STATISTIC]
[2017-06-26 17:52:13] [log_daemon] [DEBUG] QUIT:[TRAFFIC_STATISTIC]
[2017-06-26 17:54:04] [log_daemon] [DEBUG] Mysql Daemon Starting...
[2017-06-26 17:54:04] [log_daemon] [DEBUG] run read
[2017-06-26 17:54:04] [log_daemon] [DEBUG] Mysql Log Daemon is Started
[2017-06-26 17:54:04] [log_daemon] [DEBUG] TRAFFICE_STATISTIC:[START]
[2017-06-26 18:19:27] [log_daemon] [DEBUG] EVENT SET:[MYSQL_GET_TBLOG3]
[2017-06-26 18:19:27] [log_daemon] [DEBUG] EVENT SET:[MYSQL_GET_TBLOG3:new_log_monitor]
[2017-06-26 18:19:27] [log_daemon] [DEBUG] QUIT:[MYSQL_GET_TBLOG3:new_log_monitor]
[2017-06-26 18:19:33] [log_daemon] [DEBUG] QUIT:[MYSQL_GET_TBLOG3]
[2017-06-26 18:19:33] [log_daemon] [DEBUG] traffic statistic stop
[2017-06-26 18:19:33] [log_daemon] [DEBUG] statistic stop
[2017-06-26 18:19:33] [log_daemon] [DEBUG] LOGMAIL stop
[2017-06-26 18:19:34] [log_daemon] [DEBUG] EVENT SET:[MYSQL_UPDATE_OBSERVER]
[2017-06-26 18:19:34] [log_daemon] [DEBUG] QUIT:[MYSQL_UPDATE_OBSERVER]
[2017-06-26 18:19:34] [log_daemon] [DEBUG] Mysql Log Daemon is Stopping...all Stop
[2017-06-26 18:19:34] [log_daemon] [DEBUG] EVENT SET:[LOGMAIL:run]
[2017-06-26 18:19:34] [log_daemon] [DEBUG] QUIT:[LOGMAIL:run]
[2017-06-26 18:19:34] [log_daemon] [DEBUG] EVENT SET:[TRAFFIC_STATISTIC_SECOND]:CLEAR OLD RECORD
[2017-06-26 18:19:34] [log_daemon] [DEBUG] QUIT:[TRAFFIC_STATISTIC_SECOND:CLEAR OLD RECORD]
[2017-06-26 18:19:34] [log_daemon] [DEBUG] EVENT SET:[TRAFFIC_STATISTIC:clear_record]
[2017-06-26 18:19:34] [log_daemon] [DEBUG] QUIT:[TRAFFIC_STATISTIC:clear_record]
[2017-06-26 18:19:35] [log_daemon] [DEBUG] EVENT SET:[STATISTICS:sys_info_update]
[2017-06-26 18:19:35] [log_daemon] [DEBUG] QUIT:[STATISTICS:sys_info_update]
[2017-06-26 18:19:35] [log_daemon] [DEBUG] EVENT SET:[TRAFFIC_STATISTIC]
[2017-06-26 18:19:35] [log_daemon] [DEBUG] QUIT:[TRAFFIC_STATISTIC]
[2017-06-26 18:19:35] [log_daemon] [DEBUG] EVENT SET:[STATISTICS:run]
[2017-06-26 18:19:35] [log_daemon] [DEBUG] QUIT:[STATISTICS:run]
[2017-07-13 10:08:39] [log_daemon] [DEBUG] Mysql Daemon Starting...
[2017-07-13 10:08:39] [log_daemon] [DEBUG] run read
[2017-07-13 10:08:39] [log_daemon] [DEBUG] Mysql Log Daemon is Started
[2017-07-13 10:08:39] [log_daemon] [DEBUG] TRAFFICE_STATISTIC:[START]
[2017-07-13 10:46:42] [log_daemon] [DEBUG] EVENT SET:[MYSQL_GET_TBLOG3]
[2017-07-13 10:46:43] [log_daemon] [DEBUG] EVENT SET:[MYSQL_GET_TBLOG3:new_log_monitor]
[2017-07-13 10:46:43] [log_daemon] [DEBUG] QUIT:[MYSQL_GET_TBLOG3:new_log_monitor]
[2017-07-13 10:46:49] [log_daemon] [DEBUG] QUIT:[MYSQL_GET_TBLOG3]
[2017-07-13 10:46:49] [log_daemon] [DEBUG] traffic statistic stop
[2017-07-13 10:46:49] [log_daemon] [DEBUG] statistic stop
[2017-07-13 10:46:49] [log_daemon] [DEBUG] LOGMAIL stop
[2017-07-13 10:46:50] [log_daemon] [DEBUG] EVENT SET:[MYSQL_UPDATE_OBSERVER]
[2017-07-13 10:46:50] [log_daemon] [DEBUG] QUIT:[MYSQL_UPDATE_OBSERVER]
[2017-07-13 10:46:50] [log_daemon] [DEBUG] Mysql Log Daemon is Stopping...all Stop
[2017-07-13 10:46:50] [log_daemon] [DEBUG] EVENT SET:[LOGMAIL:run]
[2017-07-13 10:46:50] [log_daemon] [DEBUG] QUIT:[LOGMAIL:run]
[2017-07-13 10:46:50] [log_daemon] [DEBUG] EVENT SET:[STATISTICS:sys_info_update]
[2017-07-13 10:46:50] [log_daemon] [DEBUG] QUIT:[STATISTICS:sys_info_update]
[2017-07-13 10:46:50] [log_daemon] [DEBUG] EVENT SET:[TRAFFIC_STATISTIC]
[2017-07-13 10:46:50] [log_daemon] [DEBUG] QUIT:[TRAFFIC_STATISTIC]
[2017-07-13 10:46:50] [log_daemon] [DEBUG] EVENT SET:[STATISTICS:run]
[2017-07-13 10:46:50] [log_daemon] [DEBUG] QUIT:[STATISTICS:run]
[2017-07-13 10:46:50] [log_daemon] [DEBUG] EVENT SET:[TRAFFIC_STATISTIC_SECOND]:CLEAR OLD RECORD
[2017-07-13 10:46:50] [log_daemon] [DEBUG] QUIT:[TRAFFIC_STATISTIC_SECOND:CLEAR OLD RECORD]
[2017-07-13 10:46:50] [log_daemon] [DEBUG] EVENT SET:[TRAFFIC_STATISTIC:clear_record]
[2017-07-13 10:46:50] [log_daemon] [DEBUG] QUIT:[TRAFFIC_STATISTIC:clear_record]
[2017-07-13 11:03:18] [log_daemon] [DEBUG] Mysql Daemon Starting...
[2017-07-13 11:03:18] [log_daemon] [DEBUG] run read
[2017-07-13 11:03:18] [log_daemon] [DEBUG] Mysql Log Daemon is Started
[2017-07-13 11:03:18] [log_daemon] [DEBUG] TRAFFICE_STATISTIC:[START]
[2017-07-13 12:53:38] [log_daemon] [DEBUG] EVENT SET:[MYSQL_GET_TBLOG3]
[2017-07-13 12:53:42] [log_daemon] [DEBUG] EVENT SET:[MYSQL_GET_TBLOG3:new_log_monitor]
[2017-07-13 12:53:42] [log_daemon] [DEBUG] QUIT:[MYSQL_GET_TBLOG3:new_log_monitor]
[2017-07-13 12:53:50] [log_daemon] [DEBUG] QUIT:[MYSQL_GET_TBLOG3]
[2017-07-13 12:53:50] [log_daemon] [DEBUG] traffic statistic stop
[2017-07-13 12:53:50] [log_daemon] [DEBUG] statistic stop
[2017-07-13 12:53:50] [log_daemon] [DEBUG] LOGMAIL stop
[2017-07-13 12:53:50] [log_daemon] [DEBUG] EVENT SET:[TRAFFIC_STATISTIC:clear_record]
[2017-07-13 12:53:50] [log_daemon] [DEBUG] QUIT:[TRAFFIC_STATISTIC:clear_record]
[2017-07-13 12:53:51] [log_daemon] [DEBUG] EVENT SET:[MYSQL_UPDATE_OBSERVER]
[2017-07-13 12:53:51] [log_daemon] [DEBUG] QUIT:[MYSQL_UPDATE_OBSERVER]
[2017-07-13 12:53:51] [log_daemon] [DEBUG] Mysql Log Daemon is Stopping...all Stop
[2017-07-13 12:53:51] [log_daemon] [DEBUG] EVENT SET:[LOGMAIL:run]
[2017-07-13 12:53:51] [log_daemon] [DEBUG] QUIT:[LOGMAIL:run]
[2017-07-13 12:53:51] [log_daemon] [DEBUG] EVENT SET:[TRAFFIC_STATISTIC_SECOND]:CLEAR OLD RECORD
[2017-07-13 12:53:51] [log_daemon] [DEBUG] QUIT:[TRAFFIC_STATISTIC_SECOND:CLEAR OLD RECORD]
[2017-07-13 12:53:51] [log_daemon] [DEBUG] EVENT SET:[STATISTICS:if watch process]
[2017-07-13 12:53:51] [log_daemon] [DEBUG] QUIT:[STATISTICS:if watch process]
[2017-07-13 12:53:52] [log_daemon] [DEBUG] EVENT SET:[STATISTICS:sys_info_update]
[2017-07-13 12:53:52] [log_daemon] [DEBUG] QUIT:[STATISTICS:sys_info_update]
[2017-07-13 12:53:55] [log_daemon] [DEBUG] EVENT SET:[TRAFFIC_STATISTIC]
[2017-07-13 12:53:55] [log_daemon] [DEBUG] QUIT:[TRAFFIC_STATISTIC]
[2017-07-13 12:53:55] [log_daemon] [DEBUG] EVENT SET:[STATISTICS:run]
[2017-07-13 12:53:55] [log_daemon] [DEBUG] QUIT:[STATISTICS:run]
[2017-07-13 13:39:50] [log_daemon] [DEBUG] Mysql Daemon Starting...
[2017-07-13 13:39:50] [log_daemon] [DEBUG] run read
[2017-07-13 13:39:50] [log_daemon] [DEBUG] Mysql Log Daemon is Started
[2017-07-13 13:39:50] [log_daemon] [DEBUG] TRAFFICE_STATISTIC:[START]
[2017-07-13 14:38:42] [log_daemon] [DEBUG] EVENT SET:[MYSQL_GET_TBLOG3]
[2017-07-13 14:38:42] [log_daemon] [DEBUG] EVENT SET:[MYSQL_GET_TBLOG3:new_log_monitor]
[2017-07-13 14:38:42] [log_daemon] [DEBUG] QUIT:[MYSQL_GET_TBLOG3:new_log_monitor]
[2017-07-13 14:38:49] [log_daemon] [DEBUG] QUIT:[MYSQL_GET_TBLOG3]
[2017-07-13 14:38:49] [log_daemon] [DEBUG] traffic statistic stop
[2017-07-13 14:38:49] [log_daemon] [DEBUG] statistic stop
[2017-07-13 14:38:49] [log_daemon] [DEBUG] LOGMAIL stop
[2017-07-13 14:38:49] [log_daemon] [DEBUG] EVENT SET:[TRAFFIC_STATISTIC:clear_record]
[2017-07-13 14:38:49] [log_daemon] [DEBUG] QUIT:[TRAFFIC_STATISTIC:clear_record]
[2017-07-13 14:38:49] [log_daemon] [DEBUG] EVENT SET:[MYSQL_UPDATE_OBSERVER]
[2017-07-13 14:38:49] [log_daemon] [DEBUG] QUIT:[MYSQL_UPDATE_OBSERVER]
[2017-07-13 14:38:49] [log_daemon] [DEBUG] Mysql Log Daemon is Stopping...all Stop
[2017-07-13 14:38:49] [log_daemon] [DEBUG] EVENT SET:[LOGMAIL:run]
[2017-07-13 14:38:49] [log_daemon] [DEBUG] QUIT:[LOGMAIL:run]
[2017-07-13 14:38:49] [log_daemon] [DEBUG] EVENT SET:[TRAFFIC_STATISTIC_SECOND]:CLEAR OLD RECORD
[2017-07-13 14:38:49] [log_daemon] [DEBUG] QUIT:[TRAFFIC_STATISTIC_SECOND:CLEAR OLD RECORD]
[2017-07-13 14:38:50] [log_daemon] [DEBUG] EVENT SET:[STATISTICS:if watch process]
[2017-07-13 14:38:50] [log_daemon] [DEBUG] QUIT:[STATISTICS:if watch process]
[2017-07-13 14:38:50] [log_daemon] [DEBUG] EVENT SET:[STATISTICS:sys_info_update]
[2017-07-13 14:38:50] [log_daemon] [DEBUG] QUIT:[STATISTICS:sys_info_update]
[2017-07-13 14:38:53] [log_daemon] [DEBUG] EVENT SET:[TRAFFIC_STATISTIC]
[2017-07-13 14:38:53] [log_daemon] [DEBUG] QUIT:[TRAFFIC_STATISTIC]
[2017-07-13 14:38:53] [log_daemon] [DEBUG] EVENT SET:[STATISTICS:run]
[2017-07-13 14:38:53] [log_daemon] [DEBUG] QUIT:[STATISTICS:run]
[2017-07-14 09:19:50] [log_daemon] [DEBUG] Mysql Daemon Starting...
[2017-07-14 09:19:50] [log_daemon] [DEBUG] run read
[2017-07-14 09:19:50] [log_daemon] [DEBUG] Mysql Log Daemon is Started
[2017-07-14 09:19:50] [log_daemon] [DEBUG] TRAFFICE_STATISTIC:[START]
[2017-07-14 11:01:59] [log_daemon] [DEBUG] EVENT SET:[MYSQL_GET_TBLOG3]
[2017-07-14 11:02:03] [log_daemon] [DEBUG] EVENT SET:[MYSQL_GET_TBLOG3:new_log_monitor]
[2017-07-14 11:02:03] [log_daemon] [DEBUG] QUIT:[MYSQL_GET_TBLOG3:new_log_monitor]
[2017-07-14 11:02:10] [log_daemon] [DEBUG] QUIT:[MYSQL_GET_TBLOG3]
[2017-07-14 11:02:10] [log_daemon] [DEBUG] traffic statistic stop
[2017-07-14 11:02:10] [log_daemon] [DEBUG] statistic stop
[2017-07-14 11:02:10] [log_daemon] [DEBUG] LOGMAIL stop
[2017-07-14 11:02:10] [log_daemon] [DEBUG] EVENT SET:[TRAFFIC_STATISTIC:clear_record]
[2017-07-14 11:02:10] [log_daemon] [DEBUG] QUIT:[TRAFFIC_STATISTIC:clear_record]
[2017-07-14 11:02:10] [log_daemon] [DEBUG] EVENT SET:[MYSQL_UPDATE_OBSERVER]
[2017-07-14 11:02:10] [log_daemon] [DEBUG] QUIT:[MYSQL_UPDATE_OBSERVER]
[2017-07-14 11:02:10] [log_daemon] [DEBUG] Mysql Log Daemon is Stopping...all Stop
[2017-07-14 11:02:11] [log_daemon] [DEBUG] EVENT SET:[LOGMAIL:run]
[2017-07-14 11:02:11] [log_daemon] [DEBUG] QUIT:[LOGMAIL:run]
[2017-07-14 11:02:11] [log_daemon] [DEBUG] EVENT SET:[TRAFFIC_STATISTIC_SECOND]:CLEAR OLD RECORD
[2017-07-14 11:02:11] [log_daemon] [DEBUG] QUIT:[TRAFFIC_STATISTIC_SECOND:CLEAR OLD RECORD]
[2017-07-14 11:02:11] [log_daemon] [DEBUG] EVENT SET:[STATISTICS:if watch process]
[2017-07-14 11:02:11] [log_daemon] [DEBUG] QUIT:[STATISTICS:if watch process]
[2017-07-14 11:02:12] [log_daemon] [DEBUG] EVENT SET:[STATISTICS:run]
[2017-07-14 11:02:12] [log_daemon] [DEBUG] EVENT SET:[STATISTICS:sys_info_update]
[2017-07-14 11:02:12] [log_daemon] [DEBUG] QUIT:[STATISTICS:sys_info_update]
[2017-07-14 11:02:12] [log_daemon] [DEBUG] QUIT:[STATISTICS:run]
[2017-07-14 11:02:17] [log_daemon] [DEBUG] EVENT SET:[TRAFFIC_STATISTIC]
[2017-07-14 11:02:17] [log_daemon] [DEBUG] QUIT:[TRAFFIC_STATISTIC]
[2017-07-14 11:02:58] [log_daemon] [DEBUG] Mysql Daemon Starting...
[2017-07-14 11:02:58] [log_daemon] [DEBUG] run read
[2017-07-14 11:02:58] [log_daemon] [DEBUG] Mysql Log Daemon is Started
[2017-07-14 11:02:58] [log_daemon] [DEBUG] TRAFFICE_STATISTIC:[START]
