[2017-06-21 09:56:58] [url_filter] [DEBUG] url filter strategy start
[2017-06-21 09:56:58] [url_filter] [DEBUG] url_filter strategy get no url types
[2017-06-21 09:56:58] [url_filter] [DEBUG] GET URLS By Types
[2017-06-21 09:56:58] [url_filter] [DEBUG] NO url types to query m_tburlgroup
[2017-06-21 09:56:58] [url_filter] [DEBUG] urls_map: {} groupname_map: {}
[2017-06-21 09:56:58] [url_filter] [DEBUG] url filter strategy end
[2017-06-21 09:56:58] [url_filter] [DEBUG] url list filter start
[2017-06-21 09:56:58] [url_filter] [WARNING] no data in list to filter
[2017-06-21 09:56:58] [url_filter] [DEBUG] url type:[]
[2017-06-21 09:56:58] [url_filter] [WARNING] no type setting
[2017-06-21 09:56:58] [url_filter] [DEBUG] GET URLS By Types
[2017-06-21 09:56:58] [url_filter] [DEBUG] NO url types to query m_tburlgroup
[2017-06-21 09:56:58] [url_filter] [DEBUG] url list filter end
[2017-06-21 09:56:58] [url_filter] [DEBUG] url list filter start
[2017-06-21 09:56:58] [url_filter] [WARNING] no data in list to filter
[2017-06-21 09:56:58] [url_filter] [DEBUG] url type:[]
[2017-06-21 09:56:58] [url_filter] [WARNING] no type setting
[2017-06-21 09:56:58] [url_filter] [DEBUG] GET URLS By Types
[2017-06-21 09:56:58] [url_filter] [DEBUG] NO url types to query m_tburlgroup
[2017-06-21 09:56:58] [url_filter] [DEBUG] url list filter end
[2017-06-21 10:08:41] [url_filter] [DEBUG] url filter strategy start
[2017-06-21 10:08:41] [url_filter] [DEBUG] url_filter strategy get no url types
[2017-06-21 10:08:41] [url_filter] [DEBUG] GET URLS By Types
[2017-06-21 10:08:41] [url_filter] [DEBUG] NO url types to query m_tburlgroup
[2017-06-21 10:08:41] [url_filter] [DEBUG] urls_map: {} groupname_map: {}
[2017-06-21 10:08:41] [url_filter] [DEBUG] url filter strategy end
[2017-06-21 10:08:41] [url_filter] [DEBUG] url list filter start
[2017-06-21 10:08:41] [url_filter] [WARNING] no data in list to filter
[2017-06-21 10:08:41] [url_filter] [DEBUG] url type:[]
[2017-06-21 10:08:41] [url_filter] [WARNING] no type setting
[2017-06-21 10:08:41] [url_filter] [DEBUG] GET URLS By Types
[2017-06-21 10:08:41] [url_filter] [DEBUG] NO url types to query m_tburlgroup
[2017-06-21 10:08:41] [url_filter] [DEBUG] url list filter end
[2017-06-21 10:08:41] [url_filter] [DEBUG] url list filter start
[2017-06-21 10:08:41] [url_filter] [WARNING] no data in list to filter
[2017-06-21 10:08:41] [url_filter] [DEBUG] url type:[]
[2017-06-21 10:08:41] [url_filter] [WARNING] no type setting
[2017-06-21 10:08:41] [url_filter] [DEBUG] GET URLS By Types
[2017-06-21 10:08:41] [url_filter] [DEBUG] NO url types to query m_tburlgroup
[2017-06-21 10:08:41] [url_filter] [DEBUG] url list filter end
[2017-06-21 10:54:06] [url_filter] [DEBUG] url filter strategy start
[2017-06-21 10:54:06] [url_filter] [DEBUG] url_filter strategy get no url types
[2017-06-21 10:54:06] [url_filter] [DEBUG] GET URLS By Types
[2017-06-21 10:54:06] [url_filter] [DEBUG] NO url types to query m_tburlgroup
[2017-06-21 10:54:06] [url_filter] [DEBUG] urls_map: {} groupname_map: {}
[2017-06-21 10:54:06] [url_filter] [DEBUG] url filter strategy end
[2017-06-21 10:54:06] [url_filter] [DEBUG] url list filter start
[2017-06-21 10:54:06] [url_filter] [WARNING] no data in list to filter
[2017-06-21 10:54:06] [url_filter] [DEBUG] url type:[]
[2017-06-21 10:54:06] [url_filter] [WARNING] no type setting
[2017-06-21 10:54:06] [url_filter] [DEBUG] GET URLS By Types
[2017-06-21 10:54:06] [url_filter] [DEBUG] NO url types to query m_tburlgroup
[2017-06-21 10:54:06] [url_filter] [DEBUG] url list filter end
[2017-06-21 10:54:06] [url_filter] [DEBUG] url list filter start
[2017-06-21 10:54:06] [url_filter] [WARNING] no data in list to filter
[2017-06-21 10:54:06] [url_filter] [DEBUG] url type:[]
[2017-06-21 10:54:06] [url_filter] [WARNING] no type setting
[2017-06-21 10:54:06] [url_filter] [DEBUG] GET URLS By Types
[2017-06-21 10:54:06] [url_filter] [DEBUG] NO url types to query m_tburlgroup
[2017-06-21 10:54:06] [url_filter] [DEBUG] url list filter end
[2017-06-21 10:59:22] [url_filter] [DEBUG] url filter strategy start
[2017-06-21 10:59:22] [url_filter] [DEBUG] url_filter strategy get no url types
[2017-06-21 10:59:22] [url_filter] [DEBUG] GET URLS By Types
[2017-06-21 10:59:22] [url_filter] [DEBUG] NO url types to query m_tburlgroup
[2017-06-21 10:59:22] [url_filter] [DEBUG] urls_map: {} groupname_map: {}
[2017-06-21 10:59:22] [url_filter] [DEBUG] url filter strategy end
[2017-06-21 10:59:22] [url_filter] [DEBUG] url list filter start
[2017-06-21 10:59:22] [url_filter] [WARNING] no data in list to filter
[2017-06-21 10:59:22] [url_filter] [DEBUG] url type:[]
[2017-06-21 10:59:22] [url_filter] [WARNING] no type setting
[2017-06-21 10:59:22] [url_filter] [DEBUG] GET URLS By Types
[2017-06-21 10:59:22] [url_filter] [DEBUG] NO url types to query m_tburlgroup
[2017-06-21 10:59:22] [url_filter] [DEBUG] url list filter end
[2017-06-21 10:59:22] [url_filter] [DEBUG] url list filter start
[2017-06-21 10:59:22] [url_filter] [WARNING] no data in list to filter
[2017-06-21 10:59:22] [url_filter] [DEBUG] url type:[]
[2017-06-21 10:59:22] [url_filter] [WARNING] no type setting
[2017-06-21 10:59:22] [url_filter] [DEBUG] GET URLS By Types
[2017-06-21 10:59:22] [url_filter] [DEBUG] NO url types to query m_tburlgroup
[2017-06-21 10:59:22] [url_filter] [DEBUG] url list filter end
[2017-06-26 17:15:07] [url_filter] [DEBUG] url filter strategy start
[2017-06-26 17:15:07] [url_filter] [DEBUG] url_filter strategy get no url types
[2017-06-26 17:15:07] [url_filter] [DEBUG] GET URLS By Types
[2017-06-26 17:15:07] [url_filter] [DEBUG] NO url types to query m_tburlgroup
[2017-06-26 17:15:07] [url_filter] [DEBUG] urls_map: {} groupname_map: {}
[2017-06-26 17:15:07] [url_filter] [DEBUG] url filter strategy end
[2017-06-26 17:15:07] [url_filter] [DEBUG] url list filter start
[2017-06-26 17:15:07] [url_filter] [WARNING] no data in list to filter
[2017-06-26 17:15:07] [url_filter] [DEBUG] url type:[]
[2017-06-26 17:15:07] [url_filter] [WARNING] no type setting
[2017-06-26 17:15:07] [url_filter] [DEBUG] GET URLS By Types
[2017-06-26 17:15:07] [url_filter] [DEBUG] NO url types to query m_tburlgroup
[2017-06-26 17:15:07] [url_filter] [DEBUG] url list filter end
[2017-06-26 17:15:07] [url_filter] [DEBUG] url list filter start
[2017-06-26 17:15:07] [url_filter] [WARNING] no data in list to filter
[2017-06-26 17:15:07] [url_filter] [DEBUG] url type:[]
[2017-06-26 17:15:07] [url_filter] [WARNING] no type setting
[2017-06-26 17:15:07] [url_filter] [DEBUG] GET URLS By Types
[2017-06-26 17:15:07] [url_filter] [DEBUG] NO url types to query m_tburlgroup
[2017-06-26 17:15:07] [url_filter] [DEBUG] url list filter end
[2017-06-26 17:54:09] [url_filter] [DEBUG] url filter strategy start
[2017-06-26 17:54:10] [url_filter] [DEBUG] url_filter strategy get no url types
[2017-06-26 17:54:10] [url_filter] [DEBUG] GET URLS By Types
[2017-06-26 17:54:10] [url_filter] [DEBUG] NO url types to query m_tburlgroup
[2017-06-26 17:54:10] [url_filter] [DEBUG] urls_map: {} groupname_map: {}
[2017-06-26 17:54:10] [url_filter] [DEBUG] url filter strategy end
[2017-06-26 17:54:10] [url_filter] [DEBUG] url list filter start
[2017-06-26 17:54:10] [url_filter] [WARNING] no data in list to filter
[2017-06-26 17:54:10] [url_filter] [DEBUG] url type:[]
[2017-06-26 17:54:10] [url_filter] [WARNING] no type setting
[2017-06-26 17:54:10] [url_filter] [DEBUG] GET URLS By Types
[2017-06-26 17:54:10] [url_filter] [DEBUG] NO url types to query m_tburlgroup
[2017-06-26 17:54:10] [url_filter] [DEBUG] url list filter end
[2017-06-26 17:54:10] [url_filter] [DEBUG] url list filter start
[2017-06-26 17:54:10] [url_filter] [WARNING] no data in list to filter
[2017-06-26 17:54:10] [url_filter] [DEBUG] url type:[]
[2017-06-26 17:54:10] [url_filter] [WARNING] no type setting
[2017-06-26 17:54:10] [url_filter] [DEBUG] GET URLS By Types
[2017-06-26 17:54:10] [url_filter] [DEBUG] NO url types to query m_tburlgroup
[2017-06-26 17:54:10] [url_filter] [DEBUG] url list filter end
[2017-07-13 10:08:45] [url_filter] [DEBUG] url filter strategy start
[2017-07-13 10:08:45] [url_filter] [DEBUG] url_filter strategy get no url types
[2017-07-13 10:08:45] [url_filter] [DEBUG] GET URLS By Types
[2017-07-13 10:08:45] [url_filter] [DEBUG] NO url types to query m_tburlgroup
[2017-07-13 10:08:45] [url_filter] [DEBUG] urls_map: {} groupname_map: {}
[2017-07-13 10:08:45] [url_filter] [DEBUG] url filter strategy end
[2017-07-13 10:08:46] [url_filter] [DEBUG] url list filter start
[2017-07-13 10:08:46] [url_filter] [WARNING] no data in list to filter
[2017-07-13 10:08:46] [url_filter] [DEBUG] url type:[]
[2017-07-13 10:08:46] [url_filter] [WARNING] no type setting
[2017-07-13 10:08:46] [url_filter] [DEBUG] GET URLS By Types
[2017-07-13 10:08:46] [url_filter] [DEBUG] NO url types to query m_tburlgroup
[2017-07-13 10:08:46] [url_filter] [DEBUG] url list filter end
[2017-07-13 10:08:46] [url_filter] [DEBUG] url list filter start
[2017-07-13 10:08:46] [url_filter] [WARNING] no data in list to filter
[2017-07-13 10:08:46] [url_filter] [DEBUG] url type:[]
[2017-07-13 10:08:46] [url_filter] [WARNING] no type setting
[2017-07-13 10:08:46] [url_filter] [DEBUG] GET URLS By Types
[2017-07-13 10:08:46] [url_filter] [DEBUG] NO url types to query m_tburlgroup
[2017-07-13 10:08:46] [url_filter] [DEBUG] url list filter end
[2017-07-13 11:03:24] [url_filter] [DEBUG] url filter strategy start
[2017-07-13 11:03:24] [url_filter] [DEBUG] url_filter strategy get no url types
[2017-07-13 11:03:24] [url_filter] [DEBUG] GET URLS By Types
[2017-07-13 11:03:24] [url_filter] [DEBUG] NO url types to query m_tburlgroup
[2017-07-13 11:03:24] [url_filter] [DEBUG] urls_map: {} groupname_map: {}
[2017-07-13 11:03:24] [url_filter] [DEBUG] url filter strategy end
[2017-07-13 11:03:24] [url_filter] [DEBUG] url list filter start
[2017-07-13 11:03:24] [url_filter] [WARNING] no data in list to filter
[2017-07-13 11:03:24] [url_filter] [DEBUG] url type:[]
[2017-07-13 11:03:24] [url_filter] [WARNING] no type setting
[2017-07-13 11:03:24] [url_filter] [DEBUG] GET URLS By Types
[2017-07-13 11:03:24] [url_filter] [DEBUG] NO url types to query m_tburlgroup
[2017-07-13 11:03:24] [url_filter] [DEBUG] url list filter end
[2017-07-13 11:03:24] [url_filter] [DEBUG] url list filter start
[2017-07-13 11:03:24] [url_filter] [WARNING] no data in list to filter
[2017-07-13 11:03:24] [url_filter] [DEBUG] url type:[]
[2017-07-13 11:03:24] [url_filter] [WARNING] no type setting
[2017-07-13 11:03:24] [url_filter] [DEBUG] GET URLS By Types
[2017-07-13 11:03:24] [url_filter] [DEBUG] NO url types to query m_tburlgroup
[2017-07-13 11:03:24] [url_filter] [DEBUG] url list filter end
[2017-07-13 13:39:55] [url_filter] [DEBUG] url filter strategy start
[2017-07-13 13:39:55] [url_filter] [DEBUG] url_filter strategy get no url types
[2017-07-13 13:39:55] [url_filter] [DEBUG] GET URLS By Types
[2017-07-13 13:39:55] [url_filter] [DEBUG] NO url types to query m_tburlgroup
[2017-07-13 13:39:55] [url_filter] [DEBUG] urls_map: {} groupname_map: {}
[2017-07-13 13:39:55] [url_filter] [DEBUG] url filter strategy end
[2017-07-13 13:39:55] [url_filter] [DEBUG] url list filter start
[2017-07-13 13:39:55] [url_filter] [WARNING] no data in list to filter
[2017-07-13 13:39:55] [url_filter] [DEBUG] url type:[]
[2017-07-13 13:39:55] [url_filter] [WARNING] no type setting
[2017-07-13 13:39:55] [url_filter] [DEBUG] GET URLS By Types
[2017-07-13 13:39:55] [url_filter] [DEBUG] NO url types to query m_tburlgroup
[2017-07-13 13:39:55] [url_filter] [DEBUG] url list filter end
[2017-07-13 13:39:55] [url_filter] [DEBUG] url list filter start
[2017-07-13 13:39:55] [url_filter] [WARNING] no data in list to filter
[2017-07-13 13:39:55] [url_filter] [DEBUG] url type:[]
[2017-07-13 13:39:55] [url_filter] [WARNING] no type setting
[2017-07-13 13:39:55] [url_filter] [DEBUG] GET URLS By Types
[2017-07-13 13:39:55] [url_filter] [DEBUG] NO url types to query m_tburlgroup
[2017-07-13 13:39:55] [url_filter] [DEBUG] url list filter end
[2017-07-14 09:19:56] [url_filter] [DEBUG] url filter strategy start
[2017-07-14 09:19:56] [url_filter] [DEBUG] url_filter strategy get no url types
[2017-07-14 09:19:56] [url_filter] [DEBUG] GET URLS By Types
[2017-07-14 09:19:56] [url_filter] [DEBUG] NO url types to query m_tburlgroup
[2017-07-14 09:19:56] [url_filter] [DEBUG] urls_map: {} groupname_map: {}
[2017-07-14 09:19:56] [url_filter] [DEBUG] url filter strategy end
[2017-07-14 09:19:56] [url_filter] [DEBUG] url list filter start
[2017-07-14 09:19:56] [url_filter] [WARNING] no data in list to filter
[2017-07-14 09:19:56] [url_filter] [DEBUG] url type:[]
[2017-07-14 09:19:56] [url_filter] [WARNING] no type setting
[2017-07-14 09:19:56] [url_filter] [DEBUG] GET URLS By Types
[2017-07-14 09:19:56] [url_filter] [DEBUG] NO url types to query m_tburlgroup
[2017-07-14 09:19:56] [url_filter] [DEBUG] url list filter end
[2017-07-14 09:19:56] [url_filter] [DEBUG] url list filter start
[2017-07-14 09:19:56] [url_filter] [WARNING] no data in list to filter
[2017-07-14 09:19:56] [url_filter] [DEBUG] url type:[]
[2017-07-14 09:19:56] [url_filter] [WARNING] no type setting
[2017-07-14 09:19:56] [url_filter] [DEBUG] GET URLS By Types
[2017-07-14 09:19:56] [url_filter] [DEBUG] NO url types to query m_tburlgroup
[2017-07-14 09:19:56] [url_filter] [DEBUG] url list filter end
[2017-07-14 11:03:04] [url_filter] [DEBUG] url filter strategy start
[2017-07-14 11:03:04] [url_filter] [DEBUG] url_filter strategy get no url types
[2017-07-14 11:03:04] [url_filter] [DEBUG] GET URLS By Types
[2017-07-14 11:03:04] [url_filter] [DEBUG] NO url types to query m_tburlgroup
[2017-07-14 11:03:04] [url_filter] [DEBUG] urls_map: {} groupname_map: {}
[2017-07-14 11:03:04] [url_filter] [DEBUG] url filter strategy end
[2017-07-14 11:03:04] [url_filter] [DEBUG] url list filter start
[2017-07-14 11:03:04] [url_filter] [WARNING] no data in list to filter
[2017-07-14 11:03:04] [url_filter] [DEBUG] url type:[]
[2017-07-14 11:03:04] [url_filter] [WARNING] no type setting
[2017-07-14 11:03:04] [url_filter] [DEBUG] GET URLS By Types
[2017-07-14 11:03:04] [url_filter] [DEBUG] NO url types to query m_tburlgroup
[2017-07-14 11:03:04] [url_filter] [DEBUG] url list filter end
[2017-07-14 11:03:04] [url_filter] [DEBUG] url list filter start
[2017-07-14 11:03:04] [url_filter] [WARNING] no data in list to filter
[2017-07-14 11:03:04] [url_filter] [DEBUG] url type:[]
[2017-07-14 11:03:04] [url_filter] [WARNING] no type setting
[2017-07-14 11:03:04] [url_filter] [DEBUG] GET URLS By Types
[2017-07-14 11:03:04] [url_filter] [DEBUG] NO url types to query m_tburlgroup
[2017-07-14 11:03:04] [url_filter] [DEBUG] url list filter end
